DEBUG [IRLogger.cpp:105] @ 0.0002105s :***************************************************
DEBUG [IRLogger.cpp:106] @ 0.0002617s :* IRImagerDirect SDK                              *
DEBUG [IRLogger.cpp:107] @ 0.0002752s :***************************************************
DEBUG [IRLogger.cpp:113] @ 0.0002868s :* Native Machine:      AMD64
DEBUG [IRLogger.cpp:114] @ 0.0002974s :* Machine:             AMD64
DEBUG [IRLogger.cpp:116] @ 0.0003146s :* OS:                  Windows 10 0 26100
DEBUG [IRLogger.cpp:123] @ 0.0003237s :***************************************************
DEBUG [IRDeviceParams.cpp:204] @ 0.0030721s :Parameters
DEBUG [IRDeviceParams.cpp:205] @ 0.0031817s :serial: 0
DEBUG [IRDeviceParams.cpp:206] @ 0.0033473s :videoformatindex: 0
DEBUG [IRDeviceParams.cpp:207] @ 0.0034901s :fov: 0
DEBUG [IRDeviceParams.cpp:208] @ 0.0034987s :optics_text: 0000000000000000
DEBUG [IRDeviceParams.cpp:209] @ 0.0035071s :formatspath: 00000173BCB965E0
DEBUG [IRDeviceParams.cpp:210] @ 0.0035132s :calipath: 0000000000000000
DEBUG [IRDeviceParams.cpp:211] @ 0.0035189s :temperature min: 0
DEBUG [IRDeviceParams.cpp:212] @ 0.0035244s :temperature max: 0
DEBUG [IRDeviceParams.cpp:213] @ 0.0035334s :framerate: 32
DEBUG [IRDeviceParams.cpp:214] @ 0.0035388s :bispectral: 0
DEBUG [IRDeviceParams.cpp:215] @ 0.0035444s :flag automatic: 1
DEBUG [IRDeviceParams.cpp:216] @ 0.0035506s :min interval: 15
DEBUG [IRDeviceParams.cpp:217] @ 0.0035563s :max interval: 0
DEBUG [IRDeviceParams.cpp:218] @ 0.0035616s :chip heating mode: 0
DEBUG [IRDeviceParams.cpp:219] @ 0.0035675s :chip heating fixed val: 40
DEBUG [IRDeviceParams.cpp:220] @ 0.0035742s :focus:  -1
DEBUG [IRDeviceParams.cpp:221] @ 0.0035803s :enable extended temp range: 0
DEBUG [IRDeviceParams.cpp:222] @ 0.0036514s :buffer queue size: 5
DEBUG [IRDeviceParams.cpp:223] @ 0.0036939s :enable high precision: 0
DEBUG [IRDeviceParams.cpp:224] @ 0.0037146s :radialDistortionCorrectionMode: 0
DEBUG [IRDeviceParams.cpp:225] @ 0.0037211s :deviceAPI: 0
DEBUG [IRDeviceParams.cpp:226] @ 0.003727s :useExternalProbeForReferencing: 0
DEBUG [IRDeviceParams.cpp:227] @ 0.0037385s :enableMultiThreading: 0
DEBUG [IRDeviceParams.cpp:232] @ 0.0037468s :ethernetDevice.deviceIpAddress: 0.0.0.0
DEBUG [IRDeviceParams.cpp:233] @ 0.0037651s :ethernetDevice.localUdpPort: 0
DEBUG [IRDeviceParams.cpp:234] @ 0.003772s :ethernetDevice.checkUdpSenderIp: 1
DEBUG [Cali.cpp:89] @ 0.301845s :Calibration directory path: C:\Users\lucas\AppData\Roaming\Imager\Cali
DEBUG [Cali.cpp:90] @ 0.301873s :Calibration file name: Cali-24024181.xml
DEBUG [Cali.cpp:100] @ 0.302099s :Calibration data A: 1450 B:400 C:4095 D:1000
INFO [IRImager.cpp:266] @ 0.304769s :Init thermal imager to 24024181 with size: 382x290@27 Hz
DEBUG [Cali.cpp:89] @ 0.304983s :Calibration directory path: C:\Users\lucas\AppData\Roaming\Imager\Cali
DEBUG [Cali.cpp:90] @ 0.304993s :Calibration file name: Cali-24024181.xml
DEBUG [Cali.cpp:100] @ 0.305177s :Calibration data A: 1450 B:400 C:4095 D:1000
DEBUG [Cali.cpp:89] @ 0.307879s :Calibration directory path: C:\Users\lucas\AppData\Roaming\Imager\Cali
DEBUG [Cali.cpp:90] @ 0.307901s :Calibration file name: Cali-24024181.xml
DEBUG [Cali.cpp:100] @ 0.308092s :Calibration data A: 1450 B:400 C:4095 D:1000
DEBUG [IRImager.cpp:300] @ 0.308138s :No temperature range configuration specified. Setting default values tMin: -20 , tMax: 100
DEBUG [IRImager.cpp:374] @ 0.308372s :Using HID control interface
DEBUG [IRImager.cpp:414] @ 0.48679s :Initialized HID control interface to device with HW:3401 FW:3447
DEBUG [IRImager.cpp:435] @ 0.486823s :Frameconfig - width(in): 382, height(in): 290, interval: 370370, max framerate: 27, HW interval: 0.037037
DEBUG [Cali.cpp:89] @ 0.486836s :Calibration directory path: C:\Users\lucas\AppData\Roaming\Imager\Cali
DEBUG [Cali.cpp:90] @ 0.486842s :Calibration file name: Cali-24024181.xml
DEBUG [Cali.cpp:100] @ 0.487124s :Calibration data A: 1450 B:400 C:4095 D:1000
DEBUG [ImageProcessing.cpp:200] @ 0.49152s :Source buffer size: 221560 Width: 382 Height: 290
DEBUG [ImageProcessing.cpp:121] @ 0.543679s :Source buffer size: 221560 Width: 382 Height: 290
DEBUG [OpSource.cpp:347] @ 0.545338s :Using formats path: .\Formats.def
DEBUG [OpSource.cpp:598] @ 0.545645s :Format found with size: 382
DEBUG [IRImager.cpp:841] @ 0.54608s :Caught onFrameInit with size: 382x288
DEBUG [OpSource.cpp:347] @ 0.547223s :Using formats path: .\Formats.def
DEBUG [OpSource.cpp:598] @ 0.547374s :Format found with size: 382
DEBUG [OpSource.cpp:347] @ 0.547419s :Using formats path: .\Formats.def
DEBUG [OpCorr.cpp:467] @ 0.54961s :Read cali: C:\Users\lucas\AppData\Roaming\Imager\Cali\Cali-24024181-18-M20-100.dat
DEBUG [OpCorr.cpp:557] @ 0.549652s :Read calibration of camera no 24024181, # of fields: 6 , start of fields: 40
DEBUG [ImageProcessing.cpp:1108] @ 0.84037s :Update flag temperature: 31.5625
DEBUG [ImageProcessing.cpp:1111] @ 0.842883s :Update box temperature: 30.8125
DEBUG [Cali.cpp:641] @ 0.842932s :Calibration file path: 00000173BD8F3804/0000006D0DFED260.xml
DEBUG [SimpleXML.cpp:238] @ 0.84307s :Failed to open file C:\Users\lucas\AppData\Roaming\Imager\Cali\CaliExt-24024181.xml
DEBUG [IRImager.cpp:547] @ 0.869323s :Chip heating disabled
DEBUG [IRImager.cpp:1363] @ 0.890904s :Set focusmotor position to 50%
DEBUG [IRImager.cpp:1107] @ 1.00715s :Start flag calibration
