DEBUG [IRLogger.cpp:105] @ 0.0029664s :***************************************************
DEBUG [IRLogger.cpp:106] @ 0.0030654s :* IRImagerDirect SDK                              *
DEBUG [IRLogger.cpp:107] @ 0.0030816s :***************************************************
DEBUG [IRLogger.cpp:113] @ 0.003094s :* Native Machine:      AMD64
DEBUG [IRLogger.cpp:114] @ 0.0031047s :* Machine:             AMD64
DEBUG [IRLogger.cpp:116] @ 0.0031233s :* OS:                  Windows 10 0 26100
DEBUG [IRLogger.cpp:123] @ 0.0031327s :***************************************************
DEBUG [IRDeviceParams.cpp:204] @ 0.0035033s :Parameters
DEBUG [IRDeviceParams.cpp:205] @ 0.0035143s :serial: 0
DEBUG [IRDeviceParams.cpp:206] @ 0.0035205s :videoformatindex: 0
DEBUG [IRDeviceParams.cpp:207] @ 0.0035264s :fov: 0
DEBUG [IRDeviceParams.cpp:208] @ 0.0035321s :optics_text: 0000000000000000
DEBUG [IRDeviceParams.cpp:209] @ 0.0035379s :formatspath: 00000269B1F2EFD0
DEBUG [IRDeviceParams.cpp:210] @ 0.0035437s :calipath: 0000000000000000
DEBUG [IRDeviceParams.cpp:211] @ 0.0035491s :temperature min: 0
DEBUG [IRDeviceParams.cpp:212] @ 0.0035548s :temperature max: 0
DEBUG [IRDeviceParams.cpp:213] @ 0.0035626s :framerate: 32
DEBUG [IRDeviceParams.cpp:214] @ 0.0035682s :bispectral: 0
DEBUG [IRDeviceParams.cpp:215] @ 0.0035734s :flag automatic: 1
DEBUG [IRDeviceParams.cpp:216] @ 0.003579s :min interval: 15
DEBUG [IRDeviceParams.cpp:217] @ 0.0035848s :max interval: 0
DEBUG [IRDeviceParams.cpp:218] @ 0.00359s :chip heating mode: 0
DEBUG [IRDeviceParams.cpp:219] @ 0.0035956s :chip heating fixed val: 40
DEBUG [IRDeviceParams.cpp:220] @ 0.0036018s :focus:  -1
DEBUG [IRDeviceParams.cpp:221] @ 0.003607s :enable extended temp range: 0
DEBUG [IRDeviceParams.cpp:222] @ 0.0036125s :buffer queue size: 5
DEBUG [IRDeviceParams.cpp:223] @ 0.0036179s :enable high precision: 0
DEBUG [IRDeviceParams.cpp:224] @ 0.0036232s :radialDistortionCorrectionMode: 0
DEBUG [IRDeviceParams.cpp:225] @ 0.0036285s :deviceAPI: 0
DEBUG [IRDeviceParams.cpp:226] @ 0.0036338s :useExternalProbeForReferencing: 0
DEBUG [IRDeviceParams.cpp:227] @ 0.0036392s :enableMultiThreading: 0
DEBUG [IRDeviceParams.cpp:232] @ 0.003645s :ethernetDevice.deviceIpAddress: 0.0.0.0
DEBUG [IRDeviceParams.cpp:233] @ 0.0036502s :ethernetDevice.localUdpPort: 0
DEBUG [IRDeviceParams.cpp:234] @ 0.0036555s :ethernetDevice.checkUdpSenderIp: 1
DEBUG [Cali.cpp:89] @ 0.307934s :Calibration directory path: C:\Users\lucas\AppData\Roaming\Imager\Cali
DEBUG [Cali.cpp:90] @ 0.307959s :Calibration file name: Cali-24024181.xml
DEBUG [Cali.cpp:100] @ 0.308191s :Calibration data A: 1450 B:400 C:4095 D:1000
INFO [IRImager.cpp:266] @ 0.310797s :Init thermal imager to 24024181 with size: 382x290@27 Hz
DEBUG [Cali.cpp:89] @ 0.310999s :Calibration directory path: C:\Users\lucas\AppData\Roaming\Imager\Cali
DEBUG [Cali.cpp:90] @ 0.311008s :Calibration file name: Cali-24024181.xml
DEBUG [Cali.cpp:100] @ 0.311187s :Calibration data A: 1450 B:400 C:4095 D:1000
DEBUG [Cali.cpp:89] @ 0.313552s :Calibration directory path: C:\Users\lucas\AppData\Roaming\Imager\Cali
DEBUG [Cali.cpp:90] @ 0.313566s :Calibration file name: Cali-24024181.xml
DEBUG [Cali.cpp:100] @ 0.313762s :Calibration data A: 1450 B:400 C:4095 D:1000
DEBUG [IRImager.cpp:300] @ 0.313815s :No temperature range configuration specified. Setting default values tMin: -20 , tMax: 100
DEBUG [IRImager.cpp:374] @ 0.314049s :Using HID control interface
DEBUG [IRImager.cpp:414] @ 0.49125s :Initialized HID control interface to device with HW:3401 FW:3447
DEBUG [IRImager.cpp:435] @ 0.491374s :Frameconfig - width(in): 382, height(in): 290, interval: 370370, max framerate: 27, HW interval: 0.037037
DEBUG [Cali.cpp:89] @ 0.491419s :Calibration directory path: C:\Users\lucas\AppData\Roaming\Imager\Cali
DEBUG [Cali.cpp:90] @ 0.491447s :Calibration file name: Cali-24024181.xml
DEBUG [Cali.cpp:100] @ 0.492744s :Calibration data A: 1450 B:400 C:4095 D:1000
DEBUG [ImageProcessing.cpp:200] @ 0.497481s :Source buffer size: 221560 Width: 382 Height: 290
DEBUG [ImageProcessing.cpp:121] @ 0.555593s :Source buffer size: 221560 Width: 382 Height: 290
DEBUG [OpSource.cpp:347] @ 0.559718s :Using formats path: .\Formats.def
DEBUG [OpSource.cpp:598] @ 0.560131s :Format found with size: 382
DEBUG [IRImager.cpp:841] @ 0.560616s :Caught onFrameInit with size: 382x288
DEBUG [OpSource.cpp:347] @ 0.562087s :Using formats path: .\Formats.def
DEBUG [OpSource.cpp:598] @ 0.562385s :Format found with size: 382
DEBUG [OpSource.cpp:347] @ 0.562491s :Using formats path: .\Formats.def
DEBUG [OpCorr.cpp:467] @ 0.565354s :Read cali: C:\Users\lucas\AppData\Roaming\Imager\Cali\Cali-24024181-18-M20-100.dat
DEBUG [OpCorr.cpp:557] @ 0.565527s :Read calibration of camera no 24024181, # of fields: 6 , start of fields: 40
DEBUG [ImageProcessing.cpp:1108] @ 0.864905s :Update flag temperature: 32.5625
DEBUG [ImageProcessing.cpp:1111] @ 0.866825s :Update box temperature: 31.8125
DEBUG [Cali.cpp:641] @ 0.866857s :Calibration file path: 00000269B2A30B74/000000D2D4DED300.xml
DEBUG [SimpleXML.cpp:238] @ 0.866968s :Failed to open file C:\Users\lucas\AppData\Roaming\Imager\Cali\CaliExt-24024181.xml
DEBUG [IRImager.cpp:547] @ 0.881322s :Chip heating disabled
DEBUG [IRImager.cpp:1363] @ 0.901831s :Set focusmotor position to 50%
DEBUG [IRImager.cpp:1107] @ 1.01686s :Start flag calibration
DEBUG [OpFlag.cpp:591] @ 11.9441s :SkimDiff: -29 Adjust: -5787 State: 1 EMax: 5726 Emin: -2383
DEBUG [ImageProcessing.cpp:526] @ 11.9571s :Skim_Adjust 2213
DEBUG [IRImager.cpp:1121] @ 12.4267s :Finished startup calibration
DEBUG [IRImager.cpp:1172] @ 26.5369s :Automatic control of shutter flag
DEBUG [OpFlag.cpp:591] @ 27.0162s :SkimDiff: -28 Adjust: -5454 State: 3 EMax: 8473 Emin: -2345
DEBUG [ImageProcessing.cpp:526] @ 27.0293s :Skim_Adjust 2185
DEBUG [IRImager.cpp:662] @ 29.1637s :Release imager
DEBUG [BaseControlDevice.cpp:26] @ 29.2036s :Base destructor called
DEBUG [IRImager.cpp:669] @ 29.2036s :Delete image processing
DEBUG [IRImager.cpp:676] @ 29.2198s :Delete buffer
DEBUG [IRImager.cpp:684] @ 29.2199s :Delete source buffer
DEBUG [IRImager.cpp:691] @ 29.2199s :Delete buffer (energy)
DEBUG [IRImager.cpp:698] @ 29.22s :Delete timer
DEBUG [IRImager.cpp:704] @ 29.22s :Delete manual timer
