DEBUG [IRLogger.cpp:105] @ 0.0001894s :***************************************************
DEBUG [IRLogger.cpp:106] @ 0.0002441s :* IRImagerDirect SDK                              *
DEBUG [IRLogger.cpp:107] @ 0.0002859s :***************************************************
DEBUG [IRLogger.cpp:113] @ 0.0002994s :* Native Machine:      AMD64
DEBUG [IRLogger.cpp:114] @ 0.0003183s :* Machine:             AMD64
DEBUG [IRLogger.cpp:116] @ 0.000337s :* OS:                  Windows 10 0 26100
DEBUG [IRLogger.cpp:123] @ 0.000347s :***************************************************
DEBUG [IRDeviceParams.cpp:204] @ 0.0007574s :Parameters
DEBUG [IRDeviceParams.cpp:205] @ 0.0007694s :serial: 0
DEBUG [IRDeviceParams.cpp:206] @ 0.0007754s :videoformatindex: 0
DEBUG [IRDeviceParams.cpp:207] @ 0.0007815s :fov: 0
DEBUG [IRDeviceParams.cpp:208] @ 0.000788s :optics_text: 0000000000000000
DEBUG [IRDeviceParams.cpp:209] @ 0.0007946s :formatspath: 000002037FAB39A0
DEBUG [IRDeviceParams.cpp:210] @ 0.0008007s :calipath: 0000000000000000
DEBUG [IRDeviceParams.cpp:211] @ 0.0008064s :temperature min: 0
DEBUG [IRDeviceParams.cpp:212] @ 0.0008119s :temperature max: 0
DEBUG [IRDeviceParams.cpp:213] @ 0.0008197s :framerate: 32
DEBUG [IRDeviceParams.cpp:214] @ 0.0008256s :bispectral: 0
DEBUG [IRDeviceParams.cpp:215] @ 0.0008314s :flag automatic: 1
DEBUG [IRDeviceParams.cpp:216] @ 0.0008378s :min interval: 15
DEBUG [IRDeviceParams.cpp:217] @ 0.0008437s :max interval: 0
DEBUG [IRDeviceParams.cpp:218] @ 0.0008492s :chip heating mode: 0
DEBUG [IRDeviceParams.cpp:219] @ 0.0008553s :chip heating fixed val: 40
DEBUG [IRDeviceParams.cpp:220] @ 0.0008617s :focus:  -1
DEBUG [IRDeviceParams.cpp:221] @ 0.0008675s :enable extended temp range: 0
DEBUG [IRDeviceParams.cpp:222] @ 0.0008734s :buffer queue size: 5
DEBUG [IRDeviceParams.cpp:223] @ 0.000879s :enable high precision: 0
DEBUG [IRDeviceParams.cpp:224] @ 0.0008846s :radialDistortionCorrectionMode: 0
DEBUG [IRDeviceParams.cpp:225] @ 0.0008902s :deviceAPI: 0
DEBUG [IRDeviceParams.cpp:226] @ 0.0008958s :useExternalProbeForReferencing: 0
DEBUG [IRDeviceParams.cpp:227] @ 0.0009015s :enableMultiThreading: 0
DEBUG [IRDeviceParams.cpp:232] @ 0.0009077s :ethernetDevice.deviceIpAddress: 0.0.0.0
DEBUG [IRDeviceParams.cpp:233] @ 0.0009133s :ethernetDevice.localUdpPort: 0
DEBUG [IRDeviceParams.cpp:234] @ 0.0009189s :ethernetDevice.checkUdpSenderIp: 1
DEBUG [Cali.cpp:89] @ 0.321928s :Calibration directory path: C:\Users\lucas\AppData\Roaming\Imager\Cali
DEBUG [Cali.cpp:90] @ 0.321954s :Calibration file name: Cali-24024181.xml
DEBUG [Cali.cpp:100] @ 0.322163s :Calibration data A: 1450 B:400 C:4095 D:1000
INFO [IRImager.cpp:266] @ 0.324627s :Init thermal imager to 24024181 with size: 382x290@27 Hz
DEBUG [Cali.cpp:89] @ 0.324821s :Calibration directory path: C:\Users\lucas\AppData\Roaming\Imager\Cali
DEBUG [Cali.cpp:90] @ 0.324829s :Calibration file name: Cali-24024181.xml
DEBUG [Cali.cpp:100] @ 0.325015s :Calibration data A: 1450 B:400 C:4095 D:1000
DEBUG [Cali.cpp:89] @ 0.327112s :Calibration directory path: C:\Users\lucas\AppData\Roaming\Imager\Cali
DEBUG [Cali.cpp:90] @ 0.327125s :Calibration file name: Cali-24024181.xml
DEBUG [Cali.cpp:100] @ 0.327287s :Calibration data A: 1450 B:400 C:4095 D:1000
DEBUG [IRImager.cpp:300] @ 0.327332s :No temperature range configuration specified. Setting default values tMin: -20 , tMax: 100
DEBUG [IRImager.cpp:374] @ 0.327545s :Using HID control interface
DEBUG [IRImager.cpp:414] @ 0.50648s :Initialized HID control interface to device with HW:3401 FW:3447
DEBUG [IRImager.cpp:435] @ 0.50656s :Frameconfig - width(in): 382, height(in): 290, interval: 370370, max framerate: 27, HW interval: 0.037037
DEBUG [Cali.cpp:89] @ 0.506594s :Calibration directory path: C:\Users\lucas\AppData\Roaming\Imager\Cali
DEBUG [Cali.cpp:90] @ 0.506612s :Calibration file name: Cali-24024181.xml
DEBUG [Cali.cpp:100] @ 0.507337s :Calibration data A: 1450 B:400 C:4095 D:1000
DEBUG [ImageProcessing.cpp:200] @ 0.511774s :Source buffer size: 221560 Width: 382 Height: 290
DEBUG [ImageProcessing.cpp:121] @ 0.563475s :Source buffer size: 221560 Width: 382 Height: 290
DEBUG [OpSource.cpp:347] @ 0.565438s :Using formats path: .\Formats.def
DEBUG [OpSource.cpp:598] @ 0.56587s :Format found with size: 382
DEBUG [IRImager.cpp:841] @ 0.56643s :Caught onFrameInit with size: 382x288
DEBUG [OpSource.cpp:347] @ 0.567985s :Using formats path: .\Formats.def
DEBUG [OpSource.cpp:598] @ 0.568314s :Format found with size: 382
DEBUG [OpSource.cpp:347] @ 0.568433s :Using formats path: .\Formats.def
DEBUG [OpCorr.cpp:467] @ 0.571445s :Read cali: C:\Users\lucas\AppData\Roaming\Imager\Cali\Cali-24024181-18-M20-100.dat
DEBUG [OpCorr.cpp:557] @ 0.57171s :Read calibration of camera no 24024181, # of fields: 6 , start of fields: 40
DEBUG [ImageProcessing.cpp:1108] @ 0.868331s :Update flag temperature: 32.375
DEBUG [ImageProcessing.cpp:1111] @ 0.870387s :Update box temperature: 31.625
DEBUG [Cali.cpp:641] @ 0.870424s :Calibration file path: 00000203206674D4/000000FA7C5FCB70.xml
DEBUG [SimpleXML.cpp:238] @ 0.870563s :Failed to open file C:\Users\lucas\AppData\Roaming\Imager\Cali\CaliExt-24024181.xml
DEBUG [IRImager.cpp:547] @ 0.889597s :Chip heating disabled
DEBUG [IRImager.cpp:1363] @ 0.916731s :Set focusmotor position to 50%
DEBUG [IRImager.cpp:1107] @ 0.999107s :Start flag calibration
DEBUG [IRImager.cpp:662] @ 7.51433s :Release imager
DEBUG [BaseControlDevice.cpp:26] @ 7.55275s :Base destructor called
DEBUG [IRImager.cpp:669] @ 7.55281s :Delete image processing
DEBUG [IRImager.cpp:676] @ 7.56902s :Delete buffer
DEBUG [IRImager.cpp:684] @ 7.5691s :Delete source buffer
DEBUG [IRImager.cpp:691] @ 7.56912s :Delete buffer (energy)
DEBUG [IRImager.cpp:698] @ 7.56913s :Delete timer
DEBUG [IRImager.cpp:704] @ 7.56915s :Delete manual timer
