DEBUG [IRLogger.cpp:105] @ 0.0002358s :***************************************************
DEBUG [IRLogger.cpp:106] @ 0.0002954s :* IRImagerDirect SDK                              *
DEBUG [IRLogger.cpp:107] @ 0.0003097s :***************************************************
DEBUG [IRLogger.cpp:113] @ 0.0003214s :* Native Machine:      AMD64
DEBUG [IRLogger.cpp:114] @ 0.0003324s :* Machine:             AMD64
DEBUG [IRLogger.cpp:116] @ 0.0003498s :* OS:                  Windows 10 0 26100
DEBUG [IRLogger.cpp:123] @ 0.0003591s :***************************************************
DEBUG [IRDeviceParams.cpp:204] @ 0.001622s :Parameters
DEBUG [IRDeviceParams.cpp:205] @ 0.0016367s :serial: 0
DEBUG [IRDeviceParams.cpp:206] @ 0.0016434s :videoformatindex: 0
DEBUG [IRDeviceParams.cpp:207] @ 0.0016497s :fov: 0
DEBUG [IRDeviceParams.cpp:208] @ 0.0016561s :optics_text: 0000000000000000
DEBUG [IRDeviceParams.cpp:209] @ 0.0016622s :formatspath: 000002ABE35DD1B0
DEBUG [IRDeviceParams.cpp:210] @ 0.0016682s :calipath: 0000000000000000
DEBUG [IRDeviceParams.cpp:211] @ 0.0016741s :temperature min: 0
DEBUG [IRDeviceParams.cpp:212] @ 0.0016797s :temperature max: 0
DEBUG [IRDeviceParams.cpp:213] @ 0.0016874s :framerate: 32
DEBUG [IRDeviceParams.cpp:214] @ 0.0016933s :bispectral: 0
DEBUG [IRDeviceParams.cpp:215] @ 0.0016987s :flag automatic: 1
DEBUG [IRDeviceParams.cpp:216] @ 0.0017047s :min interval: 15
DEBUG [IRDeviceParams.cpp:217] @ 0.0017105s :max interval: 0
DEBUG [IRDeviceParams.cpp:218] @ 0.001716s :chip heating mode: 0
DEBUG [IRDeviceParams.cpp:219] @ 0.0017221s :chip heating fixed val: 40
DEBUG [IRDeviceParams.cpp:220] @ 0.0017284s :focus:  -1
DEBUG [IRDeviceParams.cpp:221] @ 0.0017344s :enable extended temp range: 0
DEBUG [IRDeviceParams.cpp:222] @ 0.0017404s :buffer queue size: 5
DEBUG [IRDeviceParams.cpp:223] @ 0.001746s :enable high precision: 0
DEBUG [IRDeviceParams.cpp:224] @ 0.0017517s :radialDistortionCorrectionMode: 0
DEBUG [IRDeviceParams.cpp:225] @ 0.0017573s :deviceAPI: 0
DEBUG [IRDeviceParams.cpp:226] @ 0.0017629s :useExternalProbeForReferencing: 0
DEBUG [IRDeviceParams.cpp:227] @ 0.0017684s :enableMultiThreading: 0
DEBUG [IRDeviceParams.cpp:232] @ 0.0017746s :ethernetDevice.deviceIpAddress: 0.0.0.0
DEBUG [IRDeviceParams.cpp:233] @ 0.0017805s :ethernetDevice.localUdpPort: 0
DEBUG [IRDeviceParams.cpp:234] @ 0.0017865s :ethernetDevice.checkUdpSenderIp: 1
DEBUG [Cali.cpp:89] @ 0.312757s :Calibration directory path: C:\Users\lucas\AppData\Roaming\Imager\Cali
DEBUG [Cali.cpp:90] @ 0.312789s :Calibration file name: Cali-24024181.xml
DEBUG [Cali.cpp:100] @ 0.31305s :Calibration data A: 1450 B:400 C:4095 D:1000
INFO [IRImager.cpp:266] @ 0.315881s :Init thermal imager to 24024181 with size: 382x290@27 Hz
DEBUG [Cali.cpp:89] @ 0.316102s :Calibration directory path: C:\Users\lucas\AppData\Roaming\Imager\Cali
DEBUG [Cali.cpp:90] @ 0.316113s :Calibration file name: Cali-24024181.xml
DEBUG [Cali.cpp:100] @ 0.316308s :Calibration data A: 1450 B:400 C:4095 D:1000
DEBUG [Cali.cpp:89] @ 0.319164s :Calibration directory path: C:\Users\lucas\AppData\Roaming\Imager\Cali
DEBUG [Cali.cpp:90] @ 0.319182s :Calibration file name: Cali-24024181.xml
DEBUG [Cali.cpp:100] @ 0.319421s :Calibration data A: 1450 B:400 C:4095 D:1000
DEBUG [IRImager.cpp:300] @ 0.319478s :No temperature range configuration specified. Setting default values tMin: -20 , tMax: 100
DEBUG [IRImager.cpp:374] @ 0.319716s :Using HID control interface
DEBUG [IRImager.cpp:414] @ 0.494743s :Initialized HID control interface to device with HW:3401 FW:3447
DEBUG [IRImager.cpp:435] @ 0.494781s :Frameconfig - width(in): 382, height(in): 290, interval: 370370, max framerate: 27, HW interval: 0.037037
DEBUG [Cali.cpp:89] @ 0.494794s :Calibration directory path: C:\Users\lucas\AppData\Roaming\Imager\Cali
DEBUG [Cali.cpp:90] @ 0.494801s :Calibration file name: Cali-24024181.xml
DEBUG [Cali.cpp:100] @ 0.495057s :Calibration data A: 1450 B:400 C:4095 D:1000
DEBUG [ImageProcessing.cpp:200] @ 0.499569s :Source buffer size: 221560 Width: 382 Height: 290
DEBUG [ImageProcessing.cpp:121] @ 0.554115s :Source buffer size: 221560 Width: 382 Height: 290
DEBUG [OpSource.cpp:347] @ 0.554846s :Using formats path: .\Formats.def
DEBUG [OpSource.cpp:598] @ 0.555051s :Format found with size: 382
DEBUG [IRImager.cpp:841] @ 0.55533s :Caught onFrameInit with size: 382x288
DEBUG [OpSource.cpp:347] @ 0.556267s :Using formats path: .\Formats.def
DEBUG [OpSource.cpp:598] @ 0.556409s :Format found with size: 382
DEBUG [OpSource.cpp:347] @ 0.556461s :Using formats path: .\Formats.def
DEBUG [OpCorr.cpp:467] @ 0.558856s :Read cali: C:\Users\lucas\AppData\Roaming\Imager\Cali\Cali-24024181-18-M20-100.dat
DEBUG [OpCorr.cpp:557] @ 0.558915s :Read calibration of camera no 24024181, # of fields: 6 , start of fields: 40
DEBUG [ImageProcessing.cpp:1108] @ 0.853664s :Update flag temperature: 31.5625
DEBUG [ImageProcessing.cpp:1111] @ 0.855654s :Update box temperature: 30.75
DEBUG [Cali.cpp:641] @ 0.855687s :Calibration file path: 000002ABE3FCF2D4/000000F6C9FED150.xml
DEBUG [SimpleXML.cpp:238] @ 0.855817s :Failed to open file C:\Users\lucas\AppData\Roaming\Imager\Cali\CaliExt-24024181.xml
DEBUG [IRImager.cpp:547] @ 0.866609s :Chip heating disabled
DEBUG [IRImager.cpp:1363] @ 0.8896s :Set focusmotor position to 80%
DEBUG [IRImager.cpp:1107] @ 0.988908s :Start flag calibration
DEBUG [OpFlag.cpp:591] @ 11.8996s :SkimDiff: -29 Adjust: -5691 State: 1 EMax: 5637 Emin: -2287
DEBUG [ImageProcessing.cpp:526] @ 11.9108s :Skim_Adjust 2213
DEBUG [IRImager.cpp:1121] @ 12.3962s :Finished startup calibration
DEBUG [IRImager.cpp:1172] @ 26.5405s :Automatic control of shutter flag
DEBUG [OpFlag.cpp:591] @ 26.9717s :SkimDiff: -28 Adjust: -5460 State: 3 EMax: 8359 Emin: -2242
DEBUG [ImageProcessing.cpp:526] @ 26.9829s :Skim_Adjust 2185
DEBUG [IRImager.cpp:662] @ 50.718s :Release imager
DEBUG [BaseControlDevice.cpp:26] @ 50.7493s :Base destructor called
DEBUG [IRImager.cpp:669] @ 50.7493s :Delete image processing
DEBUG [IRImager.cpp:676] @ 50.7637s :Delete buffer
DEBUG [IRImager.cpp:684] @ 50.7638s :Delete source buffer
DEBUG [IRImager.cpp:691] @ 50.7638s :Delete buffer (energy)
DEBUG [IRImager.cpp:698] @ 50.7638s :Delete timer
DEBUG [IRImager.cpp:704] @ 50.7641s :Delete manual timer
