DEBUG [IRLogger.cpp:105] @ 0.0001718s :***************************************************
DEBUG [IRLogger.cpp:106] @ 0.0002225s :* IRImagerDirect SDK                              *
DEBUG [IRLogger.cpp:107] @ 0.0002373s :***************************************************
DEBUG [IRLogger.cpp:113] @ 0.0002489s :* Native Machine:      AMD64
DEBUG [IRLogger.cpp:114] @ 0.0002592s :* Machine:             AMD64
DEBUG [IRLogger.cpp:116] @ 0.0002765s :* OS:                  Windows 10 0 26100
DEBUG [IRLogger.cpp:123] @ 0.0002857s :***************************************************
DEBUG [IRDeviceParams.cpp:204] @ 0.0007007s :Parameters
DEBUG [IRDeviceParams.cpp:205] @ 0.0007146s :serial: 0
DEBUG [IRDeviceParams.cpp:206] @ 0.0007211s :videoformatindex: 0
DEBUG [IRDeviceParams.cpp:207] @ 0.0007271s :fov: 0
DEBUG [IRDeviceParams.cpp:208] @ 0.0007332s :optics_text: 0000000000000000
DEBUG [IRDeviceParams.cpp:209] @ 0.0007392s :formatspath: 000001EBCA8B8ED0
DEBUG [IRDeviceParams.cpp:210] @ 0.0007478s :calipath: 0000000000000000
DEBUG [IRDeviceParams.cpp:211] @ 0.0007531s :temperature min: 0
DEBUG [IRDeviceParams.cpp:212] @ 0.0007582s :temperature max: 0
DEBUG [IRDeviceParams.cpp:213] @ 0.0007654s :framerate: 32
DEBUG [IRDeviceParams.cpp:214] @ 0.0007707s :bispectral: 0
DEBUG [IRDeviceParams.cpp:215] @ 0.0007757s :flag automatic: 1
DEBUG [IRDeviceParams.cpp:216] @ 0.0007813s :min interval: 15
DEBUG [IRDeviceParams.cpp:217] @ 0.0007866s :max interval: 0
DEBUG [IRDeviceParams.cpp:218] @ 0.0007917s :chip heating mode: 0
DEBUG [IRDeviceParams.cpp:219] @ 0.0007974s :chip heating fixed val: 40
DEBUG [IRDeviceParams.cpp:220] @ 0.0008033s :focus:  -1
DEBUG [IRDeviceParams.cpp:221] @ 0.0008086s :enable extended temp range: 0
DEBUG [IRDeviceParams.cpp:222] @ 0.0008141s :buffer queue size: 5
DEBUG [IRDeviceParams.cpp:223] @ 0.0008193s :enable high precision: 0
DEBUG [IRDeviceParams.cpp:224] @ 0.0008245s :radialDistortionCorrectionMode: 0
DEBUG [IRDeviceParams.cpp:225] @ 0.0008309s :deviceAPI: 0
DEBUG [IRDeviceParams.cpp:226] @ 0.0008363s :useExternalProbeForReferencing: 0
DEBUG [IRDeviceParams.cpp:227] @ 0.0008417s :enableMultiThreading: 0
DEBUG [IRDeviceParams.cpp:232] @ 0.0008477s :ethernetDevice.deviceIpAddress: 0.0.0.0
DEBUG [IRDeviceParams.cpp:233] @ 0.0008531s :ethernetDevice.localUdpPort: 0
DEBUG [IRDeviceParams.cpp:234] @ 0.0008585s :ethernetDevice.checkUdpSenderIp: 1
DEBUG [Cali.cpp:89] @ 0.317312s :Calibration directory path: C:\Users\lucas\AppData\Roaming\Imager\Cali
DEBUG [Cali.cpp:90] @ 0.317345s :Calibration file name: Cali-25014006.xml
DEBUG [Cali.cpp:100] @ 0.317762s :Calibration data A: 1450 B:400 C:4095 D:1000
INFO [IRImager.cpp:266] @ 0.320936s :Init thermal imager to 25014006 with size: 382x290@27 Hz
DEBUG [Cali.cpp:89] @ 0.321153s :Calibration directory path: C:\Users\lucas\AppData\Roaming\Imager\Cali
DEBUG [Cali.cpp:90] @ 0.321165s :Calibration file name: Cali-25014006.xml
DEBUG [Cali.cpp:100] @ 0.321374s :Calibration data A: 1450 B:400 C:4095 D:1000
DEBUG [Cali.cpp:89] @ 0.323796s :Calibration directory path: C:\Users\lucas\AppData\Roaming\Imager\Cali
DEBUG [Cali.cpp:90] @ 0.32382s :Calibration file name: Cali-25014006.xml
DEBUG [Cali.cpp:100] @ 0.324016s :Calibration data A: 1450 B:400 C:4095 D:1000
DEBUG [IRImager.cpp:300] @ 0.324071s :No temperature range configuration specified. Setting default values tMin: -20 , tMax: 100
DEBUG [IRImager.cpp:374] @ 0.324332s :Using HID control interface
DEBUG [IRImager.cpp:414] @ 0.493877s :Initialized HID control interface to device with HW:3401 FW:3448
DEBUG [IRImager.cpp:435] @ 0.493924s :Frameconfig - width(in): 382, height(in): 290, interval: 370370, max framerate: 27, HW interval: 0.037037
DEBUG [Cali.cpp:89] @ 0.493942s :Calibration directory path: C:\Users\lucas\AppData\Roaming\Imager\Cali
DEBUG [Cali.cpp:90] @ 0.493952s :Calibration file name: Cali-25014006.xml
DEBUG [Cali.cpp:100] @ 0.49437s :Calibration data A: 1450 B:400 C:4095 D:1000
DEBUG [ImageProcessing.cpp:200] @ 0.498988s :Source buffer size: 221560 Width: 382 Height: 290
DEBUG [ImageProcessing.cpp:121] @ 0.548368s :Source buffer size: 221560 Width: 382 Height: 290
DEBUG [OpSource.cpp:347] @ 0.549307s :Using formats path: .\Formats.def
DEBUG [OpSource.cpp:598] @ 0.549516s :Format found with size: 382
DEBUG [IRImager.cpp:841] @ 0.54979s :Caught onFrameInit with size: 382x288
DEBUG [OpSource.cpp:347] @ 0.550747s :Using formats path: .\Formats.def
DEBUG [OpSource.cpp:598] @ 0.550941s :Format found with size: 382
DEBUG [OpSource.cpp:347] @ 0.551007s :Using formats path: .\Formats.def
DEBUG [OpCorr.cpp:467] @ 0.553545s :Read cali: C:\Users\lucas\AppData\Roaming\Imager\Cali\Cali-25014006-29-M20-100.dat
DEBUG [OpCorr.cpp:557] @ 0.559089s :Read calibration of camera no 25014006, # of fields: 6 , start of fields: 40
DEBUG [ImageProcessing.cpp:1108] @ 0.84942s :Update flag temperature: 31.8125
DEBUG [ImageProcessing.cpp:1111] @ 0.851985s :Update box temperature: 30.375
DEBUG [Cali.cpp:641] @ 0.852031s :Calibration file path: 000001EBCA9FAED4/00000069DC1ECEE0.xml
DEBUG [SimpleXML.cpp:238] @ 0.852151s :Failed to open file C:\Users\lucas\AppData\Roaming\Imager\Cali\CaliExt-25014006.xml
DEBUG [IRImager.cpp:547] @ 0.875996s :Chip heating disabled
DEBUG [IRImager.cpp:1363] @ 0.920221s :Set focusmotor position to 80%
DEBUG [IRImager.cpp:1107] @ 0.979198s :Start flag calibration
DEBUG [IRImager.cpp:662] @ 7.75571s :Release imager
DEBUG [BaseControlDevice.cpp:26] @ 7.7867s :Base destructor called
DEBUG [IRImager.cpp:669] @ 7.78673s :Delete image processing
DEBUG [IRImager.cpp:676] @ 7.80183s :Delete buffer
DEBUG [IRImager.cpp:684] @ 7.80186s :Delete source buffer
DEBUG [IRImager.cpp:691] @ 7.80187s :Delete buffer (energy)
DEBUG [IRImager.cpp:698] @ 7.80191s :Delete timer
DEBUG [IRImager.cpp:704] @ 7.80192s :Delete manual timer
