DEBUG [IRLogger.cpp:105] @ 0.0002803s :***************************************************
DEBUG [IRLogger.cpp:106] @ 0.0003639s :* IRImagerDirect SDK                              *
DEBUG [IRLogger.cpp:107] @ 0.0003813s :***************************************************
DEBUG [IRLogger.cpp:113] @ 0.0003941s :* Native Machine:      AMD64
DEBUG [IRLogger.cpp:114] @ 0.0004051s :* Machine:             AMD64
DEBUG [IRLogger.cpp:116] @ 0.0004244s :* OS:                  Windows 10 0 26100
DEBUG [IRLogger.cpp:123] @ 0.0004349s :***************************************************
DEBUG [IRDeviceParams.cpp:204] @ 0.0034714s :Parameters
DEBUG [IRDeviceParams.cpp:205] @ 0.003487s :serial: 0
DEBUG [IRDeviceParams.cpp:206] @ 0.0034936s :videoformatindex: 0
DEBUG [IRDeviceParams.cpp:207] @ 0.0034999s :fov: 0
DEBUG [IRDeviceParams.cpp:208] @ 0.003506s :optics_text: 0000000000000000
DEBUG [IRDeviceParams.cpp:209] @ 0.003512s :formatspath: 000001CC3FD72490
DEBUG [IRDeviceParams.cpp:210] @ 0.003518s :calipath: 0000000000000000
DEBUG [IRDeviceParams.cpp:211] @ 0.0035237s :temperature min: 0
DEBUG [IRDeviceParams.cpp:212] @ 0.0035294s :temperature max: 0
DEBUG [IRDeviceParams.cpp:213] @ 0.0035373s :framerate: 32
DEBUG [IRDeviceParams.cpp:214] @ 0.0035433s :bispectral: 0
DEBUG [IRDeviceParams.cpp:215] @ 0.0035488s :flag automatic: 1
DEBUG [IRDeviceParams.cpp:216] @ 0.0035547s :min interval: 15
DEBUG [IRDeviceParams.cpp:217] @ 0.003561s :max interval: 0
DEBUG [IRDeviceParams.cpp:218] @ 0.0035666s :chip heating mode: 0
DEBUG [IRDeviceParams.cpp:219] @ 0.0035727s :chip heating fixed val: 40
DEBUG [IRDeviceParams.cpp:220] @ 0.0035792s :focus:  -1
DEBUG [IRDeviceParams.cpp:221] @ 0.0035849s :enable extended temp range: 0
DEBUG [IRDeviceParams.cpp:222] @ 0.0035909s :buffer queue size: 5
DEBUG [IRDeviceParams.cpp:223] @ 0.0035964s :enable high precision: 0
DEBUG [IRDeviceParams.cpp:224] @ 0.0036022s :radialDistortionCorrectionMode: 0
DEBUG [IRDeviceParams.cpp:225] @ 0.0036078s :deviceAPI: 0
DEBUG [IRDeviceParams.cpp:226] @ 0.0036134s :useExternalProbeForReferencing: 0
DEBUG [IRDeviceParams.cpp:227] @ 0.0036191s :enableMultiThreading: 0
DEBUG [IRDeviceParams.cpp:232] @ 0.0036253s :ethernetDevice.deviceIpAddress: 0.0.0.0
DEBUG [IRDeviceParams.cpp:233] @ 0.0036319s :ethernetDevice.localUdpPort: 0
DEBUG [IRDeviceParams.cpp:234] @ 0.0036377s :ethernetDevice.checkUdpSenderIp: 1
DEBUG [Cali.cpp:89] @ 0.3641s :Calibration directory path: C:\Users\lucas\AppData\Roaming\Imager\Cali
DEBUG [Cali.cpp:90] @ 0.364128s :Calibration file name: Cali-24024181.xml
DEBUG [Cali.cpp:100] @ 0.364348s :Calibration data A: 1450 B:400 C:4095 D:1000
INFO [IRImager.cpp:266] @ 0.366962s :Init thermal imager to 24024181 with size: 382x290@27 Hz
DEBUG [Cali.cpp:89] @ 0.367204s :Calibration directory path: C:\Users\lucas\AppData\Roaming\Imager\Cali
DEBUG [Cali.cpp:90] @ 0.367215s :Calibration file name: Cali-24024181.xml
DEBUG [Cali.cpp:100] @ 0.367396s :Calibration data A: 1450 B:400 C:4095 D:1000
DEBUG [Cali.cpp:89] @ 0.369824s :Calibration directory path: C:\Users\lucas\AppData\Roaming\Imager\Cali
DEBUG [Cali.cpp:90] @ 0.369841s :Calibration file name: Cali-24024181.xml
DEBUG [Cali.cpp:100] @ 0.370017s :Calibration data A: 1450 B:400 C:4095 D:1000
DEBUG [IRImager.cpp:300] @ 0.370073s :No temperature range configuration specified. Setting default values tMin: -20 , tMax: 100
DEBUG [IRImager.cpp:374] @ 0.370305s :Using HID control interface
DEBUG [IRImager.cpp:414] @ 0.541434s :Initialized HID control interface to device with HW:3401 FW:3447
DEBUG [IRImager.cpp:435] @ 0.541503s :Frameconfig - width(in): 382, height(in): 290, interval: 370370, max framerate: 27, HW interval: 0.037037
DEBUG [Cali.cpp:89] @ 0.541537s :Calibration directory path: C:\Users\lucas\AppData\Roaming\Imager\Cali
DEBUG [Cali.cpp:90] @ 0.541557s :Calibration file name: Cali-24024181.xml
DEBUG [Cali.cpp:100] @ 0.542137s :Calibration data A: 1450 B:400 C:4095 D:1000
DEBUG [ImageProcessing.cpp:200] @ 0.546488s :Source buffer size: 221560 Width: 382 Height: 290
DEBUG [ImageProcessing.cpp:121] @ 0.590978s :Source buffer size: 221560 Width: 382 Height: 290
DEBUG [OpSource.cpp:347] @ 0.592562s :Using formats path: .\Formats.def
DEBUG [OpSource.cpp:598] @ 0.592881s :Format found with size: 382
DEBUG [IRImager.cpp:841] @ 0.593264s :Caught onFrameInit with size: 382x288
DEBUG [OpSource.cpp:347] @ 0.594541s :Using formats path: .\Formats.def
DEBUG [OpSource.cpp:598] @ 0.594784s :Format found with size: 382
DEBUG [OpSource.cpp:347] @ 0.594876s :Using formats path: .\Formats.def
DEBUG [OpCorr.cpp:467] @ 0.597415s :Read cali: C:\Users\lucas\AppData\Roaming\Imager\Cali\Cali-24024181-18-M20-100.dat
DEBUG [OpCorr.cpp:557] @ 0.597503s :Read calibration of camera no 24024181, # of fields: 6 , start of fields: 40
DEBUG [ImageProcessing.cpp:1108] @ 0.898711s :Update flag temperature: 32.375
DEBUG [ImageProcessing.cpp:1111] @ 0.90058s :Update box temperature: 31.625
DEBUG [Cali.cpp:641] @ 0.900615s :Calibration file path: 000001CC40734274/0000003FBE9ECB50.xml
DEBUG [SimpleXML.cpp:238] @ 0.900763s :Failed to open file C:\Users\lucas\AppData\Roaming\Imager\Cali\CaliExt-24024181.xml
DEBUG [IRImager.cpp:547] @ 0.91388s :Chip heating disabled
DEBUG [IRImager.cpp:1363] @ 0.943245s :Set focusmotor position to 50%
DEBUG [IRImager.cpp:1107] @ 1.05708s :Start flag calibration
DEBUG [IRImager.cpp:662] @ 7.12447s :Release imager
DEBUG [BaseControlDevice.cpp:26] @ 7.16198s :Base destructor called
DEBUG [IRImager.cpp:669] @ 7.16203s :Delete image processing
DEBUG [IRImager.cpp:676] @ 7.17748s :Delete buffer
DEBUG [IRImager.cpp:684] @ 7.17755s :Delete source buffer
DEBUG [IRImager.cpp:691] @ 7.17756s :Delete buffer (energy)
DEBUG [IRImager.cpp:698] @ 7.17764s :Delete timer
DEBUG [IRImager.cpp:704] @ 7.17765s :Delete manual timer
