DEBUG [IRLogger.cpp:105] @ 0.0002426s :***************************************************
DEBUG [IRLogger.cpp:106] @ 0.0005543s :* IRImagerDirect SDK                              *
DEBUG [IRLogger.cpp:107] @ 0.0005881s :***************************************************
DEBUG [IRLogger.cpp:113] @ 0.0006051s :* Native Machine:      AMD64
DEBUG [IRLogger.cpp:114] @ 0.0006228s :* Machine:             AMD64
DEBUG [IRLogger.cpp:116] @ 0.0006467s :* OS:                  Windows 10 0 26100
DEBUG [IRLogger.cpp:123] @ 0.0006593s :***************************************************
DEBUG [IRDeviceParams.cpp:204] @ 0.0012038s :Parameters
DEBUG [IRDeviceParams.cpp:205] @ 0.0012179s :serial: 0
DEBUG [IRDeviceParams.cpp:206] @ 0.0012246s :videoformatindex: 0
DEBUG [IRDeviceParams.cpp:207] @ 0.001231s :fov: 0
DEBUG [IRDeviceParams.cpp:208] @ 0.0012374s :optics_text: 0000000000000000
DEBUG [IRDeviceParams.cpp:209] @ 0.0012438s :formatspath: 00000224FB3AF160
DEBUG [IRDeviceParams.cpp:210] @ 0.0012499s :calipath: 0000000000000000
DEBUG [IRDeviceParams.cpp:211] @ 0.0012558s :temperature min: 0
DEBUG [IRDeviceParams.cpp:212] @ 0.0012633s :temperature max: 0
DEBUG [IRDeviceParams.cpp:213] @ 0.0012711s :framerate: 32
DEBUG [IRDeviceParams.cpp:214] @ 0.0012884s :bispectral: 0
DEBUG [IRDeviceParams.cpp:215] @ 0.0012941s :flag automatic: 1
DEBUG [IRDeviceParams.cpp:216] @ 0.0013002s :min interval: 15
DEBUG [IRDeviceParams.cpp:217] @ 0.0013061s :max interval: 0
DEBUG [IRDeviceParams.cpp:218] @ 0.0013117s :chip heating mode: 0
DEBUG [IRDeviceParams.cpp:219] @ 0.0013179s :chip heating fixed val: 40
DEBUG [IRDeviceParams.cpp:220] @ 0.0013244s :focus:  -1
DEBUG [IRDeviceParams.cpp:221] @ 0.0013301s :enable extended temp range: 0
DEBUG [IRDeviceParams.cpp:222] @ 0.001336s :buffer queue size: 5
DEBUG [IRDeviceParams.cpp:223] @ 0.0013417s :enable high precision: 0
DEBUG [IRDeviceParams.cpp:224] @ 0.0013475s :radialDistortionCorrectionMode: 0
DEBUG [IRDeviceParams.cpp:225] @ 0.0013533s :deviceAPI: 0
DEBUG [IRDeviceParams.cpp:226] @ 0.001359s :useExternalProbeForReferencing: 0
DEBUG [IRDeviceParams.cpp:227] @ 0.001365s :enableMultiThreading: 0
DEBUG [IRDeviceParams.cpp:232] @ 0.0013714s :ethernetDevice.deviceIpAddress: 0.0.0.0
DEBUG [IRDeviceParams.cpp:233] @ 0.0013771s :ethernetDevice.localUdpPort: 0
DEBUG [IRDeviceParams.cpp:234] @ 0.0013828s :ethernetDevice.checkUdpSenderIp: 1
DEBUG [Cali.cpp:89] @ 0.323801s :Calibration directory path: C:\Users\lucas\AppData\Roaming\Imager\Cali
DEBUG [Cali.cpp:90] @ 0.323834s :Calibration file name: Cali-24024181.xml
DEBUG [Cali.cpp:100] @ 0.324084s :Calibration data A: 1450 B:400 C:4095 D:1000
INFO [IRImager.cpp:266] @ 0.326907s :Init thermal imager to 24024181 with size: 382x290@27 Hz
DEBUG [Cali.cpp:89] @ 0.327115s :Calibration directory path: C:\Users\lucas\AppData\Roaming\Imager\Cali
DEBUG [Cali.cpp:90] @ 0.327126s :Calibration file name: Cali-24024181.xml
DEBUG [Cali.cpp:100] @ 0.327316s :Calibration data A: 1450 B:400 C:4095 D:1000
DEBUG [Cali.cpp:89] @ 0.329836s :Calibration directory path: C:\Users\lucas\AppData\Roaming\Imager\Cali
DEBUG [Cali.cpp:90] @ 0.329851s :Calibration file name: Cali-24024181.xml
DEBUG [Cali.cpp:100] @ 0.330034s :Calibration data A: 1450 B:400 C:4095 D:1000
DEBUG [IRImager.cpp:300] @ 0.3301s :No temperature range configuration specified. Setting default values tMin: -20 , tMax: 100
DEBUG [IRImager.cpp:374] @ 0.330345s :Using HID control interface
DEBUG [IRImager.cpp:414] @ 0.504392s :Initialized HID control interface to device with HW:3401 FW:3447
DEBUG [IRImager.cpp:435] @ 0.504472s :Frameconfig - width(in): 382, height(in): 290, interval: 370370, max framerate: 27, HW interval: 0.037037
DEBUG [Cali.cpp:89] @ 0.504493s :Calibration directory path: C:\Users\lucas\AppData\Roaming\Imager\Cali
DEBUG [Cali.cpp:90] @ 0.504505s :Calibration file name: Cali-24024181.xml
DEBUG [Cali.cpp:100] @ 0.505034s :Calibration data A: 1450 B:400 C:4095 D:1000
DEBUG [ImageProcessing.cpp:200] @ 0.509712s :Source buffer size: 221560 Width: 382 Height: 290
DEBUG [ImageProcessing.cpp:121] @ 0.555646s :Source buffer size: 221560 Width: 382 Height: 290
DEBUG [OpSource.cpp:347] @ 0.557995s :Using formats path: .\Formats.def
DEBUG [OpSource.cpp:598] @ 0.558254s :Format found with size: 382
DEBUG [IRImager.cpp:841] @ 0.558556s :Caught onFrameInit with size: 382x288
DEBUG [OpSource.cpp:347] @ 0.559376s :Using formats path: .\Formats.def
DEBUG [OpSource.cpp:598] @ 0.559524s :Format found with size: 382
DEBUG [OpSource.cpp:347] @ 0.559584s :Using formats path: .\Formats.def
DEBUG [OpCorr.cpp:467] @ 0.56201s :Read cali: C:\Users\lucas\AppData\Roaming\Imager\Cali\Cali-24024181-18-M20-100.dat
DEBUG [OpCorr.cpp:557] @ 0.562053s :Read calibration of camera no 24024181, # of fields: 6 , start of fields: 40
DEBUG [ImageProcessing.cpp:1108] @ 0.857904s :Update flag temperature: 31.5
DEBUG [ImageProcessing.cpp:1111] @ 0.860114s :Update box temperature: 30.75
DEBUG [Cali.cpp:641] @ 0.86024s :Calibration file path: 00000224A273CD44/00000082855ECE60.xml
DEBUG [SimpleXML.cpp:238] @ 0.860359s :Failed to open file C:\Users\lucas\AppData\Roaming\Imager\Cali\CaliExt-24024181.xml
DEBUG [IRImager.cpp:547] @ 0.884185s :Chip heating disabled
DEBUG [IRImager.cpp:1363] @ 0.906114s :Set focusmotor position to 50%
DEBUG [IRImager.cpp:1107] @ 1.00512s :Start flag calibration
DEBUG [IRImager.cpp:1363] @ 4.91579s :Set focusmotor position to -1.#QNAN%
DEBUG [IRImager.cpp:662] @ 6.55782s :Release imager
DEBUG [BaseControlDevice.cpp:26] @ 6.60418s :Base destructor called
DEBUG [IRImager.cpp:669] @ 6.60421s :Delete image processing
DEBUG [IRImager.cpp:676] @ 6.61991s :Delete buffer
DEBUG [IRImager.cpp:684] @ 6.61996s :Delete source buffer
DEBUG [IRImager.cpp:691] @ 6.61997s :Delete buffer (energy)
DEBUG [IRImager.cpp:698] @ 6.62s :Delete timer
DEBUG [IRImager.cpp:704] @ 6.62001s :Delete manual timer
