DEBUG [IRLogger.cpp:105] @ 0.0002519s :***************************************************
DEBUG [IRLogger.cpp:106] @ 0.0003542s :* IRImagerDirect SDK                              *
DEBUG [IRLogger.cpp:107] @ 0.0003894s :***************************************************
DEBUG [IRLogger.cpp:113] @ 0.0004047s :* Native Machine:      AMD64
DEBUG [IRLogger.cpp:114] @ 0.0004168s :* Machine:             AMD64
DEBUG [IRLogger.cpp:116] @ 0.0004355s :* OS:                  Windows 10 0 26100
DEBUG [IRLogger.cpp:123] @ 0.0004462s :***************************************************
DEBUG [IRDeviceParams.cpp:204] @ 0.0033083s :Parameters
DEBUG [IRDeviceParams.cpp:205] @ 0.0033239s :serial: 0
DEBUG [IRDeviceParams.cpp:206] @ 0.0033308s :videoformatindex: 0
DEBUG [IRDeviceParams.cpp:207] @ 0.0033372s :fov: 0
DEBUG [IRDeviceParams.cpp:208] @ 0.0033431s :optics_text: 0000000000000000
DEBUG [IRDeviceParams.cpp:209] @ 0.0033568s :formatspath: 000002263FB4D200
DEBUG [IRDeviceParams.cpp:210] @ 0.0033644s :calipath: 0000000000000000
DEBUG [IRDeviceParams.cpp:211] @ 0.0034028s :temperature min: 0
DEBUG [IRDeviceParams.cpp:212] @ 0.0034172s :temperature max: 0
DEBUG [IRDeviceParams.cpp:213] @ 0.0034288s :framerate: 32
DEBUG [IRDeviceParams.cpp:214] @ 0.0034352s :bispectral: 0
DEBUG [IRDeviceParams.cpp:215] @ 0.0034413s :flag automatic: 1
DEBUG [IRDeviceParams.cpp:216] @ 0.0034627s :min interval: 15
DEBUG [IRDeviceParams.cpp:217] @ 0.0034862s :max interval: 0
DEBUG [IRDeviceParams.cpp:218] @ 0.0034929s :chip heating mode: 0
DEBUG [IRDeviceParams.cpp:219] @ 0.0034994s :chip heating fixed val: 40
DEBUG [IRDeviceParams.cpp:220] @ 0.0035407s :focus:  -1
DEBUG [IRDeviceParams.cpp:221] @ 0.003588s :enable extended temp range: 0
DEBUG [IRDeviceParams.cpp:222] @ 0.0035975s :buffer queue size: 5
DEBUG [IRDeviceParams.cpp:223] @ 0.0036052s :enable high precision: 0
DEBUG [IRDeviceParams.cpp:224] @ 0.0036117s :radialDistortionCorrectionMode: 0
DEBUG [IRDeviceParams.cpp:225] @ 0.003618s :deviceAPI: 0
DEBUG [IRDeviceParams.cpp:226] @ 0.0036237s :useExternalProbeForReferencing: 0
DEBUG [IRDeviceParams.cpp:227] @ 0.0036536s :enableMultiThreading: 0
DEBUG [IRDeviceParams.cpp:232] @ 0.0036638s :ethernetDevice.deviceIpAddress: 0.0.0.0
DEBUG [IRDeviceParams.cpp:233] @ 0.0036705s :ethernetDevice.localUdpPort: 0
DEBUG [IRDeviceParams.cpp:234] @ 0.0036763s :ethernetDevice.checkUdpSenderIp: 1
DEBUG [Cali.cpp:89] @ 0.320158s :Calibration directory path: C:\Users\lucas\AppData\Roaming\Imager\Cali
DEBUG [Cali.cpp:90] @ 0.320185s :Calibration file name: Cali-24024181.xml
DEBUG [Cali.cpp:100] @ 0.32041s :Calibration data A: 1450 B:400 C:4095 D:1000
INFO [IRImager.cpp:266] @ 0.323295s :Init thermal imager to 24024181 with size: 382x290@27 Hz
DEBUG [Cali.cpp:89] @ 0.32349s :Calibration directory path: C:\Users\lucas\AppData\Roaming\Imager\Cali
DEBUG [Cali.cpp:90] @ 0.323499s :Calibration file name: Cali-24024181.xml
DEBUG [Cali.cpp:100] @ 0.323681s :Calibration data A: 1450 B:400 C:4095 D:1000
DEBUG [Cali.cpp:89] @ 0.326238s :Calibration directory path: C:\Users\lucas\AppData\Roaming\Imager\Cali
DEBUG [Cali.cpp:90] @ 0.326253s :Calibration file name: Cali-24024181.xml
DEBUG [Cali.cpp:100] @ 0.32642s :Calibration data A: 1450 B:400 C:4095 D:1000
DEBUG [IRImager.cpp:300] @ 0.326474s :No temperature range configuration specified. Setting default values tMin: -20 , tMax: 100
DEBUG [IRImager.cpp:374] @ 0.326699s :Using HID control interface
DEBUG [IRImager.cpp:414] @ 0.504751s :Initialized HID control interface to device with HW:3401 FW:3447
DEBUG [IRImager.cpp:435] @ 0.504815s :Frameconfig - width(in): 382, height(in): 290, interval: 370370, max framerate: 27, HW interval: 0.037037
DEBUG [Cali.cpp:89] @ 0.50484s :Calibration directory path: C:\Users\lucas\AppData\Roaming\Imager\Cali
DEBUG [Cali.cpp:90] @ 0.504856s :Calibration file name: Cali-24024181.xml
DEBUG [Cali.cpp:100] @ 0.505341s :Calibration data A: 1450 B:400 C:4095 D:1000
DEBUG [ImageProcessing.cpp:200] @ 0.510235s :Source buffer size: 221560 Width: 382 Height: 290
DEBUG [ImageProcessing.cpp:121] @ 0.568592s :Source buffer size: 221560 Width: 382 Height: 290
DEBUG [OpSource.cpp:347] @ 0.572443s :Using formats path: .\Formats.def
DEBUG [OpSource.cpp:598] @ 0.572777s :Format found with size: 382
DEBUG [IRImager.cpp:841] @ 0.573195s :Caught onFrameInit with size: 382x288
DEBUG [OpSource.cpp:347] @ 0.574651s :Using formats path: .\Formats.def
DEBUG [OpSource.cpp:598] @ 0.574933s :Format found with size: 382
DEBUG [OpSource.cpp:347] @ 0.575027s :Using formats path: .\Formats.def
DEBUG [OpCorr.cpp:467] @ 0.577689s :Read cali: C:\Users\lucas\AppData\Roaming\Imager\Cali\Cali-24024181-18-M20-100.dat
DEBUG [OpCorr.cpp:557] @ 0.57776s :Read calibration of camera no 24024181, # of fields: 6 , start of fields: 40
DEBUG [ImageProcessing.cpp:1108] @ 0.860426s :Update flag temperature: 31.625
DEBUG [ImageProcessing.cpp:1111] @ 0.862746s :Update box temperature: 30.8125
DEBUG [Cali.cpp:641] @ 0.862961s :Calibration file path: 00000226663F2834/0000002B1FFECD00.xml
DEBUG [SimpleXML.cpp:238] @ 0.863113s :Failed to open file C:\Users\lucas\AppData\Roaming\Imager\Cali\CaliExt-24024181.xml
DEBUG [IRImager.cpp:547] @ 0.875114s :Chip heating disabled
DEBUG [IRImager.cpp:1363] @ 0.89805s :Set focusmotor position to 50%
DEBUG [IRImager.cpp:1107] @ 1.01357s :Start flag calibration
DEBUG [OpFlag.cpp:591] @ 11.9718s :SkimDiff: -29 Adjust: -5701 State: 1 EMax: 5639 Emin: -2297
DEBUG [ImageProcessing.cpp:526] @ 11.9838s :Skim_Adjust 2213
DEBUG [IRImager.cpp:1121] @ 12.4043s :Finished startup calibration
DEBUG [IRImager.cpp:1172] @ 26.5642s :Automatic control of shutter flag
DEBUG [OpFlag.cpp:591] @ 27.044s :SkimDiff: -28 Adjust: -5467 State: 3 EMax: 8358 Emin: -2256
DEBUG [ImageProcessing.cpp:526] @ 27.0554s :Skim_Adjust 2185
DEBUG [IRImager.cpp:662] @ 33.4782s :Release imager
DEBUG [BaseControlDevice.cpp:26] @ 33.5128s :Base destructor called
DEBUG [IRImager.cpp:669] @ 33.5128s :Delete image processing
DEBUG [IRImager.cpp:676] @ 33.528s :Delete buffer
DEBUG [IRImager.cpp:684] @ 33.528s :Delete source buffer
DEBUG [IRImager.cpp:691] @ 33.528s :Delete buffer (energy)
DEBUG [IRImager.cpp:698] @ 33.528s :Delete timer
DEBUG [IRImager.cpp:704] @ 33.528s :Delete manual timer
