DEBUG [IRLogger.cpp:105] @ 0.0001663s :***************************************************
DEBUG [IRLogger.cpp:106] @ 0.0002139s :* IRImagerDirect SDK                              *
DEBUG [IRLogger.cpp:107] @ 0.0003087s :***************************************************
DEBUG [IRLogger.cpp:113] @ 0.0003276s :* Native Machine:      AMD64
DEBUG [IRLogger.cpp:114] @ 0.0003386s :* Machine:             AMD64
DEBUG [IRLogger.cpp:116] @ 0.0003556s :* OS:                  Windows 10 0 26100
DEBUG [IRLogger.cpp:123] @ 0.0003647s :***************************************************
DEBUG [IRDeviceParams.cpp:204] @ 0.0030843s :Parameters
DEBUG [IRDeviceParams.cpp:205] @ 0.0031044s :serial: 0
DEBUG [IRDeviceParams.cpp:206] @ 0.0031117s :videoformatindex: 0
DEBUG [IRDeviceParams.cpp:207] @ 0.0031179s :fov: 0
DEBUG [IRDeviceParams.cpp:208] @ 0.0031239s :optics_text: 0000000000000000
DEBUG [IRDeviceParams.cpp:209] @ 0.0031299s :formatspath: 0000019507A9AC20
DEBUG [IRDeviceParams.cpp:210] @ 0.0031363s :calipath: 0000000000000000
DEBUG [IRDeviceParams.cpp:211] @ 0.0031419s :temperature min: 0
DEBUG [IRDeviceParams.cpp:212] @ 0.0031473s :temperature max: 0
DEBUG [IRDeviceParams.cpp:213] @ 0.0031552s :framerate: 32
DEBUG [IRDeviceParams.cpp:214] @ 0.003161s :bispectral: 0
DEBUG [IRDeviceParams.cpp:215] @ 0.0031666s :flag automatic: 1
DEBUG [IRDeviceParams.cpp:216] @ 0.0031724s :min interval: 15
DEBUG [IRDeviceParams.cpp:217] @ 0.0031782s :max interval: 0
DEBUG [IRDeviceParams.cpp:218] @ 0.0031836s :chip heating mode: 0
DEBUG [IRDeviceParams.cpp:219] @ 0.003192s :chip heating fixed val: 40
DEBUG [IRDeviceParams.cpp:220] @ 0.0032171s :focus:  -1
DEBUG [IRDeviceParams.cpp:221] @ 0.0032253s :enable extended temp range: 0
DEBUG [IRDeviceParams.cpp:222] @ 0.0032318s :buffer queue size: 5
DEBUG [IRDeviceParams.cpp:223] @ 0.0032469s :enable high precision: 0
DEBUG [IRDeviceParams.cpp:224] @ 0.0032636s :radialDistortionCorrectionMode: 0
DEBUG [IRDeviceParams.cpp:225] @ 0.0032691s :deviceAPI: 0
DEBUG [IRDeviceParams.cpp:226] @ 0.0032748s :useExternalProbeForReferencing: 0
DEBUG [IRDeviceParams.cpp:227] @ 0.0032803s :enableMultiThreading: 0
DEBUG [IRDeviceParams.cpp:232] @ 0.0032865s :ethernetDevice.deviceIpAddress: 0.0.0.0
DEBUG [IRDeviceParams.cpp:233] @ 0.003292s :ethernetDevice.localUdpPort: 0
DEBUG [IRDeviceParams.cpp:234] @ 0.0032976s :ethernetDevice.checkUdpSenderIp: 1
DEBUG [Cali.cpp:89] @ 0.302558s :Calibration directory path: C:\Users\lucas\AppData\Roaming\Imager\Cali
DEBUG [Cali.cpp:90] @ 0.302589s :Calibration file name: Cali-25014006.xml
DEBUG [Cali.cpp:100] @ 0.302814s :Calibration data A: 1450 B:400 C:4095 D:1000
INFO [IRImager.cpp:266] @ 0.305143s :Init thermal imager to 25014006 with size: 382x290@27 Hz
DEBUG [Cali.cpp:89] @ 0.305337s :Calibration directory path: C:\Users\lucas\AppData\Roaming\Imager\Cali
DEBUG [Cali.cpp:90] @ 0.305345s :Calibration file name: Cali-25014006.xml
DEBUG [Cali.cpp:100] @ 0.305517s :Calibration data A: 1450 B:400 C:4095 D:1000
DEBUG [Cali.cpp:89] @ 0.307545s :Calibration directory path: C:\Users\lucas\AppData\Roaming\Imager\Cali
DEBUG [Cali.cpp:90] @ 0.307558s :Calibration file name: Cali-25014006.xml
DEBUG [Cali.cpp:100] @ 0.307736s :Calibration data A: 1450 B:400 C:4095 D:1000
DEBUG [IRImager.cpp:300] @ 0.307785s :No temperature range configuration specified. Setting default values tMin: -20 , tMax: 100
DEBUG [IRImager.cpp:374] @ 0.308006s :Using HID control interface
DEBUG [IRImager.cpp:414] @ 0.480698s :Initialized HID control interface to device with HW:3401 FW:3448
DEBUG [IRImager.cpp:435] @ 0.480779s :Frameconfig - width(in): 382, height(in): 290, interval: 370370, max framerate: 27, HW interval: 0.037037
DEBUG [Cali.cpp:89] @ 0.48079s :Calibration directory path: C:\Users\lucas\AppData\Roaming\Imager\Cali
DEBUG [Cali.cpp:90] @ 0.480796s :Calibration file name: Cali-25014006.xml
DEBUG [Cali.cpp:100] @ 0.481093s :Calibration data A: 1450 B:400 C:4095 D:1000
DEBUG [ImageProcessing.cpp:200] @ 0.485789s :Source buffer size: 221560 Width: 382 Height: 290
DEBUG [ImageProcessing.cpp:121] @ 0.53211s :Source buffer size: 221560 Width: 382 Height: 290
DEBUG [OpSource.cpp:347] @ 0.532807s :Using formats path: .\Formats.def
DEBUG [OpSource.cpp:598] @ 0.532989s :Format found with size: 382
DEBUG [IRImager.cpp:841] @ 0.533185s :Caught onFrameInit with size: 382x288
DEBUG [OpSource.cpp:347] @ 0.533851s :Using formats path: .\Formats.def
DEBUG [OpSource.cpp:598] @ 0.533965s :Format found with size: 382
DEBUG [OpSource.cpp:347] @ 0.534004s :Using formats path: .\Formats.def
DEBUG [OpCorr.cpp:467] @ 0.536538s :Read cali: C:\Users\lucas\AppData\Roaming\Imager\Cali\Cali-25014006-29-M20-100.dat
DEBUG [OpCorr.cpp:557] @ 0.536582s :Read calibration of camera no 25014006, # of fields: 6 , start of fields: 40
DEBUG [ImageProcessing.cpp:1108] @ 0.831546s :Update flag temperature: 32.4375
DEBUG [ImageProcessing.cpp:1111] @ 0.834s :Update box temperature: 31.0625
DEBUG [Cali.cpp:641] @ 0.834111s :Calibration file path: 000001952ED855E4/0000009417DED000.xml
DEBUG [SimpleXML.cpp:238] @ 0.834261s :Failed to open file C:\Users\lucas\AppData\Roaming\Imager\Cali\CaliExt-25014006.xml
DEBUG [IRImager.cpp:547] @ 0.855666s :Chip heating disabled
DEBUG [IRImager.cpp:1363] @ 0.876764s :Set focusmotor position to 80%
DEBUG [IRImager.cpp:1107] @ 0.9917s :Start flag calibration
DEBUG [OpFlag.cpp:591] @ 11.9021s :SkimDiff: -26 Adjust: -5075 State: 1 EMax: 7978 Emin: -1671
DEBUG [ImageProcessing.cpp:526] @ 11.9137s :Skim_Adjust 2181
DEBUG [IRImager.cpp:1121] @ 12.383s :Finished startup calibration
DEBUG [IRImager.cpp:662] @ 13.5692s :Release imager
DEBUG [BaseControlDevice.cpp:26] @ 13.6064s :Base destructor called
DEBUG [IRImager.cpp:669] @ 13.6064s :Delete image processing
DEBUG [IRImager.cpp:676] @ 13.6224s :Delete buffer
DEBUG [IRImager.cpp:684] @ 13.6226s :Delete source buffer
DEBUG [IRImager.cpp:691] @ 13.6226s :Delete buffer (energy)
DEBUG [IRImager.cpp:698] @ 13.6226s :Delete timer
DEBUG [IRImager.cpp:704] @ 13.6226s :Delete manual timer
