DEBUG [IRLogger.cpp:105] @ 0.0002231s :***************************************************
DEBUG [IRLogger.cpp:106] @ 0.000289s :* IRImagerDirect SDK                              *
DEBUG [IRLogger.cpp:107] @ 0.0003053s :***************************************************
DEBUG [IRLogger.cpp:113] @ 0.0003176s :* Native Machine:      AMD64
DEBUG [IRLogger.cpp:114] @ 0.0003282s :* Machine:             AMD64
DEBUG [IRLogger.cpp:116] @ 0.0003468s :* OS:                  Windows 10 0 26100
DEBUG [IRLogger.cpp:123] @ 0.0004019s :***************************************************
DEBUG [IRDeviceParams.cpp:204] @ 0.0031644s :Parameters
DEBUG [IRDeviceParams.cpp:205] @ 0.003205s :serial: 0
DEBUG [IRDeviceParams.cpp:206] @ 0.003258s :videoformatindex: 0
DEBUG [IRDeviceParams.cpp:207] @ 0.0032692s :fov: 0
DEBUG [IRDeviceParams.cpp:208] @ 0.0032763s :optics_text: 0000000000000000
DEBUG [IRDeviceParams.cpp:209] @ 0.0032825s :formatspath: 000001DEFBBBCEA0
DEBUG [IRDeviceParams.cpp:210] @ 0.0032886s :calipath: 0000000000000000
DEBUG [IRDeviceParams.cpp:211] @ 0.0032945s :temperature min: 0
DEBUG [IRDeviceParams.cpp:212] @ 0.003307s :temperature max: 0
DEBUG [IRDeviceParams.cpp:213] @ 0.0033218s :framerate: 32
DEBUG [IRDeviceParams.cpp:214] @ 0.0033529s :bispectral: 0
DEBUG [IRDeviceParams.cpp:215] @ 0.0033619s :flag automatic: 1
DEBUG [IRDeviceParams.cpp:216] @ 0.0033692s :min interval: 15
DEBUG [IRDeviceParams.cpp:217] @ 0.0033753s :max interval: 0
DEBUG [IRDeviceParams.cpp:218] @ 0.003381s :chip heating mode: 0
DEBUG [IRDeviceParams.cpp:219] @ 0.0033881s :chip heating fixed val: 40
DEBUG [IRDeviceParams.cpp:220] @ 0.0033948s :focus:  -1
DEBUG [IRDeviceParams.cpp:221] @ 0.0034008s :enable extended temp range: 0
DEBUG [IRDeviceParams.cpp:222] @ 0.0034075s :buffer queue size: 5
DEBUG [IRDeviceParams.cpp:223] @ 0.0034143s :enable high precision: 0
DEBUG [IRDeviceParams.cpp:224] @ 0.0034701s :radialDistortionCorrectionMode: 0
DEBUG [IRDeviceParams.cpp:225] @ 0.0034807s :deviceAPI: 0
DEBUG [IRDeviceParams.cpp:226] @ 0.0034874s :useExternalProbeForReferencing: 0
DEBUG [IRDeviceParams.cpp:227] @ 0.0034935s :enableMultiThreading: 0
DEBUG [IRDeviceParams.cpp:232] @ 0.0034999s :ethernetDevice.deviceIpAddress: 0.0.0.0
DEBUG [IRDeviceParams.cpp:233] @ 0.0035062s :ethernetDevice.localUdpPort: 0
DEBUG [IRDeviceParams.cpp:234] @ 0.0035121s :ethernetDevice.checkUdpSenderIp: 1
DEBUG [Cali.cpp:89] @ 0.31966s :Calibration directory path: C:\Users\lucas\AppData\Roaming\Imager\Cali
DEBUG [Cali.cpp:90] @ 0.319687s :Calibration file name: Cali-24024181.xml
DEBUG [Cali.cpp:100] @ 0.319931s :Calibration data A: 1450 B:400 C:4095 D:1000
INFO [IRImager.cpp:266] @ 0.322399s :Init thermal imager to 24024181 with size: 382x290@27 Hz
DEBUG [Cali.cpp:89] @ 0.32259s :Calibration directory path: C:\Users\lucas\AppData\Roaming\Imager\Cali
DEBUG [Cali.cpp:90] @ 0.322598s :Calibration file name: Cali-24024181.xml
DEBUG [Cali.cpp:100] @ 0.322773s :Calibration data A: 1450 B:400 C:4095 D:1000
DEBUG [Cali.cpp:89] @ 0.324956s :Calibration directory path: C:\Users\lucas\AppData\Roaming\Imager\Cali
DEBUG [Cali.cpp:90] @ 0.324967s :Calibration file name: Cali-24024181.xml
DEBUG [Cali.cpp:100] @ 0.325132s :Calibration data A: 1450 B:400 C:4095 D:1000
DEBUG [IRImager.cpp:300] @ 0.325185s :No temperature range configuration specified. Setting default values tMin: -20 , tMax: 100
DEBUG [IRImager.cpp:374] @ 0.325425s :Using HID control interface
DEBUG [IRImager.cpp:414] @ 0.49784s :Initialized HID control interface to device with HW:3401 FW:3447
DEBUG [IRImager.cpp:435] @ 0.497877s :Frameconfig - width(in): 382, height(in): 290, interval: 370370, max framerate: 27, HW interval: 0.037037
DEBUG [Cali.cpp:89] @ 0.497898s :Calibration directory path: C:\Users\lucas\AppData\Roaming\Imager\Cali
DEBUG [Cali.cpp:90] @ 0.497907s :Calibration file name: Cali-24024181.xml
DEBUG [Cali.cpp:100] @ 0.498193s :Calibration data A: 1450 B:400 C:4095 D:1000
DEBUG [ImageProcessing.cpp:200] @ 0.503186s :Source buffer size: 221560 Width: 382 Height: 290
DEBUG [ImageProcessing.cpp:121] @ 0.554277s :Source buffer size: 221560 Width: 382 Height: 290
DEBUG [OpSource.cpp:347] @ 0.555959s :Using formats path: .\Formats.def
DEBUG [OpSource.cpp:598] @ 0.556369s :Format found with size: 382
DEBUG [IRImager.cpp:841] @ 0.556865s :Caught onFrameInit with size: 382x288
DEBUG [OpSource.cpp:347] @ 0.557997s :Using formats path: .\Formats.def
DEBUG [OpSource.cpp:598] @ 0.558211s :Format found with size: 382
DEBUG [OpSource.cpp:347] @ 0.55829s :Using formats path: .\Formats.def
DEBUG [OpCorr.cpp:467] @ 0.560928s :Read cali: C:\Users\lucas\AppData\Roaming\Imager\Cali\Cali-24024181-18-M20-100.dat
DEBUG [OpCorr.cpp:557] @ 0.560989s :Read calibration of camera no 24024181, # of fields: 6 , start of fields: 40
DEBUG [ImageProcessing.cpp:1108] @ 0.850308s :Update flag temperature: 31.625
DEBUG [ImageProcessing.cpp:1111] @ 0.852789s :Update box temperature: 30.8125
DEBUG [Cali.cpp:641] @ 0.852813s :Calibration file path: 000001DEFC470374/000000587B1ECCE0.xml
DEBUG [SimpleXML.cpp:238] @ 0.852939s :Failed to open file C:\Users\lucas\AppData\Roaming\Imager\Cali\CaliExt-24024181.xml
DEBUG [IRImager.cpp:547] @ 0.865098s :Chip heating disabled
DEBUG [IRImager.cpp:1363] @ 0.888417s :Set focusmotor position to 50%
DEBUG [IRImager.cpp:1107] @ 0.987661s :Start flag calibration
