DEBUG [IRLogger.cpp:105] @ 0.0002322s :***************************************************
DEBUG [IRLogger.cpp:106] @ 0.0003033s :* IRImagerDirect SDK                              *
DEBUG [IRLogger.cpp:107] @ 0.0003198s :***************************************************
DEBUG [IRLogger.cpp:113] @ 0.0003318s :* Native Machine:      AMD64
DEBUG [IRLogger.cpp:114] @ 0.0003429s :* Machine:             AMD64
DEBUG [IRLogger.cpp:116] @ 0.0003622s :* OS:                  Windows 10 0 26100
DEBUG [IRLogger.cpp:123] @ 0.0003724s :***************************************************
DEBUG [IRDeviceParams.cpp:204] @ 0.0031652s :Parameters
DEBUG [IRDeviceParams.cpp:205] @ 0.0031812s :serial: 0
DEBUG [IRDeviceParams.cpp:206] @ 0.0031899s :videoformatindex: 0
DEBUG [IRDeviceParams.cpp:207] @ 0.003197s :fov: 0
DEBUG [IRDeviceParams.cpp:208] @ 0.0032261s :optics_text: 0000000000000000
DEBUG [IRDeviceParams.cpp:209] @ 0.0032328s :formatspath: 0000014A539C8470
DEBUG [IRDeviceParams.cpp:210] @ 0.0032387s :calipath: 0000000000000000
DEBUG [IRDeviceParams.cpp:211] @ 0.003245s :temperature min: 0
DEBUG [IRDeviceParams.cpp:212] @ 0.0032698s :temperature max: 0
DEBUG [IRDeviceParams.cpp:213] @ 0.0032879s :framerate: 32
DEBUG [IRDeviceParams.cpp:214] @ 0.0033211s :bispectral: 0
DEBUG [IRDeviceParams.cpp:215] @ 0.0033467s :flag automatic: 1
DEBUG [IRDeviceParams.cpp:216] @ 0.0033715s :min interval: 15
DEBUG [IRDeviceParams.cpp:217] @ 0.0033838s :max interval: 0
DEBUG [IRDeviceParams.cpp:218] @ 0.0034171s :chip heating mode: 0
DEBUG [IRDeviceParams.cpp:219] @ 0.0034287s :chip heating fixed val: 40
DEBUG [IRDeviceParams.cpp:220] @ 0.0034361s :focus:  -1
DEBUG [IRDeviceParams.cpp:221] @ 0.0034505s :enable extended temp range: 0
DEBUG [IRDeviceParams.cpp:222] @ 0.003464s :buffer queue size: 5
DEBUG [IRDeviceParams.cpp:223] @ 0.003492s :enable high precision: 0
DEBUG [IRDeviceParams.cpp:224] @ 0.003525s :radialDistortionCorrectionMode: 0
DEBUG [IRDeviceParams.cpp:225] @ 0.0035349s :deviceAPI: 0
DEBUG [IRDeviceParams.cpp:226] @ 0.0035416s :useExternalProbeForReferencing: 0
DEBUG [IRDeviceParams.cpp:227] @ 0.003548s :enableMultiThreading: 0
DEBUG [IRDeviceParams.cpp:232] @ 0.003555s :ethernetDevice.deviceIpAddress: 0.0.0.0
DEBUG [IRDeviceParams.cpp:233] @ 0.0035612s :ethernetDevice.localUdpPort: 0
DEBUG [IRDeviceParams.cpp:234] @ 0.0035798s :ethernetDevice.checkUdpSenderIp: 1
DEBUG [Cali.cpp:89] @ 0.302908s :Calibration directory path: C:\Users\lucas\AppData\Roaming\Imager\Cali
DEBUG [Cali.cpp:90] @ 0.302936s :Calibration file name: Cali-24024181.xml
DEBUG [Cali.cpp:100] @ 0.303185s :Calibration data A: 1450 B:400 C:4095 D:1000
INFO [IRImager.cpp:266] @ 0.305751s :Init thermal imager to 24024181 with size: 382x290@27 Hz
DEBUG [Cali.cpp:89] @ 0.305942s :Calibration directory path: C:\Users\lucas\AppData\Roaming\Imager\Cali
DEBUG [Cali.cpp:90] @ 0.305951s :Calibration file name: Cali-24024181.xml
DEBUG [Cali.cpp:100] @ 0.306136s :Calibration data A: 1450 B:400 C:4095 D:1000
DEBUG [Cali.cpp:89] @ 0.308334s :Calibration directory path: C:\Users\lucas\AppData\Roaming\Imager\Cali
DEBUG [Cali.cpp:90] @ 0.30835s :Calibration file name: Cali-24024181.xml
DEBUG [Cali.cpp:100] @ 0.308553s :Calibration data A: 1450 B:400 C:4095 D:1000
DEBUG [IRImager.cpp:300] @ 0.308613s :No temperature range configuration specified. Setting default values tMin: -20 , tMax: 100
DEBUG [IRImager.cpp:374] @ 0.308854s :Using HID control interface
DEBUG [IRImager.cpp:414] @ 0.477541s :Initialized HID control interface to device with HW:3401 FW:3447
DEBUG [IRImager.cpp:435] @ 0.477623s :Frameconfig - width(in): 382, height(in): 290, interval: 370370, max framerate: 27, HW interval: 0.037037
DEBUG [Cali.cpp:89] @ 0.477656s :Calibration directory path: C:\Users\lucas\AppData\Roaming\Imager\Cali
DEBUG [Cali.cpp:90] @ 0.477672s :Calibration file name: Cali-24024181.xml
DEBUG [Cali.cpp:100] @ 0.478315s :Calibration data A: 1450 B:400 C:4095 D:1000
DEBUG [ImageProcessing.cpp:200] @ 0.483213s :Source buffer size: 221560 Width: 382 Height: 290
DEBUG [ImageProcessing.cpp:121] @ 0.52784s :Source buffer size: 221560 Width: 382 Height: 290
DEBUG [OpSource.cpp:347] @ 0.528767s :Using formats path: .\Formats.def
DEBUG [OpSource.cpp:598] @ 0.528932s :Format found with size: 382
DEBUG [IRImager.cpp:841] @ 0.529214s :Caught onFrameInit with size: 382x288
DEBUG [OpSource.cpp:347] @ 0.530147s :Using formats path: .\Formats.def
DEBUG [OpSource.cpp:598] @ 0.530272s :Format found with size: 382
DEBUG [OpSource.cpp:347] @ 0.530314s :Using formats path: .\Formats.def
DEBUG [OpCorr.cpp:467] @ 0.532889s :Read cali: C:\Users\lucas\AppData\Roaming\Imager\Cali\Cali-24024181-18-M20-100.dat
DEBUG [OpCorr.cpp:557] @ 0.532934s :Read calibration of camera no 24024181, # of fields: 6 , start of fields: 40
DEBUG [ImageProcessing.cpp:1108] @ 0.826495s :Update flag temperature: 31.6875
DEBUG [ImageProcessing.cpp:1111] @ 0.828451s :Update box temperature: 30.875
DEBUG [Cali.cpp:641] @ 0.828495s :Calibration file path: 0000014A54581DB4/00000025559ED070.xml
DEBUG [SimpleXML.cpp:238] @ 0.828613s :Failed to open file C:\Users\lucas\AppData\Roaming\Imager\Cali\CaliExt-24024181.xml
DEBUG [IRImager.cpp:547] @ 0.840972s :Chip heating disabled
DEBUG [IRImager.cpp:1363] @ 0.860794s :Set focusmotor position to 50%
DEBUG [IRImager.cpp:1107] @ 0.960412s :Start flag calibration
DEBUG [OpFlag.cpp:591] @ 11.8709s :SkimDiff: -29 Adjust: -5707 State: 1 EMax: 5646 Emin: -2303
DEBUG [ImageProcessing.cpp:526] @ 11.8822s :Skim_Adjust 2213
DEBUG [IRImager.cpp:1121] @ 12.3675s :Finished startup calibration
DEBUG [IRImager.cpp:1172] @ 26.5111s :Automatic control of shutter flag
DEBUG [OpFlag.cpp:591] @ 26.943s :SkimDiff: -28 Adjust: -5454 State: 3 EMax: 8380 Emin: -2251
DEBUG [ImageProcessing.cpp:526] @ 26.9545s :Skim_Adjust 2185
DEBUG [IRImager.cpp:662] @ 40.9123s :Release imager
DEBUG [BaseControlDevice.cpp:26] @ 40.9561s :Base destructor called
DEBUG [IRImager.cpp:669] @ 40.9561s :Delete image processing
DEBUG [IRImager.cpp:676] @ 40.9721s :Delete buffer
DEBUG [IRImager.cpp:684] @ 40.9721s :Delete source buffer
DEBUG [IRImager.cpp:691] @ 40.9721s :Delete buffer (energy)
DEBUG [IRImager.cpp:698] @ 40.9721s :Delete timer
DEBUG [IRImager.cpp:704] @ 40.9721s :Delete manual timer
