DEBUG [IRLogger.cpp:105] @ 0.0002414s :***************************************************
DEBUG [IRLogger.cpp:106] @ 0.0003276s :* IRImagerDirect SDK                              *
DEBUG [IRLogger.cpp:107] @ 0.0003759s :***************************************************
DEBUG [IRLogger.cpp:113] @ 0.0003921s :* Native Machine:      AMD64
DEBUG [IRLogger.cpp:114] @ 0.0004038s :* Machine:             AMD64
DEBUG [IRLogger.cpp:116] @ 0.0004213s :* OS:                  Windows 10 0 26100
DEBUG [IRLogger.cpp:123] @ 0.0004819s :***************************************************
DEBUG [IRDeviceParams.cpp:204] @ 0.0035282s :Parameters
DEBUG [IRDeviceParams.cpp:205] @ 0.0035429s :serial: 0
DEBUG [IRDeviceParams.cpp:206] @ 0.0035496s :videoformatindex: 0
DEBUG [IRDeviceParams.cpp:207] @ 0.0035563s :fov: 0
DEBUG [IRDeviceParams.cpp:208] @ 0.0035627s :optics_text: 0000000000000000
DEBUG [IRDeviceParams.cpp:209] @ 0.0035689s :formatspath: 000001B260F97730
DEBUG [IRDeviceParams.cpp:210] @ 0.0035751s :calipath: 0000000000000000
DEBUG [IRDeviceParams.cpp:211] @ 0.0035813s :temperature min: 0
DEBUG [IRDeviceParams.cpp:212] @ 0.003587s :temperature max: 0
DEBUG [IRDeviceParams.cpp:213] @ 0.0035952s :framerate: 32
DEBUG [IRDeviceParams.cpp:214] @ 0.0036014s :bispectral: 0
DEBUG [IRDeviceParams.cpp:215] @ 0.003607s :flag automatic: 1
DEBUG [IRDeviceParams.cpp:216] @ 0.0036132s :min interval: 15
DEBUG [IRDeviceParams.cpp:217] @ 0.0036191s :max interval: 0
DEBUG [IRDeviceParams.cpp:218] @ 0.0036255s :chip heating mode: 0
DEBUG [IRDeviceParams.cpp:219] @ 0.0036334s :chip heating fixed val: 40
DEBUG [IRDeviceParams.cpp:220] @ 0.0036677s :focus:  -1
DEBUG [IRDeviceParams.cpp:221] @ 0.0036736s :enable extended temp range: 0
DEBUG [IRDeviceParams.cpp:222] @ 0.0036832s :buffer queue size: 5
DEBUG [IRDeviceParams.cpp:223] @ 0.0036884s :enable high precision: 0
DEBUG [IRDeviceParams.cpp:224] @ 0.0036956s :radialDistortionCorrectionMode: 0
DEBUG [IRDeviceParams.cpp:225] @ 0.0037012s :deviceAPI: 0
DEBUG [IRDeviceParams.cpp:226] @ 0.0037066s :useExternalProbeForReferencing: 0
DEBUG [IRDeviceParams.cpp:227] @ 0.003712s :enableMultiThreading: 0
DEBUG [IRDeviceParams.cpp:232] @ 0.0037183s :ethernetDevice.deviceIpAddress: 0.0.0.0
DEBUG [IRDeviceParams.cpp:233] @ 0.0037279s :ethernetDevice.localUdpPort: 0
DEBUG [IRDeviceParams.cpp:234] @ 0.003774s :ethernetDevice.checkUdpSenderIp: 1
DEBUG [Cali.cpp:89] @ 0.309606s :Calibration directory path: C:\Users\lucas\AppData\Roaming\Imager\Cali
DEBUG [Cali.cpp:90] @ 0.30963s :Calibration file name: Cali-24024181.xml
DEBUG [Cali.cpp:100] @ 0.309842s :Calibration data A: 1450 B:400 C:4095 D:1000
INFO [IRImager.cpp:266] @ 0.312354s :Init thermal imager to 24024181 with size: 382x290@27 Hz
DEBUG [Cali.cpp:89] @ 0.312549s :Calibration directory path: C:\Users\lucas\AppData\Roaming\Imager\Cali
DEBUG [Cali.cpp:90] @ 0.312559s :Calibration file name: Cali-24024181.xml
DEBUG [Cali.cpp:100] @ 0.312748s :Calibration data A: 1450 B:400 C:4095 D:1000
DEBUG [Cali.cpp:89] @ 0.31543s :Calibration directory path: C:\Users\lucas\AppData\Roaming\Imager\Cali
DEBUG [Cali.cpp:90] @ 0.315446s :Calibration file name: Cali-24024181.xml
DEBUG [Cali.cpp:100] @ 0.315634s :Calibration data A: 1450 B:400 C:4095 D:1000
DEBUG [IRImager.cpp:300] @ 0.315684s :No temperature range configuration specified. Setting default values tMin: -20 , tMax: 100
DEBUG [IRImager.cpp:374] @ 0.315913s :Using HID control interface
DEBUG [IRImager.cpp:414] @ 0.487668s :Initialized HID control interface to device with HW:3401 FW:3447
DEBUG [IRImager.cpp:435] @ 0.487707s :Frameconfig - width(in): 382, height(in): 290, interval: 370370, max framerate: 27, HW interval: 0.037037
DEBUG [Cali.cpp:89] @ 0.487721s :Calibration directory path: C:\Users\lucas\AppData\Roaming\Imager\Cali
DEBUG [Cali.cpp:90] @ 0.487728s :Calibration file name: Cali-24024181.xml
DEBUG [Cali.cpp:100] @ 0.488046s :Calibration data A: 1450 B:400 C:4095 D:1000
DEBUG [ImageProcessing.cpp:200] @ 0.492438s :Source buffer size: 221560 Width: 382 Height: 290
DEBUG [ImageProcessing.cpp:121] @ 0.539561s :Source buffer size: 221560 Width: 382 Height: 290
DEBUG [OpSource.cpp:347] @ 0.54061s :Using formats path: .\Formats.def
DEBUG [OpSource.cpp:598] @ 0.540883s :Format found with size: 382
DEBUG [IRImager.cpp:841] @ 0.541232s :Caught onFrameInit with size: 382x288
DEBUG [OpSource.cpp:347] @ 0.542146s :Using formats path: .\Formats.def
DEBUG [OpSource.cpp:598] @ 0.54232s :Format found with size: 382
DEBUG [OpSource.cpp:347] @ 0.54238s :Using formats path: .\Formats.def
DEBUG [OpCorr.cpp:467] @ 0.544721s :Read cali: C:\Users\lucas\AppData\Roaming\Imager\Cali\Cali-24024181-18-M20-100.dat
DEBUG [OpCorr.cpp:557] @ 0.544771s :Read calibration of camera no 24024181, # of fields: 6 , start of fields: 40
DEBUG [ImageProcessing.cpp:1108] @ 0.836004s :Update flag temperature: 31.5625
DEBUG [ImageProcessing.cpp:1111] @ 0.837986s :Update box temperature: 30.75
DEBUG [Cali.cpp:641] @ 0.838016s :Calibration file path: 000001B261A74354/00000047B6DED100.xml
DEBUG [SimpleXML.cpp:238] @ 0.838129s :Failed to open file C:\Users\lucas\AppData\Roaming\Imager\Cali\CaliExt-24024181.xml
DEBUG [IRImager.cpp:547] @ 0.849933s :Chip heating disabled
DEBUG [IRImager.cpp:1363] @ 0.871313s :Set focusmotor position to 50%
DEBUG [IRImager.cpp:1107] @ 0.938482s :Start flag calibration
