DEBUG [IRLogger.cpp:105] @ 0.0002167s :***************************************************
DEBUG [IRLogger.cpp:106] @ 0.0002774s :* IRImagerDirect SDK                              *
DEBUG [IRLogger.cpp:107] @ 0.0002932s :***************************************************
DEBUG [IRLogger.cpp:113] @ 0.0003052s :* Native Machine:      AMD64
DEBUG [IRLogger.cpp:114] @ 0.0003159s :* Machine:             AMD64
DEBUG [IRLogger.cpp:116] @ 0.0003354s :* OS:                  Windows 10 0 26100
DEBUG [IRLogger.cpp:123] @ 0.0003463s :***************************************************
DEBUG [IRDeviceParams.cpp:204] @ 0.0008056s :Parameters
DEBUG [IRDeviceParams.cpp:205] @ 0.0008207s :serial: 0
DEBUG [IRDeviceParams.cpp:206] @ 0.0008277s :videoformatindex: 0
DEBUG [IRDeviceParams.cpp:207] @ 0.0008339s :fov: 0
DEBUG [IRDeviceParams.cpp:208] @ 0.0008404s :optics_text: 0000000000000000
DEBUG [IRDeviceParams.cpp:209] @ 0.0008494s :formatspath: 00000232D6F01060
DEBUG [IRDeviceParams.cpp:210] @ 0.0008903s :calipath: 0000000000000000
DEBUG [IRDeviceParams.cpp:211] @ 0.0009026s :temperature min: 0
DEBUG [IRDeviceParams.cpp:212] @ 0.0009092s :temperature max: 0
DEBUG [IRDeviceParams.cpp:213] @ 0.0009222s :framerate: 32
DEBUG [IRDeviceParams.cpp:214] @ 0.0009289s :bispectral: 0
DEBUG [IRDeviceParams.cpp:215] @ 0.0009347s :flag automatic: 1
DEBUG [IRDeviceParams.cpp:216] @ 0.0009493s :min interval: 15
DEBUG [IRDeviceParams.cpp:217] @ 0.0009563s :max interval: 0
DEBUG [IRDeviceParams.cpp:218] @ 0.0009839s :chip heating mode: 0
DEBUG [IRDeviceParams.cpp:219] @ 0.0009928s :chip heating fixed val: 40
DEBUG [IRDeviceParams.cpp:220] @ 0.001022s :focus:  -1
DEBUG [IRDeviceParams.cpp:221] @ 0.001029s :enable extended temp range: 0
DEBUG [IRDeviceParams.cpp:222] @ 0.001036s :buffer queue size: 5
DEBUG [IRDeviceParams.cpp:223] @ 0.0010418s :enable high precision: 0
DEBUG [IRDeviceParams.cpp:224] @ 0.0010487s :radialDistortionCorrectionMode: 0
DEBUG [IRDeviceParams.cpp:225] @ 0.0010557s :deviceAPI: 0
DEBUG [IRDeviceParams.cpp:226] @ 0.001077s :useExternalProbeForReferencing: 0
DEBUG [IRDeviceParams.cpp:227] @ 0.0010853s :enableMultiThreading: 0
DEBUG [IRDeviceParams.cpp:232] @ 0.0010931s :ethernetDevice.deviceIpAddress: 0.0.0.0
DEBUG [IRDeviceParams.cpp:233] @ 0.0011126s :ethernetDevice.localUdpPort: 0
DEBUG [IRDeviceParams.cpp:234] @ 0.0011197s :ethernetDevice.checkUdpSenderIp: 1
DEBUG [Cali.cpp:89] @ 0.316019s :Calibration directory path: C:\Users\lucas\AppData\Roaming\Imager\Cali
DEBUG [Cali.cpp:90] @ 0.316046s :Calibration file name: Cali-25014006.xml
DEBUG [Cali.cpp:100] @ 0.316266s :Calibration data A: 1450 B:400 C:4095 D:1000
INFO [IRImager.cpp:266] @ 0.318766s :Init thermal imager to 25014006 with size: 382x290@27 Hz
DEBUG [Cali.cpp:89] @ 0.318991s :Calibration directory path: C:\Users\lucas\AppData\Roaming\Imager\Cali
DEBUG [Cali.cpp:90] @ 0.319001s :Calibration file name: Cali-25014006.xml
DEBUG [Cali.cpp:100] @ 0.319198s :Calibration data A: 1450 B:400 C:4095 D:1000
DEBUG [Cali.cpp:89] @ 0.321635s :Calibration directory path: C:\Users\lucas\AppData\Roaming\Imager\Cali
DEBUG [Cali.cpp:90] @ 0.321649s :Calibration file name: Cali-25014006.xml
DEBUG [Cali.cpp:100] @ 0.321834s :Calibration data A: 1450 B:400 C:4095 D:1000
DEBUG [IRImager.cpp:300] @ 0.321884s :No temperature range configuration specified. Setting default values tMin: -20 , tMax: 100
DEBUG [IRImager.cpp:374] @ 0.32212s :Using HID control interface
DEBUG [IRImager.cpp:414] @ 0.498927s :Initialized HID control interface to device with HW:3401 FW:3448
DEBUG [IRImager.cpp:435] @ 0.498988s :Frameconfig - width(in): 382, height(in): 290, interval: 370370, max framerate: 27, HW interval: 0.037037
DEBUG [Cali.cpp:89] @ 0.499014s :Calibration directory path: C:\Users\lucas\AppData\Roaming\Imager\Cali
DEBUG [Cali.cpp:90] @ 0.499025s :Calibration file name: Cali-25014006.xml
DEBUG [Cali.cpp:100] @ 0.499499s :Calibration data A: 1450 B:400 C:4095 D:1000
DEBUG [ImageProcessing.cpp:200] @ 0.504726s :Source buffer size: 221560 Width: 382 Height: 290
DEBUG [ImageProcessing.cpp:121] @ 0.563028s :Source buffer size: 221560 Width: 382 Height: 290
DEBUG [OpSource.cpp:347] @ 0.566308s :Using formats path: .\Formats.def
DEBUG [OpSource.cpp:598] @ 0.566652s :Format found with size: 382
DEBUG [IRImager.cpp:841] @ 0.567016s :Caught onFrameInit with size: 382x288
DEBUG [OpSource.cpp:347] @ 0.567979s :Using formats path: .\Formats.def
DEBUG [OpSource.cpp:598] @ 0.568124s :Format found with size: 382
DEBUG [OpSource.cpp:347] @ 0.568177s :Using formats path: .\Formats.def
DEBUG [OpCorr.cpp:467] @ 0.5709s :Read cali: C:\Users\lucas\AppData\Roaming\Imager\Cali\Cali-25014006-29-M20-100.dat
DEBUG [OpCorr.cpp:557] @ 0.571003s :Read calibration of camera no 25014006, # of fields: 6 , start of fields: 40
DEBUG [ImageProcessing.cpp:1108] @ 0.861833s :Update flag temperature: 32.25
DEBUG [ImageProcessing.cpp:1111] @ 0.86408s :Update box temperature: 30.8125
DEBUG [Cali.cpp:641] @ 0.864153s :Calibration file path: 00000232D796AEB4/000000DFE11ED1F0.xml
DEBUG [SimpleXML.cpp:238] @ 0.864411s :Failed to open file C:\Users\lucas\AppData\Roaming\Imager\Cali\CaliExt-25014006.xml
DEBUG [IRImager.cpp:547] @ 0.87541s :Chip heating disabled
DEBUG [IRImager.cpp:1363] @ 0.902614s :Set focusmotor position to 80%
DEBUG [IRImager.cpp:1107] @ 0.986306s :Start flag calibration
