DEBUG [IRLogger.cpp:105] @ 0.0011741s :***************************************************
DEBUG [IRLogger.cpp:106] @ 0.0012679s :* IRImagerDirect SDK                              *
DEBUG [IRLogger.cpp:107] @ 0.0012898s :***************************************************
DEBUG [IRLogger.cpp:113] @ 0.0013115s :* Native Machine:      AMD64
DEBUG [IRLogger.cpp:114] @ 0.0013281s :* Machine:             AMD64
DEBUG [IRLogger.cpp:116] @ 0.001353s :* OS:                  Windows 10 0 26100
DEBUG [IRLogger.cpp:123] @ 0.0013665s :***************************************************
DEBUG [IRDeviceParams.cpp:204] @ 0.0133009s :Parameters
DEBUG [IRDeviceParams.cpp:205] @ 0.013322s :serial: 0
DEBUG [IRDeviceParams.cpp:206] @ 0.0133291s :videoformatindex: 0
DEBUG [IRDeviceParams.cpp:207] @ 0.0133361s :fov: 0
DEBUG [IRDeviceParams.cpp:208] @ 0.013343s :optics_text: 0000000000000000
DEBUG [IRDeviceParams.cpp:209] @ 0.0133498s :formatspath: 0000020A30B70710
DEBUG [IRDeviceParams.cpp:210] @ 0.0133563s :calipath: 0000000000000000
DEBUG [IRDeviceParams.cpp:211] @ 0.0133627s :temperature min: 0
DEBUG [IRDeviceParams.cpp:212] @ 0.013369s :temperature max: 0
DEBUG [IRDeviceParams.cpp:213] @ 0.0133778s :framerate: 32
DEBUG [IRDeviceParams.cpp:214] @ 0.0133845s :bispectral: 0
DEBUG [IRDeviceParams.cpp:215] @ 0.0133908s :flag automatic: 1
DEBUG [IRDeviceParams.cpp:216] @ 0.0133976s :min interval: 15
DEBUG [IRDeviceParams.cpp:217] @ 0.0134041s :max interval: 0
DEBUG [IRDeviceParams.cpp:218] @ 0.0134103s :chip heating mode: 0
DEBUG [IRDeviceParams.cpp:219] @ 0.0134174s :chip heating fixed val: 40
DEBUG [IRDeviceParams.cpp:220] @ 0.0134245s :focus:  -1
DEBUG [IRDeviceParams.cpp:221] @ 0.0134307s :enable extended temp range: 0
DEBUG [IRDeviceParams.cpp:222] @ 0.0134375s :buffer queue size: 5
DEBUG [IRDeviceParams.cpp:223] @ 0.0134437s :enable high precision: 0
DEBUG [IRDeviceParams.cpp:224] @ 0.01345s :radialDistortionCorrectionMode: 0
DEBUG [IRDeviceParams.cpp:225] @ 0.0134564s :deviceAPI: 0
DEBUG [IRDeviceParams.cpp:226] @ 0.0134629s :useExternalProbeForReferencing: 0
DEBUG [IRDeviceParams.cpp:227] @ 0.0134695s :enableMultiThreading: 0
DEBUG [IRDeviceParams.cpp:232] @ 0.0134765s :ethernetDevice.deviceIpAddress: 0.0.0.0
DEBUG [IRDeviceParams.cpp:233] @ 0.0134917s :ethernetDevice.localUdpPort: 0
DEBUG [IRDeviceParams.cpp:234] @ 0.0134979s :ethernetDevice.checkUdpSenderIp: 1
DEBUG [Cali.cpp:89] @ 0.377628s :Calibration directory path: C:\Users\lucas\AppData\Roaming\Imager\Cali
DEBUG [Cali.cpp:90] @ 0.377664s :Calibration file name: Cali-24024181.xml
DEBUG [Cali.cpp:100] @ 0.377993s :Calibration data A: 1450 B:400 C:4095 D:1000
INFO [IRImager.cpp:266] @ 0.380817s :Init thermal imager to 24024181 with size: 382x290@27 Hz
DEBUG [Cali.cpp:89] @ 0.381037s :Calibration directory path: C:\Users\lucas\AppData\Roaming\Imager\Cali
DEBUG [Cali.cpp:90] @ 0.381047s :Calibration file name: Cali-24024181.xml
DEBUG [Cali.cpp:100] @ 0.381234s :Calibration data A: 1450 B:400 C:4095 D:1000
DEBUG [Cali.cpp:89] @ 0.383545s :Calibration directory path: C:\Users\lucas\AppData\Roaming\Imager\Cali
DEBUG [Cali.cpp:90] @ 0.383564s :Calibration file name: Cali-24024181.xml
DEBUG [Cali.cpp:100] @ 0.383755s :Calibration data A: 1450 B:400 C:4095 D:1000
DEBUG [IRImager.cpp:300] @ 0.384051s :No temperature range configuration specified. Setting default values tMin: -20 , tMax: 100
DEBUG [IRImager.cpp:374] @ 0.393752s :Using HID control interface
DEBUG [IRImager.cpp:414] @ 0.566064s :Initialized HID control interface to device with HW:3401 FW:3447
DEBUG [IRImager.cpp:435] @ 0.566122s :Frameconfig - width(in): 382, height(in): 290, interval: 370370, max framerate: 27, HW interval: 0.037037
DEBUG [Cali.cpp:89] @ 0.566148s :Calibration directory path: C:\Users\lucas\AppData\Roaming\Imager\Cali
DEBUG [Cali.cpp:90] @ 0.566161s :Calibration file name: Cali-24024181.xml
DEBUG [Cali.cpp:100] @ 0.56662s :Calibration data A: 1450 B:400 C:4095 D:1000
DEBUG [ImageProcessing.cpp:200] @ 0.571041s :Source buffer size: 221560 Width: 382 Height: 290
DEBUG [ImageProcessing.cpp:121] @ 0.623693s :Source buffer size: 221560 Width: 382 Height: 290
DEBUG [OpSource.cpp:347] @ 0.627275s :Using formats path: .\Formats.def
DEBUG [OpSource.cpp:598] @ 0.627753s :Format found with size: 382
DEBUG [IRImager.cpp:841] @ 0.628352s :Caught onFrameInit with size: 382x288
DEBUG [OpSource.cpp:347] @ 0.635701s :Using formats path: .\Formats.def
DEBUG [OpSource.cpp:598] @ 0.636099s :Format found with size: 382
DEBUG [OpSource.cpp:347] @ 0.636254s :Using formats path: .\Formats.def
DEBUG [OpCorr.cpp:467] @ 0.639131s :Read cali: C:\Users\lucas\AppData\Roaming\Imager\Cali\Cali-24024181-18-M20-100.dat
DEBUG [OpCorr.cpp:557] @ 0.639459s :Read calibration of camera no 24024181, # of fields: 6 , start of fields: 40
DEBUG [ImageProcessing.cpp:1108] @ 0.93366s :Update flag temperature: 32.4375
DEBUG [ImageProcessing.cpp:1111] @ 0.935759s :Update box temperature: 31.6875
DEBUG [Cali.cpp:641] @ 0.935837s :Calibration file path: 0000020A31D8A4C4/0000001B8B1ED120.xml
DEBUG [SimpleXML.cpp:238] @ 0.935962s :Failed to open file C:\Users\lucas\AppData\Roaming\Imager\Cali\CaliExt-24024181.xml
DEBUG [IRImager.cpp:547] @ 0.94814s :Chip heating disabled
DEBUG [IRImager.cpp:1107] @ 1.07686s :Start flag calibration
