DEBUG [IRLogger.cpp:105] @ 0.0001937s :***************************************************
DEBUG [IRLogger.cpp:106] @ 0.0002471s :* IRImagerDirect SDK                              *
DEBUG [IRLogger.cpp:107] @ 0.0002615s :***************************************************
DEBUG [IRLogger.cpp:113] @ 0.0002732s :* Native Machine:      AMD64
DEBUG [IRLogger.cpp:114] @ 0.0002838s :* Machine:             AMD64
DEBUG [IRLogger.cpp:116] @ 0.0003046s :* OS:                  Windows 10 0 26100
DEBUG [IRLogger.cpp:123] @ 0.0003605s :***************************************************
DEBUG [IRDeviceParams.cpp:204] @ 0.0008181s :Parameters
DEBUG [IRDeviceParams.cpp:205] @ 0.0008306s :serial: 0
DEBUG [IRDeviceParams.cpp:206] @ 0.0008367s :videoformatindex: 0
DEBUG [IRDeviceParams.cpp:207] @ 0.0008426s :fov: 0
DEBUG [IRDeviceParams.cpp:208] @ 0.0008485s :optics_text: 0000000000000000
DEBUG [IRDeviceParams.cpp:209] @ 0.0008544s :formatspath: 000001D3FEB3EDC0
DEBUG [IRDeviceParams.cpp:210] @ 0.0008602s :calipath: 0000000000000000
DEBUG [IRDeviceParams.cpp:211] @ 0.0008657s :temperature min: 0
DEBUG [IRDeviceParams.cpp:212] @ 0.0008711s :temperature max: 0
DEBUG [IRDeviceParams.cpp:213] @ 0.0008784s :framerate: 32
DEBUG [IRDeviceParams.cpp:214] @ 0.0008841s :bispectral: 0
DEBUG [IRDeviceParams.cpp:215] @ 0.0008894s :flag automatic: 1
DEBUG [IRDeviceParams.cpp:216] @ 0.0008952s :min interval: 15
DEBUG [IRDeviceParams.cpp:217] @ 0.0009007s :max interval: 0
DEBUG [IRDeviceParams.cpp:218] @ 0.000906s :chip heating mode: 0
DEBUG [IRDeviceParams.cpp:219] @ 0.0009122s :chip heating fixed val: 40
DEBUG [IRDeviceParams.cpp:220] @ 0.000919s :focus:  -1
DEBUG [IRDeviceParams.cpp:221] @ 0.0009247s :enable extended temp range: 0
DEBUG [IRDeviceParams.cpp:222] @ 0.0009304s :buffer queue size: 5
DEBUG [IRDeviceParams.cpp:223] @ 0.0009359s :enable high precision: 0
DEBUG [IRDeviceParams.cpp:224] @ 0.0009416s :radialDistortionCorrectionMode: 0
DEBUG [IRDeviceParams.cpp:225] @ 0.0009472s :deviceAPI: 0
DEBUG [IRDeviceParams.cpp:226] @ 0.0009526s :useExternalProbeForReferencing: 0
DEBUG [IRDeviceParams.cpp:227] @ 0.0009581s :enableMultiThreading: 0
DEBUG [IRDeviceParams.cpp:232] @ 0.0009644s :ethernetDevice.deviceIpAddress: 0.0.0.0
DEBUG [IRDeviceParams.cpp:233] @ 0.0009699s :ethernetDevice.localUdpPort: 0
DEBUG [IRDeviceParams.cpp:234] @ 0.0009756s :ethernetDevice.checkUdpSenderIp: 1
DEBUG [Cali.cpp:89] @ 0.348856s :Calibration directory path: C:\Users\lucas\AppData\Roaming\Imager\Cali
DEBUG [Cali.cpp:90] @ 0.348884s :Calibration file name: Cali-24024181.xml
DEBUG [Cali.cpp:100] @ 0.3491s :Calibration data A: 1450 B:400 C:4095 D:1000
INFO [IRImager.cpp:266] @ 0.351777s :Init thermal imager to 24024181 with size: 382x290@27 Hz
DEBUG [Cali.cpp:89] @ 0.351996s :Calibration directory path: C:\Users\lucas\AppData\Roaming\Imager\Cali
DEBUG [Cali.cpp:90] @ 0.352048s :Calibration file name: Cali-24024181.xml
DEBUG [Cali.cpp:100] @ 0.352242s :Calibration data A: 1450 B:400 C:4095 D:1000
DEBUG [Cali.cpp:89] @ 0.355107s :Calibration directory path: C:\Users\lucas\AppData\Roaming\Imager\Cali
DEBUG [Cali.cpp:90] @ 0.355132s :Calibration file name: Cali-24024181.xml
DEBUG [Cali.cpp:100] @ 0.355325s :Calibration data A: 1450 B:400 C:4095 D:1000
DEBUG [IRImager.cpp:300] @ 0.355391s :No temperature range configuration specified. Setting default values tMin: -20 , tMax: 100
DEBUG [IRImager.cpp:374] @ 0.355629s :Using HID control interface
DEBUG [IRImager.cpp:414] @ 0.528517s :Initialized HID control interface to device with HW:3401 FW:3447
DEBUG [IRImager.cpp:435] @ 0.528604s :Frameconfig - width(in): 382, height(in): 290, interval: 370370, max framerate: 27, HW interval: 0.037037
DEBUG [Cali.cpp:89] @ 0.528641s :Calibration directory path: C:\Users\lucas\AppData\Roaming\Imager\Cali
DEBUG [Cali.cpp:90] @ 0.528658s :Calibration file name: Cali-24024181.xml
DEBUG [Cali.cpp:100] @ 0.529391s :Calibration data A: 1450 B:400 C:4095 D:1000
DEBUG [ImageProcessing.cpp:200] @ 0.533992s :Source buffer size: 221560 Width: 382 Height: 290
DEBUG [ImageProcessing.cpp:121] @ 0.586072s :Source buffer size: 221560 Width: 382 Height: 290
DEBUG [OpSource.cpp:347] @ 0.591742s :Using formats path: .\Formats.def
DEBUG [OpSource.cpp:598] @ 0.592184s :Format found with size: 382
DEBUG [IRImager.cpp:841] @ 0.592764s :Caught onFrameInit with size: 382x288
DEBUG [OpSource.cpp:347] @ 0.594481s :Using formats path: .\Formats.def
DEBUG [OpSource.cpp:598] @ 0.594832s :Format found with size: 382
DEBUG [OpSource.cpp:347] @ 0.594953s :Using formats path: .\Formats.def
DEBUG [OpCorr.cpp:467] @ 0.59778s :Read cali: C:\Users\lucas\AppData\Roaming\Imager\Cali\Cali-24024181-18-M20-100.dat
DEBUG [OpCorr.cpp:557] @ 0.597877s :Read calibration of camera no 24024181, # of fields: 6 , start of fields: 40
DEBUG [ImageProcessing.cpp:1108] @ 0.89364s :Update flag temperature: 32.4375
DEBUG [ImageProcessing.cpp:1111] @ 0.895685s :Update box temperature: 31.6875
DEBUG [Cali.cpp:641] @ 0.895737s :Calibration file path: 000001D3FF751EC4/00000028C15ECCA0.xml
DEBUG [SimpleXML.cpp:238] @ 0.895896s :Failed to open file C:\Users\lucas\AppData\Roaming\Imager\Cali\CaliExt-24024181.xml
DEBUG [IRImager.cpp:547] @ 0.911968s :Chip heating disabled
DEBUG [IRImager.cpp:1363] @ 0.935709s :Set focusmotor position to 50%
DEBUG [IRImager.cpp:1107] @ 1.0187s :Start flag calibration
DEBUG [IRImager.cpp:662] @ 6.93952s :Release imager
DEBUG [BaseControlDevice.cpp:26] @ 6.98317s :Base destructor called
DEBUG [IRImager.cpp:669] @ 6.98326s :Delete image processing
DEBUG [IRImager.cpp:676] @ 6.99935s :Delete buffer
DEBUG [IRImager.cpp:684] @ 6.99942s :Delete source buffer
DEBUG [IRImager.cpp:691] @ 6.99944s :Delete buffer (energy)
DEBUG [IRImager.cpp:698] @ 6.99951s :Delete timer
DEBUG [IRImager.cpp:704] @ 6.99953s :Delete manual timer
