DEBUG [IRLogger.cpp:105] @ 0.0022946s :***************************************************
DEBUG [IRLogger.cpp:106] @ 0.0023759s :* IRImagerDirect SDK                              *
DEBUG [IRLogger.cpp:107] @ 0.0024199s :***************************************************
DEBUG [IRLogger.cpp:113] @ 0.0024345s :* Native Machine:      AMD64
DEBUG [IRLogger.cpp:114] @ 0.0024463s :* Machine:             AMD64
DEBUG [IRLogger.cpp:116] @ 0.0024652s :* OS:                  Windows 10 0 26100
DEBUG [IRLogger.cpp:123] @ 0.002476s :***************************************************
DEBUG [IRDeviceParams.cpp:204] @ 0.0028648s :Parameters
DEBUG [IRDeviceParams.cpp:205] @ 0.0028767s :serial: 0
DEBUG [IRDeviceParams.cpp:206] @ 0.0028832s :videoformatindex: 0
DEBUG [IRDeviceParams.cpp:207] @ 0.0028895s :fov: 0
DEBUG [IRDeviceParams.cpp:208] @ 0.0028959s :optics_text: 0000000000000000
DEBUG [IRDeviceParams.cpp:209] @ 0.0029024s :formatspath: 000002E3D9C25CA0
DEBUG [IRDeviceParams.cpp:210] @ 0.0029087s :calipath: 0000000000000000
DEBUG [IRDeviceParams.cpp:211] @ 0.0029153s :temperature min: 0
DEBUG [IRDeviceParams.cpp:212] @ 0.002921s :temperature max: 0
DEBUG [IRDeviceParams.cpp:213] @ 0.002929s :framerate: 32
DEBUG [IRDeviceParams.cpp:214] @ 0.0029349s :bispectral: 0
DEBUG [IRDeviceParams.cpp:215] @ 0.0029406s :flag automatic: 1
DEBUG [IRDeviceParams.cpp:216] @ 0.0029468s :min interval: 15
DEBUG [IRDeviceParams.cpp:217] @ 0.0029527s :max interval: 0
DEBUG [IRDeviceParams.cpp:218] @ 0.0029586s :chip heating mode: 0
DEBUG [IRDeviceParams.cpp:219] @ 0.0029651s :chip heating fixed val: 40
DEBUG [IRDeviceParams.cpp:220] @ 0.0029718s :focus:  -1
DEBUG [IRDeviceParams.cpp:221] @ 0.0029777s :enable extended temp range: 0
DEBUG [IRDeviceParams.cpp:222] @ 0.0029842s :buffer queue size: 5
DEBUG [IRDeviceParams.cpp:223] @ 0.0029901s :enable high precision: 0
DEBUG [IRDeviceParams.cpp:224] @ 0.0029962s :radialDistortionCorrectionMode: 0
DEBUG [IRDeviceParams.cpp:225] @ 0.0030025s :deviceAPI: 0
DEBUG [IRDeviceParams.cpp:226] @ 0.0030086s :useExternalProbeForReferencing: 0
DEBUG [IRDeviceParams.cpp:227] @ 0.0030146s :enableMultiThreading: 0
DEBUG [IRDeviceParams.cpp:232] @ 0.0030212s :ethernetDevice.deviceIpAddress: 0.0.0.0
DEBUG [IRDeviceParams.cpp:233] @ 0.0030272s :ethernetDevice.localUdpPort: 0
DEBUG [IRDeviceParams.cpp:234] @ 0.0030336s :ethernetDevice.checkUdpSenderIp: 1
DEBUG [Cali.cpp:89] @ 0.361397s :Calibration directory path: C:\Users\lucas\AppData\Roaming\Imager\Cali
DEBUG [Cali.cpp:90] @ 0.361422s :Calibration file name: Cali-24024181.xml
DEBUG [Cali.cpp:100] @ 0.361633s :Calibration data A: 1450 B:400 C:4095 D:1000
INFO [IRImager.cpp:266] @ 0.364309s :Init thermal imager to 24024181 with size: 382x290@27 Hz
DEBUG [Cali.cpp:89] @ 0.364515s :Calibration directory path: C:\Users\lucas\AppData\Roaming\Imager\Cali
DEBUG [Cali.cpp:90] @ 0.364525s :Calibration file name: Cali-24024181.xml
DEBUG [Cali.cpp:100] @ 0.364703s :Calibration data A: 1450 B:400 C:4095 D:1000
DEBUG [Cali.cpp:89] @ 0.367346s :Calibration directory path: C:\Users\lucas\AppData\Roaming\Imager\Cali
DEBUG [Cali.cpp:90] @ 0.367362s :Calibration file name: Cali-24024181.xml
DEBUG [Cali.cpp:100] @ 0.367536s :Calibration data A: 1450 B:400 C:4095 D:1000
DEBUG [IRImager.cpp:300] @ 0.367594s :No temperature range configuration specified. Setting default values tMin: -20 , tMax: 100
DEBUG [IRImager.cpp:374] @ 0.367824s :Using HID control interface
DEBUG [IRImager.cpp:414] @ 0.538543s :Initialized HID control interface to device with HW:3401 FW:3447
DEBUG [IRImager.cpp:435] @ 0.538623s :Frameconfig - width(in): 382, height(in): 290, interval: 370370, max framerate: 27, HW interval: 0.037037
DEBUG [Cali.cpp:89] @ 0.538657s :Calibration directory path: C:\Users\lucas\AppData\Roaming\Imager\Cali
DEBUG [Cali.cpp:90] @ 0.538677s :Calibration file name: Cali-24024181.xml
DEBUG [Cali.cpp:100] @ 0.539444s :Calibration data A: 1450 B:400 C:4095 D:1000
DEBUG [ImageProcessing.cpp:200] @ 0.544174s :Source buffer size: 221560 Width: 382 Height: 290
DEBUG [ImageProcessing.cpp:121] @ 0.589895s :Source buffer size: 221560 Width: 382 Height: 290
DEBUG [OpSource.cpp:347] @ 0.591991s :Using formats path: .\Formats.def
DEBUG [OpSource.cpp:598] @ 0.592511s :Format found with size: 382
DEBUG [IRImager.cpp:841] @ 0.593115s :Caught onFrameInit with size: 382x288
DEBUG [OpSource.cpp:347] @ 0.594947s :Using formats path: .\Formats.def
DEBUG [OpSource.cpp:598] @ 0.595176s :Format found with size: 382
DEBUG [OpSource.cpp:347] @ 0.59526s :Using formats path: .\Formats.def
DEBUG [OpCorr.cpp:467] @ 0.598082s :Read cali: C:\Users\lucas\AppData\Roaming\Imager\Cali\Cali-24024181-18-M20-100.dat
DEBUG [OpCorr.cpp:557] @ 0.598194s :Read calibration of camera no 24024181, # of fields: 6 , start of fields: 40
DEBUG [ImageProcessing.cpp:1108] @ 0.90776s :Update flag temperature: 32.3125
DEBUG [ImageProcessing.cpp:1111] @ 0.909776s :Update box temperature: 31.5625
DEBUG [Cali.cpp:641] @ 0.909848s :Calibration file path: 000002E3DA798844/000000F7847ECFA0.xml
DEBUG [SimpleXML.cpp:238] @ 0.91008s :Failed to open file C:\Users\lucas\AppData\Roaming\Imager\Cali\CaliExt-24024181.xml
DEBUG [IRImager.cpp:547] @ 0.929419s :Chip heating disabled
DEBUG [IRImager.cpp:1363] @ 0.958293s :Set focusmotor position to 50%
DEBUG [IRImager.cpp:1107] @ 1.07542s :Start flag calibration
DEBUG [IRImager.cpp:662] @ 9.47245s :Release imager
DEBUG [BaseControlDevice.cpp:26] @ 9.51065s :Base destructor called
DEBUG [IRImager.cpp:669] @ 9.51071s :Delete image processing
DEBUG [IRImager.cpp:676] @ 9.52744s :Delete buffer
DEBUG [IRImager.cpp:684] @ 9.52753s :Delete source buffer
DEBUG [IRImager.cpp:691] @ 9.52755s :Delete buffer (energy)
DEBUG [IRImager.cpp:698] @ 9.52762s :Delete timer
DEBUG [IRImager.cpp:704] @ 9.52764s :Delete manual timer
