DEBUG [IRLogger.cpp:105] @ 0.0002514s :***************************************************
DEBUG [IRLogger.cpp:106] @ 0.0003322s :* IRImagerDirect SDK                              *
DEBUG [IRLogger.cpp:107] @ 0.0003479s :***************************************************
DEBUG [IRLogger.cpp:113] @ 0.0003614s :* Native Machine:      AMD64
DEBUG [IRLogger.cpp:114] @ 0.0003722s :* Machine:             AMD64
DEBUG [IRLogger.cpp:116] @ 0.0004004s :* OS:                  Windows 10 0 26100
DEBUG [IRLogger.cpp:123] @ 0.0004114s :***************************************************
DEBUG [IRDeviceParams.cpp:204] @ 0.0008687s :Parameters
DEBUG [IRDeviceParams.cpp:205] @ 0.0008831s :serial: 0
DEBUG [IRDeviceParams.cpp:206] @ 0.0008894s :videoformatindex: 0
DEBUG [IRDeviceParams.cpp:207] @ 0.0008955s :fov: 0
DEBUG [IRDeviceParams.cpp:208] @ 0.0009017s :optics_text: 0000000000000000
DEBUG [IRDeviceParams.cpp:209] @ 0.0009078s :formatspath: 000001D976710EF0
DEBUG [IRDeviceParams.cpp:210] @ 0.0009142s :calipath: 0000000000000000
DEBUG [IRDeviceParams.cpp:211] @ 0.00092s :temperature min: 0
DEBUG [IRDeviceParams.cpp:212] @ 0.0009257s :temperature max: 0
DEBUG [IRDeviceParams.cpp:213] @ 0.0009336s :framerate: 32
DEBUG [IRDeviceParams.cpp:214] @ 0.0009393s :bispectral: 0
DEBUG [IRDeviceParams.cpp:215] @ 0.0009456s :flag automatic: 1
DEBUG [IRDeviceParams.cpp:216] @ 0.0009518s :min interval: 15
DEBUG [IRDeviceParams.cpp:217] @ 0.0009576s :max interval: 0
DEBUG [IRDeviceParams.cpp:218] @ 0.0009632s :chip heating mode: 0
DEBUG [IRDeviceParams.cpp:219] @ 0.0009692s :chip heating fixed val: 40
DEBUG [IRDeviceParams.cpp:220] @ 0.0009756s :focus:  -1
DEBUG [IRDeviceParams.cpp:221] @ 0.0009815s :enable extended temp range: 0
DEBUG [IRDeviceParams.cpp:222] @ 0.0009875s :buffer queue size: 5
DEBUG [IRDeviceParams.cpp:223] @ 0.0009932s :enable high precision: 0
DEBUG [IRDeviceParams.cpp:224] @ 0.0009988s :radialDistortionCorrectionMode: 0
DEBUG [IRDeviceParams.cpp:225] @ 0.0010045s :deviceAPI: 0
DEBUG [IRDeviceParams.cpp:226] @ 0.0010109s :useExternalProbeForReferencing: 0
DEBUG [IRDeviceParams.cpp:227] @ 0.0010168s :enableMultiThreading: 0
DEBUG [IRDeviceParams.cpp:232] @ 0.0010232s :ethernetDevice.deviceIpAddress: 0.0.0.0
DEBUG [IRDeviceParams.cpp:233] @ 0.0010291s :ethernetDevice.localUdpPort: 0
DEBUG [IRDeviceParams.cpp:234] @ 0.0010349s :ethernetDevice.checkUdpSenderIp: 1
DEBUG [Cali.cpp:89] @ 0.24498s :Calibration directory path: C:\Users\lucas\AppData\Roaming\Imager\Cali
DEBUG [Cali.cpp:90] @ 0.245005s :Calibration file name: Cali-24024181.xml
DEBUG [Cali.cpp:100] @ 0.245211s :Calibration data A: 1450 B:400 C:4095 D:1000
INFO [IRImager.cpp:266] @ 0.248018s :Init thermal imager to 24024181 with size: 382x290@27 Hz
DEBUG [Cali.cpp:89] @ 0.248221s :Calibration directory path: C:\Users\lucas\AppData\Roaming\Imager\Cali
DEBUG [Cali.cpp:90] @ 0.24823s :Calibration file name: Cali-24024181.xml
DEBUG [Cali.cpp:100] @ 0.248402s :Calibration data A: 1450 B:400 C:4095 D:1000
DEBUG [Cali.cpp:89] @ 0.250698s :Calibration directory path: C:\Users\lucas\AppData\Roaming\Imager\Cali
DEBUG [Cali.cpp:90] @ 0.250714s :Calibration file name: Cali-24024181.xml
DEBUG [Cali.cpp:100] @ 0.250904s :Calibration data A: 1450 B:400 C:4095 D:1000
DEBUG [IRImager.cpp:300] @ 0.251224s :No temperature range configuration specified. Setting default values tMin: -20 , tMax: 100
DEBUG [IRImager.cpp:374] @ 0.258253s :Using HID control interface
DEBUG [IRImager.cpp:414] @ 0.43737s :Initialized HID control interface to device with HW:3401 FW:3447
DEBUG [IRImager.cpp:435] @ 0.437444s :Frameconfig - width(in): 382, height(in): 290, interval: 370370, max framerate: 27, HW interval: 0.037037
DEBUG [Cali.cpp:89] @ 0.437475s :Calibration directory path: C:\Users\lucas\AppData\Roaming\Imager\Cali
DEBUG [Cali.cpp:90] @ 0.437492s :Calibration file name: Cali-24024181.xml
DEBUG [Cali.cpp:100] @ 0.438151s :Calibration data A: 1450 B:400 C:4095 D:1000
DEBUG [ImageProcessing.cpp:200] @ 0.442917s :Source buffer size: 221560 Width: 382 Height: 290
DEBUG [ImageProcessing.cpp:121] @ 0.500658s :Source buffer size: 221560 Width: 382 Height: 290
DEBUG [OpSource.cpp:347] @ 0.504088s :Using formats path: .\Formats.def
DEBUG [OpSource.cpp:598] @ 0.504356s :Format found with size: 382
DEBUG [IRImager.cpp:841] @ 0.504559s :Caught onFrameInit with size: 382x288
DEBUG [OpSource.cpp:347] @ 0.505267s :Using formats path: .\Formats.def
DEBUG [OpSource.cpp:598] @ 0.505408s :Format found with size: 382
DEBUG [OpSource.cpp:347] @ 0.505455s :Using formats path: .\Formats.def
DEBUG [OpCorr.cpp:467] @ 0.507869s :Read cali: C:\Users\lucas\AppData\Roaming\Imager\Cali\Cali-24024181-18-M20-100.dat
DEBUG [OpCorr.cpp:557] @ 0.507931s :Read calibration of camera no 24024181, # of fields: 6 , start of fields: 40
DEBUG [ImageProcessing.cpp:1108] @ 0.801355s :Update flag temperature: 26.8125
DEBUG [ImageProcessing.cpp:1111] @ 0.803434s :Update box temperature: 26.5
DEBUG [Cali.cpp:641] @ 0.803488s :Calibration file path: 000001D977A7E294/000000D4BC9FCE40.xml
DEBUG [SimpleXML.cpp:238] @ 0.803776s :Failed to open file C:\Users\lucas\AppData\Roaming\Imager\Cali\CaliExt-24024181.xml
DEBUG [IRImager.cpp:547] @ 0.815905s :Chip heating disabled
DEBUG [IRImager.cpp:1107] @ 0.957408s :Start flag calibration
DEBUG [OpFlag.cpp:591] @ 11.884s :SkimDiff: -27 Adjust: -5269 State: 1 EMax: 5600 Emin: -1865
DEBUG [ImageProcessing.cpp:526] @ 11.895s :Skim_Adjust 2215
DEBUG [IRImager.cpp:1121] @ 12.365s :Finished startup calibration
DEBUG [IRImager.cpp:1172] @ 26.5084s :Automatic control of shutter flag
DEBUG [OpFlag.cpp:591] @ 26.9564s :SkimDiff: -26 Adjust: -5038 State: 1 EMax: 7885 Emin: -1634
DEBUG [ImageProcessing.cpp:526] @ 26.9689s :Skim_Adjust 2189
DEBUG [IRImager.cpp:1172] @ 41.5801s :Automatic control of shutter flag
DEBUG [OpFlag.cpp:591] @ 42.0282s :SkimDiff: -17 Adjust: -3343 State: 3 EMax: 10124 Emin: 227
DEBUG [ImageProcessing.cpp:526] @ 42.0396s :Skim_Adjust 2172
DEBUG [IRImager.cpp:1172] @ 56.6523s :Automatic control of shutter flag
DEBUG [OpFlag.cpp:591] @ 57.1003s :SkimDiff: -10 Adjust: -1908 State: 3 EMax: 11589 Emin: 1631
DEBUG [ImageProcessing.cpp:526] @ 57.1119s :Skim_Adjust 2162
DEBUG [IRImager.cpp:1172] @ 71.7882s :Automatic control of shutter flag
DEBUG [OpFlag.cpp:591] @ 72.2679s :SkimDiff: -6 Adjust: -1091 State: 3 EMax: 12419 Emin: 2435
DEBUG [ImageProcessing.cpp:526] @ 72.2794s :Skim_Adjust 2161
DEBUG [IRImager.cpp:1172] @ 89.7242s :Automatic control of shutter flag
DEBUG [OpFlag.cpp:591] @ 90.1562s :SkimDiff: -6 Adjust: -1004 State: 3 EMax: 12523 Emin: 2506
DEBUG [ImageProcessing.cpp:526] @ 90.168s :Skim_Adjust 2160
DEBUG [IRImager.cpp:1172] @ 107.644s :Automatic control of shutter flag
DEBUG [OpFlag.cpp:591] @ 108.092s :SkimDiff: -5 Adjust: -930 State: 3 EMax: 12603 Emin: 2574
DEBUG [ImageProcessing.cpp:526] @ 108.104s :Skim_Adjust 2159
DEBUG [IRImager.cpp:662] @ 132.334s :Release imager
DEBUG [BaseControlDevice.cpp:26] @ 132.371s :Base destructor called
DEBUG [IRImager.cpp:669] @ 132.371s :Delete image processing
DEBUG [IRImager.cpp:676] @ 132.388s :Delete buffer
DEBUG [IRImager.cpp:684] @ 132.388s :Delete source buffer
DEBUG [IRImager.cpp:691] @ 132.388s :Delete buffer (energy)
DEBUG [IRImager.cpp:698] @ 132.388s :Delete timer
DEBUG [IRImager.cpp:704] @ 132.388s :Delete manual timer
