DEBUG [IRLogger.cpp:105] @ 0.0002508s :***************************************************
DEBUG [IRLogger.cpp:106] @ 0.0003207s :* IRImagerDirect SDK                              *
DEBUG [IRLogger.cpp:107] @ 0.0003835s :***************************************************
DEBUG [IRLogger.cpp:113] @ 0.0004043s :* Native Machine:      AMD64
DEBUG [IRLogger.cpp:114] @ 0.000416s :* Machine:             AMD64
DEBUG [IRLogger.cpp:116] @ 0.0004348s :* OS:                  Windows 10 0 26100
DEBUG [IRLogger.cpp:123] @ 0.0004446s :***************************************************
DEBUG [IRDeviceParams.cpp:204] @ 0.0020679s :Parameters
DEBUG [IRDeviceParams.cpp:205] @ 0.0020821s :serial: 0
DEBUG [IRDeviceParams.cpp:206] @ 0.0020892s :videoformatindex: 0
DEBUG [IRDeviceParams.cpp:207] @ 0.0020955s :fov: 0
DEBUG [IRDeviceParams.cpp:208] @ 0.002102s :optics_text: 0000000000000000
DEBUG [IRDeviceParams.cpp:209] @ 0.0021085s :formatspath: 000001FEA05BF1E0
DEBUG [IRDeviceParams.cpp:210] @ 0.0021146s :calipath: 0000000000000000
DEBUG [IRDeviceParams.cpp:211] @ 0.0021204s :temperature min: 0
DEBUG [IRDeviceParams.cpp:212] @ 0.0021633s :temperature max: 0
DEBUG [IRDeviceParams.cpp:213] @ 0.002174s :framerate: 32
DEBUG [IRDeviceParams.cpp:214] @ 0.00218s :bispectral: 0
DEBUG [IRDeviceParams.cpp:215] @ 0.002186s :flag automatic: 1
DEBUG [IRDeviceParams.cpp:216] @ 0.0021923s :min interval: 15
DEBUG [IRDeviceParams.cpp:217] @ 0.0021983s :max interval: 0
DEBUG [IRDeviceParams.cpp:218] @ 0.002204s :chip heating mode: 0
DEBUG [IRDeviceParams.cpp:219] @ 0.0022104s :chip heating fixed val: 40
DEBUG [IRDeviceParams.cpp:220] @ 0.0022185s :focus:  -1
DEBUG [IRDeviceParams.cpp:221] @ 0.0022248s :enable extended temp range: 0
DEBUG [IRDeviceParams.cpp:222] @ 0.002251s :buffer queue size: 5
DEBUG [IRDeviceParams.cpp:223] @ 0.0022571s :enable high precision: 0
DEBUG [IRDeviceParams.cpp:224] @ 0.0022652s :radialDistortionCorrectionMode: 0
DEBUG [IRDeviceParams.cpp:225] @ 0.0022708s :deviceAPI: 0
DEBUG [IRDeviceParams.cpp:226] @ 0.0022766s :useExternalProbeForReferencing: 0
DEBUG [IRDeviceParams.cpp:227] @ 0.0022822s :enableMultiThreading: 0
DEBUG [IRDeviceParams.cpp:232] @ 0.0022884s :ethernetDevice.deviceIpAddress: 0.0.0.0
DEBUG [IRDeviceParams.cpp:233] @ 0.002294s :ethernetDevice.localUdpPort: 0
DEBUG [IRDeviceParams.cpp:234] @ 0.0022996s :ethernetDevice.checkUdpSenderIp: 1
DEBUG [Cali.cpp:89] @ 0.314224s :Calibration directory path: C:\Users\lucas\AppData\Roaming\Imager\Cali
DEBUG [Cali.cpp:90] @ 0.314249s :Calibration file name: Cali-24024181.xml
DEBUG [Cali.cpp:100] @ 0.314536s :Calibration data A: 1450 B:400 C:4095 D:1000
INFO [IRImager.cpp:266] @ 0.317338s :Init thermal imager to 24024181 with size: 382x290@27 Hz
DEBUG [Cali.cpp:89] @ 0.317536s :Calibration directory path: C:\Users\lucas\AppData\Roaming\Imager\Cali
DEBUG [Cali.cpp:90] @ 0.317546s :Calibration file name: Cali-24024181.xml
DEBUG [Cali.cpp:100] @ 0.317734s :Calibration data A: 1450 B:400 C:4095 D:1000
DEBUG [Cali.cpp:89] @ 0.320143s :Calibration directory path: C:\Users\lucas\AppData\Roaming\Imager\Cali
DEBUG [Cali.cpp:90] @ 0.320157s :Calibration file name: Cali-24024181.xml
DEBUG [Cali.cpp:100] @ 0.320343s :Calibration data A: 1450 B:400 C:4095 D:1000
DEBUG [IRImager.cpp:300] @ 0.320418s :No temperature range configuration specified. Setting default values tMin: -20 , tMax: 100
DEBUG [IRImager.cpp:374] @ 0.320684s :Using HID control interface
DEBUG [IRImager.cpp:414] @ 0.489486s :Initialized HID control interface to device with HW:3401 FW:3447
DEBUG [IRImager.cpp:435] @ 0.489532s :Frameconfig - width(in): 382, height(in): 290, interval: 370370, max framerate: 27, HW interval: 0.037037
DEBUG [Cali.cpp:89] @ 0.489546s :Calibration directory path: C:\Users\lucas\AppData\Roaming\Imager\Cali
DEBUG [Cali.cpp:90] @ 0.489552s :Calibration file name: Cali-24024181.xml
DEBUG [Cali.cpp:100] @ 0.489852s :Calibration data A: 1450 B:400 C:4095 D:1000
DEBUG [ImageProcessing.cpp:200] @ 0.494254s :Source buffer size: 221560 Width: 382 Height: 290
DEBUG [ImageProcessing.cpp:121] @ 0.537924s :Source buffer size: 221560 Width: 382 Height: 290
DEBUG [OpSource.cpp:347] @ 0.5386s :Using formats path: .\Formats.def
DEBUG [OpSource.cpp:598] @ 0.53878s :Format found with size: 382
DEBUG [IRImager.cpp:841] @ 0.539035s :Caught onFrameInit with size: 382x288
DEBUG [OpSource.cpp:347] @ 0.539953s :Using formats path: .\Formats.def
DEBUG [OpSource.cpp:598] @ 0.540094s :Format found with size: 382
DEBUG [OpSource.cpp:347] @ 0.540149s :Using formats path: .\Formats.def
DEBUG [OpCorr.cpp:467] @ 0.542789s :Read cali: C:\Users\lucas\AppData\Roaming\Imager\Cali\Cali-24024181-18-M20-100.dat
DEBUG [OpCorr.cpp:557] @ 0.542856s :Read calibration of camera no 24024181, # of fields: 6 , start of fields: 40
DEBUG [ImageProcessing.cpp:1108] @ 0.836579s :Update flag temperature: 31.5
DEBUG [ImageProcessing.cpp:1111] @ 0.838559s :Update box temperature: 30.6875
DEBUG [Cali.cpp:641] @ 0.838591s :Calibration file path: 000001FEA12A6E04/000000F2BEDECEF0.xml
DEBUG [SimpleXML.cpp:238] @ 0.838742s :Failed to open file C:\Users\lucas\AppData\Roaming\Imager\Cali\CaliExt-24024181.xml
DEBUG [IRImager.cpp:547] @ 0.86387s :Chip heating disabled
DEBUG [IRImager.cpp:1363] @ 0.888744s :Set focusmotor position to 80%
DEBUG [IRImager.cpp:1107] @ 0.938741s :Start flag calibration
DEBUG [OpFlag.cpp:591] @ 11.8656s :SkimDiff: -29 Adjust: -5682 State: 1 EMax: 5631 Emin: -2278
DEBUG [ImageProcessing.cpp:526] @ 11.8768s :Skim_Adjust 2213
DEBUG [IRImager.cpp:1121] @ 12.346s :Finished startup calibration
DEBUG [IRImager.cpp:1172] @ 26.4581s :Automatic control of shutter flag
DEBUG [OpFlag.cpp:591] @ 26.9376s :SkimDiff: -28 Adjust: -5461 State: 3 EMax: 8341 Emin: -2226
DEBUG [ImageProcessing.cpp:526] @ 26.9488s :Skim_Adjust 2185
DEBUG [IRImager.cpp:662] @ 96.6196s :Release imager
DEBUG [BaseControlDevice.cpp:26] @ 96.6537s :Base destructor called
DEBUG [IRImager.cpp:669] @ 96.6537s :Delete image processing
DEBUG [IRImager.cpp:676] @ 96.6695s :Delete buffer
DEBUG [IRImager.cpp:684] @ 96.6695s :Delete source buffer
DEBUG [IRImager.cpp:691] @ 96.6696s :Delete buffer (energy)
DEBUG [IRImager.cpp:698] @ 96.6696s :Delete timer
DEBUG [IRImager.cpp:704] @ 96.6696s :Delete manual timer
