DEBUG [IRLogger.cpp:105] @ 0.0002398s :***************************************************
DEBUG [IRLogger.cpp:106] @ 0.0002934s :* IRImagerDirect SDK                              *
DEBUG [IRLogger.cpp:107] @ 0.0003203s :***************************************************
DEBUG [IRLogger.cpp:113] @ 0.0003546s :* Native Machine:      AMD64
DEBUG [IRLogger.cpp:114] @ 0.0003665s :* Machine:             AMD64
DEBUG [IRLogger.cpp:116] @ 0.000384s :* OS:                  Windows 10 0 26100
DEBUG [IRLogger.cpp:123] @ 0.000393s :***************************************************
DEBUG [IRDeviceParams.cpp:204] @ 0.0034353s :Parameters
DEBUG [IRDeviceParams.cpp:205] @ 0.0035362s :serial: 0
DEBUG [IRDeviceParams.cpp:206] @ 0.0035444s :videoformatindex: 0
DEBUG [IRDeviceParams.cpp:207] @ 0.0035508s :fov: 0
DEBUG [IRDeviceParams.cpp:208] @ 0.0035569s :optics_text: 0000000000000000
DEBUG [IRDeviceParams.cpp:209] @ 0.003563s :formatspath: 000001FBC9D2EED0
DEBUG [IRDeviceParams.cpp:210] @ 0.0035796s :calipath: 0000000000000000
DEBUG [IRDeviceParams.cpp:211] @ 0.003591s :temperature min: 0
DEBUG [IRDeviceParams.cpp:212] @ 0.0035963s :temperature max: 0
DEBUG [IRDeviceParams.cpp:213] @ 0.003604s :framerate: 32
DEBUG [IRDeviceParams.cpp:214] @ 0.0036097s :bispectral: 0
DEBUG [IRDeviceParams.cpp:215] @ 0.0036152s :flag automatic: 1
DEBUG [IRDeviceParams.cpp:216] @ 0.003621s :min interval: 15
DEBUG [IRDeviceParams.cpp:217] @ 0.0036268s :max interval: 0
DEBUG [IRDeviceParams.cpp:218] @ 0.0036447s :chip heating mode: 0
DEBUG [IRDeviceParams.cpp:219] @ 0.003652s :chip heating fixed val: 40
DEBUG [IRDeviceParams.cpp:220] @ 0.0036832s :focus:  -1
DEBUG [IRDeviceParams.cpp:221] @ 0.0037146s :enable extended temp range: 0
DEBUG [IRDeviceParams.cpp:222] @ 0.0037383s :buffer queue size: 5
DEBUG [IRDeviceParams.cpp:223] @ 0.0037453s :enable high precision: 0
DEBUG [IRDeviceParams.cpp:224] @ 0.0037854s :radialDistortionCorrectionMode: 0
DEBUG [IRDeviceParams.cpp:225] @ 0.0037951s :deviceAPI: 0
DEBUG [IRDeviceParams.cpp:226] @ 0.0038026s :useExternalProbeForReferencing: 0
DEBUG [IRDeviceParams.cpp:227] @ 0.0038087s :enableMultiThreading: 0
DEBUG [IRDeviceParams.cpp:232] @ 0.0038153s :ethernetDevice.deviceIpAddress: 0.0.0.0
DEBUG [IRDeviceParams.cpp:233] @ 0.0038212s :ethernetDevice.localUdpPort: 0
DEBUG [IRDeviceParams.cpp:234] @ 0.0038267s :ethernetDevice.checkUdpSenderIp: 1
DEBUG [Cali.cpp:89] @ 0.313537s :Calibration directory path: C:\Users\lucas\AppData\Roaming\Imager\Cali
DEBUG [Cali.cpp:90] @ 0.313564s :Calibration file name: Cali-25014006.xml
DEBUG [Cali.cpp:100] @ 0.313787s :Calibration data A: 1450 B:400 C:4095 D:1000
INFO [IRImager.cpp:266] @ 0.315992s :Init thermal imager to 25014006 with size: 382x290@27 Hz
DEBUG [Cali.cpp:89] @ 0.316186s :Calibration directory path: C:\Users\lucas\AppData\Roaming\Imager\Cali
DEBUG [Cali.cpp:90] @ 0.316195s :Calibration file name: Cali-25014006.xml
DEBUG [Cali.cpp:100] @ 0.316385s :Calibration data A: 1450 B:400 C:4095 D:1000
DEBUG [Cali.cpp:89] @ 0.318467s :Calibration directory path: C:\Users\lucas\AppData\Roaming\Imager\Cali
DEBUG [Cali.cpp:90] @ 0.31848s :Calibration file name: Cali-25014006.xml
DEBUG [Cali.cpp:100] @ 0.318658s :Calibration data A: 1450 B:400 C:4095 D:1000
DEBUG [IRImager.cpp:300] @ 0.318706s :No temperature range configuration specified. Setting default values tMin: -20 , tMax: 100
DEBUG [IRImager.cpp:374] @ 0.31894s :Using HID control interface
DEBUG [IRImager.cpp:414] @ 0.487418s :Initialized HID control interface to device with HW:3401 FW:3448
DEBUG [IRImager.cpp:435] @ 0.487525s :Frameconfig - width(in): 382, height(in): 290, interval: 370370, max framerate: 27, HW interval: 0.037037
DEBUG [Cali.cpp:89] @ 0.487569s :Calibration directory path: C:\Users\lucas\AppData\Roaming\Imager\Cali
DEBUG [Cali.cpp:90] @ 0.487596s :Calibration file name: Cali-25014006.xml
DEBUG [Cali.cpp:100] @ 0.488621s :Calibration data A: 1450 B:400 C:4095 D:1000
DEBUG [ImageProcessing.cpp:200] @ 0.493343s :Source buffer size: 221560 Width: 382 Height: 290
DEBUG [ImageProcessing.cpp:121] @ 0.543947s :Source buffer size: 221560 Width: 382 Height: 290
DEBUG [OpSource.cpp:347] @ 0.545638s :Using formats path: .\Formats.def
DEBUG [OpSource.cpp:598] @ 0.546032s :Format found with size: 382
DEBUG [IRImager.cpp:841] @ 0.546448s :Caught onFrameInit with size: 382x288
DEBUG [OpSource.cpp:347] @ 0.547533s :Using formats path: .\Formats.def
DEBUG [OpSource.cpp:598] @ 0.547742s :Format found with size: 382
DEBUG [OpSource.cpp:347] @ 0.547806s :Using formats path: .\Formats.def
DEBUG [OpCorr.cpp:467] @ 0.550185s :Read cali: C:\Users\lucas\AppData\Roaming\Imager\Cali\Cali-25014006-29-M20-100.dat
DEBUG [OpCorr.cpp:557] @ 0.550226s :Read calibration of camera no 25014006, # of fields: 6 , start of fields: 40
DEBUG [ImageProcessing.cpp:1108] @ 0.844207s :Update flag temperature: 32.375
DEBUG [ImageProcessing.cpp:1111] @ 0.846455s :Update box temperature: 31
DEBUG [Cali.cpp:641] @ 0.846548s :Calibration file path: 000001FBC9E464D4/000000D8737FD170.xml
DEBUG [SimpleXML.cpp:238] @ 0.846816s :Failed to open file C:\Users\lucas\AppData\Roaming\Imager\Cali\CaliExt-25014006.xml
DEBUG [IRImager.cpp:547] @ 0.869501s :Chip heating disabled
DEBUG [IRImager.cpp:1363] @ 0.891889s :Set focusmotor position to 80%
DEBUG [IRImager.cpp:1107] @ 0.95847s :Start flag calibration
DEBUG [OpFlag.cpp:591] @ 11.8852s :SkimDiff: -26 Adjust: -5062 State: 1 EMax: 7967 Emin: -1658
DEBUG [ImageProcessing.cpp:526] @ 11.8968s :Skim_Adjust 2181
DEBUG [IRImager.cpp:662] @ 12.4322s :Release imager
DEBUG [BaseControlDevice.cpp:26] @ 12.4737s :Base destructor called
DEBUG [IRImager.cpp:669] @ 12.4737s :Delete image processing
DEBUG [IRImager.cpp:676] @ 12.4897s :Delete buffer
DEBUG [IRImager.cpp:684] @ 12.4899s :Delete source buffer
DEBUG [IRImager.cpp:691] @ 12.4899s :Delete buffer (energy)
DEBUG [IRImager.cpp:698] @ 12.4899s :Delete timer
DEBUG [IRImager.cpp:704] @ 12.4899s :Delete manual timer
