DEBUG [IRLogger.cpp:105] @ 0.0002182s :***************************************************
DEBUG [IRLogger.cpp:106] @ 0.0002746s :* IRImagerDirect SDK                              *
DEBUG [IRLogger.cpp:107] @ 0.0002887s :***************************************************
DEBUG [IRLogger.cpp:113] @ 0.0003001s :* Native Machine:      AMD64
DEBUG [IRLogger.cpp:114] @ 0.000314s :* Machine:             AMD64
DEBUG [IRLogger.cpp:116] @ 0.0003894s :* OS:                  Windows 10 0 26100
DEBUG [IRLogger.cpp:123] @ 0.0004117s :***************************************************
DEBUG [IRDeviceParams.cpp:204] @ 0.0008692s :Parameters
DEBUG [IRDeviceParams.cpp:205] @ 0.0008809s :serial: 0
DEBUG [IRDeviceParams.cpp:206] @ 0.0008869s :videoformatindex: 0
DEBUG [IRDeviceParams.cpp:207] @ 0.000893s :fov: 0
DEBUG [IRDeviceParams.cpp:208] @ 0.0008993s :optics_text: 0000000000000000
DEBUG [IRDeviceParams.cpp:209] @ 0.0009056s :formatspath: 0000027BFEF443B0
DEBUG [IRDeviceParams.cpp:210] @ 0.0009115s :calipath: 0000000000000000
DEBUG [IRDeviceParams.cpp:211] @ 0.0009175s :temperature min: 0
DEBUG [IRDeviceParams.cpp:212] @ 0.0009232s :temperature max: 0
DEBUG [IRDeviceParams.cpp:213] @ 0.000931s :framerate: 32
DEBUG [IRDeviceParams.cpp:214] @ 0.000937s :bispectral: 0
DEBUG [IRDeviceParams.cpp:215] @ 0.0009426s :flag automatic: 1
DEBUG [IRDeviceParams.cpp:216] @ 0.0009486s :min interval: 15
DEBUG [IRDeviceParams.cpp:217] @ 0.0009545s :max interval: 0
DEBUG [IRDeviceParams.cpp:218] @ 0.0009601s :chip heating mode: 0
DEBUG [IRDeviceParams.cpp:219] @ 0.0009662s :chip heating fixed val: 40
DEBUG [IRDeviceParams.cpp:220] @ 0.0009729s :focus:  -1
DEBUG [IRDeviceParams.cpp:221] @ 0.0009787s :enable extended temp range: 0
DEBUG [IRDeviceParams.cpp:222] @ 0.0009844s :buffer queue size: 5
DEBUG [IRDeviceParams.cpp:223] @ 0.0009898s :enable high precision: 0
DEBUG [IRDeviceParams.cpp:224] @ 0.0009954s :radialDistortionCorrectionMode: 0
DEBUG [IRDeviceParams.cpp:225] @ 0.001001s :deviceAPI: 0
DEBUG [IRDeviceParams.cpp:226] @ 0.0010068s :useExternalProbeForReferencing: 0
DEBUG [IRDeviceParams.cpp:227] @ 0.0010125s :enableMultiThreading: 0
DEBUG [IRDeviceParams.cpp:232] @ 0.0010345s :ethernetDevice.deviceIpAddress: 0.0.0.0
DEBUG [IRDeviceParams.cpp:233] @ 0.0011352s :ethernetDevice.localUdpPort: 0
DEBUG [IRDeviceParams.cpp:234] @ 0.0011942s :ethernetDevice.checkUdpSenderIp: 1
DEBUG [Cali.cpp:89] @ 0.382819s :Calibration directory path: C:\Users\lucas\AppData\Roaming\Imager\Cali
DEBUG [Cali.cpp:90] @ 0.382845s :Calibration file name: Cali-24024181.xml
DEBUG [SimpleXML.cpp:238] @ 0.382898s :Failed to open file C:\Users\lucas\AppData\Roaming\Imager\Cali\Cali-24024181.xml
DEBUG [Cali.cpp:89] @ 0.382911s :Calibration directory path: C:\Users\lucas\AppData\Roaming\Imager\Cali
DEBUG [Cali.cpp:90] @ 0.382917s :Calibration file name: Cali-24024181.xml
DEBUG [SimpleXML.cpp:238] @ 0.382942s :Failed to open file C:\Users\lucas\AppData\Roaming\Imager\Cali\Cali-24024181.xml
DEBUG [Cali.cpp:89] @ 0.382952s :Calibration directory path: C:\Users\lucas\AppData\Roaming\Imager\Cali
DEBUG [Cali.cpp:90] @ 0.382958s :Calibration file name: Cali-24024181.xml
DEBUG [SimpleXML.cpp:238] @ 0.382985s :Failed to open file C:\Users\lucas\AppData\Roaming\Imager\Cali\Cali-24024181.xml
DEBUG [Cali.cpp:89] @ 0.382999s :Calibration directory path: C:\Users\lucas\AppData\Roaming\Imager\Cali
DEBUG [Cali.cpp:90] @ 0.383005s :Calibration file name: Cali-24024181.xml
DEBUG [SimpleXML.cpp:238] @ 0.38303s :Failed to open file C:\Users\lucas\AppData\Roaming\Imager\Cali\Cali-24024181.xml
DEBUG [Cali.cpp:89] @ 2.59213s :Calibration directory path: C:\Users\lucas\AppData\Roaming\Imager\Cali
DEBUG [Cali.cpp:90] @ 2.59215s :Calibration file name: Cali-24024181.xml
DEBUG [SimpleXML.cpp:238] @ 2.59221s :Failed to open file C:\Users\lucas\AppData\Roaming\Imager\Cali\Cali-24024181.xml
DEBUG [Cali.cpp:89] @ 2.59222s :Calibration directory path: C:\Users\lucas\AppData\Roaming\Imager\Cali
DEBUG [Cali.cpp:90] @ 2.59222s :Calibration file name: Cali-24024181.xml
DEBUG [SimpleXML.cpp:238] @ 2.59228s :Failed to open file C:\Users\lucas\AppData\Roaming\Imager\Cali\Cali-24024181.xml
DEBUG [Cali.cpp:89] @ 2.60439s :Calibration directory path: C:\Users\lucas\AppData\Roaming\Imager\Cali
DEBUG [Cali.cpp:90] @ 2.60441s :Calibration file name: Cali-24024181.xml
DEBUG [SimpleXML.cpp:238] @ 2.60446s :Failed to open file C:\Users\lucas\AppData\Roaming\Imager\Cali\Cali-24024181.xml
DEBUG [Cali.cpp:89] @ 2.60447s :Calibration directory path: C:\Users\lucas\AppData\Roaming\Imager\Cali
DEBUG [Cali.cpp:90] @ 2.60447s :Calibration file name: Cali-24024181.xml
DEBUG [SimpleXML.cpp:238] @ 2.6045s :Failed to open file C:\Users\lucas\AppData\Roaming\Imager\Cali\Cali-24024181.xml
INFO [IRImager.cpp:266] @ 2.60745s :Init thermal imager to 24024181 with size: 382x290@27 Hz
DEBUG [Cali.cpp:89] @ 2.60764s :Calibration directory path: C:\Users\lucas\AppData\Roaming\Imager\Cali
DEBUG [Cali.cpp:90] @ 2.60765s :Calibration file name: Cali-24024181.xml
DEBUG [SimpleXML.cpp:238] @ 2.60768s :Failed to open file C:\Users\lucas\AppData\Roaming\Imager\Cali\Cali-24024181.xml
DEBUG [Cali.cpp:89] @ 2.60769s :Calibration directory path: C:\Users\lucas\AppData\Roaming\Imager\Cali
DEBUG [Cali.cpp:90] @ 2.60769s :Calibration file name: Cali-24024181.xml
DEBUG [SimpleXML.cpp:238] @ 2.60772s :Failed to open file C:\Users\lucas\AppData\Roaming\Imager\Cali\Cali-24024181.xml
ERROR [IRImager.cpp:278] @ 2.60772s :Missing calibration files Cali-24024181.xml;
