DEBUG [IRLogger.cpp:105] @ 0.0001923s :***************************************************
DEBUG [IRLogger.cpp:106] @ 0.000335s :* IRImagerDirect SDK                              *
DEBUG [IRLogger.cpp:107] @ 0.0003975s :***************************************************
DEBUG [IRLogger.cpp:113] @ 0.0004149s :* Native Machine:      AMD64
DEBUG [IRLogger.cpp:114] @ 0.0004261s :* Machine:             AMD64
DEBUG [IRLogger.cpp:116] @ 0.0004442s :* OS:                  Windows 10 0 26100
DEBUG [IRLogger.cpp:123] @ 0.0004894s :***************************************************
DEBUG [IRDeviceParams.cpp:204] @ 0.0009204s :Parameters
DEBUG [IRDeviceParams.cpp:205] @ 0.0009347s :serial: 0
DEBUG [IRDeviceParams.cpp:206] @ 0.0010355s :videoformatindex: 0
DEBUG [IRDeviceParams.cpp:207] @ 0.0010505s :fov: 0
DEBUG [IRDeviceParams.cpp:208] @ 0.0010571s :optics_text: 0000000000000000
DEBUG [IRDeviceParams.cpp:209] @ 0.0010695s :formatspath: 00000252BB2944B0
DEBUG [IRDeviceParams.cpp:210] @ 0.0010759s :calipath: 0000000000000000
DEBUG [IRDeviceParams.cpp:211] @ 0.0012234s :temperature min: 0
DEBUG [IRDeviceParams.cpp:212] @ 0.0012588s :temperature max: 0
DEBUG [IRDeviceParams.cpp:213] @ 0.0012814s :framerate: 32
DEBUG [IRDeviceParams.cpp:214] @ 0.0012879s :bispectral: 0
DEBUG [IRDeviceParams.cpp:215] @ 0.0012989s :flag automatic: 1
DEBUG [IRDeviceParams.cpp:216] @ 0.0013238s :min interval: 15
DEBUG [IRDeviceParams.cpp:217] @ 0.0013306s :max interval: 0
DEBUG [IRDeviceParams.cpp:218] @ 0.0013364s :chip heating mode: 0
DEBUG [IRDeviceParams.cpp:219] @ 0.001343s :chip heating fixed val: 40
DEBUG [IRDeviceParams.cpp:220] @ 0.00135s :focus:  -1
DEBUG [IRDeviceParams.cpp:221] @ 0.0013559s :enable extended temp range: 0
DEBUG [IRDeviceParams.cpp:222] @ 0.0013622s :buffer queue size: 5
DEBUG [IRDeviceParams.cpp:223] @ 0.0013778s :enable high precision: 0
DEBUG [IRDeviceParams.cpp:224] @ 0.0014212s :radialDistortionCorrectionMode: 0
DEBUG [IRDeviceParams.cpp:225] @ 0.0014395s :deviceAPI: 0
DEBUG [IRDeviceParams.cpp:226] @ 0.0014458s :useExternalProbeForReferencing: 0
DEBUG [IRDeviceParams.cpp:227] @ 0.0014517s :enableMultiThreading: 0
DEBUG [IRDeviceParams.cpp:232] @ 0.0014582s :ethernetDevice.deviceIpAddress: 0.0.0.0
DEBUG [IRDeviceParams.cpp:233] @ 0.0014641s :ethernetDevice.localUdpPort: 0
DEBUG [IRDeviceParams.cpp:234] @ 0.0014698s :ethernetDevice.checkUdpSenderIp: 1
DEBUG [Cali.cpp:89] @ 0.331808s :Calibration directory path: C:\Users\lucas\AppData\Roaming\Imager\Cali
DEBUG [Cali.cpp:90] @ 0.331837s :Calibration file name: Cali-24024181.xml
DEBUG [Cali.cpp:100] @ 0.332068s :Calibration data A: 1450 B:400 C:4095 D:1000
INFO [IRImager.cpp:266] @ 0.334612s :Init thermal imager to 24024181 with size: 382x290@27 Hz
DEBUG [Cali.cpp:89] @ 0.334807s :Calibration directory path: C:\Users\lucas\AppData\Roaming\Imager\Cali
DEBUG [Cali.cpp:90] @ 0.334847s :Calibration file name: Cali-24024181.xml
DEBUG [Cali.cpp:100] @ 0.335082s :Calibration data A: 1450 B:400 C:4095 D:1000
DEBUG [Cali.cpp:89] @ 0.337634s :Calibration directory path: C:\Users\lucas\AppData\Roaming\Imager\Cali
DEBUG [Cali.cpp:90] @ 0.337654s :Calibration file name: Cali-24024181.xml
DEBUG [Cali.cpp:100] @ 0.337843s :Calibration data A: 1450 B:400 C:4095 D:1000
DEBUG [IRImager.cpp:300] @ 0.3379s :No temperature range configuration specified. Setting default values tMin: -20 , tMax: 100
DEBUG [IRImager.cpp:374] @ 0.338172s :Using HID control interface
DEBUG [IRImager.cpp:414] @ 0.507841s :Initialized HID control interface to device with HW:3401 FW:3447
DEBUG [IRImager.cpp:435] @ 0.507891s :Frameconfig - width(in): 382, height(in): 290, interval: 370370, max framerate: 27, HW interval: 0.037037
DEBUG [Cali.cpp:89] @ 0.507908s :Calibration directory path: C:\Users\lucas\AppData\Roaming\Imager\Cali
DEBUG [Cali.cpp:90] @ 0.507915s :Calibration file name: Cali-24024181.xml
DEBUG [Cali.cpp:100] @ 0.508313s :Calibration data A: 1450 B:400 C:4095 D:1000
DEBUG [ImageProcessing.cpp:200] @ 0.512843s :Source buffer size: 221560 Width: 382 Height: 290
DEBUG [ImageProcessing.cpp:121] @ 0.563507s :Source buffer size: 221560 Width: 382 Height: 290
DEBUG [OpSource.cpp:347] @ 0.564608s :Using formats path: .\Formats.def
DEBUG [OpSource.cpp:598] @ 0.564788s :Format found with size: 382
DEBUG [IRImager.cpp:841] @ 0.564999s :Caught onFrameInit with size: 382x288
DEBUG [OpSource.cpp:347] @ 0.565747s :Using formats path: .\Formats.def
DEBUG [OpSource.cpp:598] @ 0.565879s :Format found with size: 382
DEBUG [OpSource.cpp:347] @ 0.565923s :Using formats path: .\Formats.def
DEBUG [OpCorr.cpp:467] @ 0.568294s :Read cali: C:\Users\lucas\AppData\Roaming\Imager\Cali\Cali-24024181-18-M20-100.dat
DEBUG [OpCorr.cpp:557] @ 0.568341s :Read calibration of camera no 24024181, # of fields: 6 , start of fields: 40
DEBUG [ImageProcessing.cpp:1108] @ 0.858178s :Update flag temperature: 31.625
DEBUG [ImageProcessing.cpp:1111] @ 0.860475s :Update box temperature: 30.8125
DEBUG [Cali.cpp:641] @ 0.860514s :Calibration file path: 00000252BBD398C4/000000B0CA7ECB30.xml
DEBUG [SimpleXML.cpp:238] @ 0.860668s :Failed to open file C:\Users\lucas\AppData\Roaming\Imager\Cali\CaliExt-24024181.xml
DEBUG [IRImager.cpp:547] @ 0.885974s :Chip heating disabled
DEBUG [IRImager.cpp:1363] @ 0.904599s :Set focusmotor position to 50%
DEBUG [IRImager.cpp:1107] @ 0.987833s :Start flag calibration
DEBUG [OpFlag.cpp:591] @ 11.8992s :SkimDiff: -29 Adjust: -5704 State: 1 EMax: 5668 Emin: -2300
DEBUG [ImageProcessing.cpp:526] @ 11.911s :Skim_Adjust 2213
DEBUG [IRImager.cpp:1121] @ 12.3791s :Finished startup calibration
DEBUG [IRImager.cpp:662] @ 14.3165s :Release imager
DEBUG [BaseControlDevice.cpp:26] @ 14.3595s :Base destructor called
DEBUG [IRImager.cpp:669] @ 14.3596s :Delete image processing
DEBUG [IRImager.cpp:676] @ 14.3746s :Delete buffer
DEBUG [IRImager.cpp:684] @ 14.3746s :Delete source buffer
DEBUG [IRImager.cpp:691] @ 14.3746s :Delete buffer (energy)
DEBUG [IRImager.cpp:698] @ 14.3747s :Delete timer
DEBUG [IRImager.cpp:704] @ 14.3747s :Delete manual timer
