DEBUG [IRLogger.cpp:105] @ 0.0002228s :***************************************************
DEBUG [IRLogger.cpp:106] @ 0.0003341s :* IRImagerDirect SDK                              *
DEBUG [IRLogger.cpp:107] @ 0.0003598s :***************************************************
DEBUG [IRLogger.cpp:113] @ 0.0003734s :* Native Machine:      AMD64
DEBUG [IRLogger.cpp:114] @ 0.000384s :* Machine:             AMD64
DEBUG [IRLogger.cpp:116] @ 0.0004082s :* OS:                  Windows 10 0 26100
DEBUG [IRLogger.cpp:123] @ 0.0004769s :***************************************************
DEBUG [IRDeviceParams.cpp:204] @ 0.001791s :Parameters
DEBUG [IRDeviceParams.cpp:205] @ 0.0018064s :serial: 0
DEBUG [IRDeviceParams.cpp:206] @ 0.0018134s :videoformatindex: 0
DEBUG [IRDeviceParams.cpp:207] @ 0.0018198s :fov: 0
DEBUG [IRDeviceParams.cpp:208] @ 0.0018261s :optics_text: 0000000000000000
DEBUG [IRDeviceParams.cpp:209] @ 0.0018325s :formatspath: 000002907E915510
DEBUG [IRDeviceParams.cpp:210] @ 0.0018391s :calipath: 0000000000000000
DEBUG [IRDeviceParams.cpp:211] @ 0.001845s :temperature min: 0
DEBUG [IRDeviceParams.cpp:212] @ 0.001851s :temperature max: 0
DEBUG [IRDeviceParams.cpp:213] @ 0.0018709s :framerate: 32
DEBUG [IRDeviceParams.cpp:214] @ 0.0019116s :bispectral: 0
DEBUG [IRDeviceParams.cpp:215] @ 0.0019218s :flag automatic: 1
DEBUG [IRDeviceParams.cpp:216] @ 0.001929s :min interval: 15
DEBUG [IRDeviceParams.cpp:217] @ 0.0019353s :max interval: 0
DEBUG [IRDeviceParams.cpp:218] @ 0.0019412s :chip heating mode: 0
DEBUG [IRDeviceParams.cpp:219] @ 0.0019478s :chip heating fixed val: 40
DEBUG [IRDeviceParams.cpp:220] @ 0.0019543s :focus:  -1
DEBUG [IRDeviceParams.cpp:221] @ 0.0019601s :enable extended temp range: 0
DEBUG [IRDeviceParams.cpp:222] @ 0.001966s :buffer queue size: 5
DEBUG [IRDeviceParams.cpp:223] @ 0.001985s :enable high precision: 0
DEBUG [IRDeviceParams.cpp:224] @ 0.0020115s :radialDistortionCorrectionMode: 0
DEBUG [IRDeviceParams.cpp:225] @ 0.0020342s :deviceAPI: 0
DEBUG [IRDeviceParams.cpp:226] @ 0.0020478s :useExternalProbeForReferencing: 0
DEBUG [IRDeviceParams.cpp:227] @ 0.0020542s :enableMultiThreading: 0
DEBUG [IRDeviceParams.cpp:232] @ 0.0020605s :ethernetDevice.deviceIpAddress: 0.0.0.0
DEBUG [IRDeviceParams.cpp:233] @ 0.0020663s :ethernetDevice.localUdpPort: 0
DEBUG [IRDeviceParams.cpp:234] @ 0.002072s :ethernetDevice.checkUdpSenderIp: 1
DEBUG [Cali.cpp:89] @ 0.243912s :Calibration directory path: C:\Users\lucas\AppData\Roaming\Imager\Cali
DEBUG [Cali.cpp:90] @ 0.243935s :Calibration file name: Cali-24024181.xml
DEBUG [SimpleXML.cpp:238] @ 0.243979s :Failed to open file C:\Users\lucas\AppData\Roaming\Imager\Cali\Cali-24024181.xml
DEBUG [Cali.cpp:89] @ 0.243989s :Calibration directory path: C:\Users\lucas\AppData\Roaming\Imager\Cali
DEBUG [Cali.cpp:90] @ 0.243995s :Calibration file name: Cali-24024181.xml
DEBUG [SimpleXML.cpp:238] @ 0.244021s :Failed to open file C:\Users\lucas\AppData\Roaming\Imager\Cali\Cali-24024181.xml
DEBUG [Cali.cpp:89] @ 0.24403s :Calibration directory path: C:\Users\lucas\AppData\Roaming\Imager\Cali
DEBUG [Cali.cpp:90] @ 0.244035s :Calibration file name: Cali-24024181.xml
DEBUG [SimpleXML.cpp:238] @ 0.24406s :Failed to open file C:\Users\lucas\AppData\Roaming\Imager\Cali\Cali-24024181.xml
DEBUG [Cali.cpp:89] @ 0.244068s :Calibration directory path: C:\Users\lucas\AppData\Roaming\Imager\Cali
DEBUG [Cali.cpp:90] @ 0.244074s :Calibration file name: Cali-24024181.xml
DEBUG [SimpleXML.cpp:238] @ 0.244097s :Failed to open file C:\Users\lucas\AppData\Roaming\Imager\Cali\Cali-24024181.xml
DEBUG [Cali.cpp:89] @ 0.263144s :Calibration directory path: C:\Users\lucas\AppData\Roaming\Imager\Cali
DEBUG [Cali.cpp:90] @ 0.263165s :Calibration file name: Cali-24024181.xml
DEBUG [SimpleXML.cpp:238] @ 0.263222s :Failed to open file C:\Users\lucas\AppData\Roaming\Imager\Cali\Cali-24024181.xml
DEBUG [Cali.cpp:89] @ 0.263231s :Calibration directory path: C:\Users\lucas\AppData\Roaming\Imager\Cali
DEBUG [Cali.cpp:90] @ 0.263237s :Calibration file name: Cali-24024181.xml
DEBUG [SimpleXML.cpp:238] @ 0.26329s :Failed to open file C:\Users\lucas\AppData\Roaming\Imager\Cali\Cali-24024181.xml
DEBUG [Cali.cpp:89] @ 0.266528s :Calibration directory path: C:\Users\lucas\AppData\Roaming\Imager\Cali
DEBUG [Cali.cpp:90] @ 0.266558s :Calibration file name: Cali-24024181.xml
DEBUG [SimpleXML.cpp:238] @ 0.266607s :Failed to open file C:\Users\lucas\AppData\Roaming\Imager\Cali\Cali-24024181.xml
DEBUG [Cali.cpp:89] @ 0.266616s :Calibration directory path: C:\Users\lucas\AppData\Roaming\Imager\Cali
DEBUG [Cali.cpp:90] @ 0.266622s :Calibration file name: Cali-24024181.xml
DEBUG [SimpleXML.cpp:238] @ 0.26665s :Failed to open file C:\Users\lucas\AppData\Roaming\Imager\Cali\Cali-24024181.xml
INFO [IRImager.cpp:266] @ 0.26969s :Init thermal imager to 24024181 with size: 382x290@27 Hz
DEBUG [Cali.cpp:89] @ 0.269878s :Calibration directory path: C:\Users\lucas\AppData\Roaming\Imager\Cali
DEBUG [Cali.cpp:90] @ 0.269886s :Calibration file name: Cali-24024181.xml
DEBUG [SimpleXML.cpp:238] @ 0.269919s :Failed to open file C:\Users\lucas\AppData\Roaming\Imager\Cali\Cali-24024181.xml
DEBUG [Cali.cpp:89] @ 0.269927s :Calibration directory path: C:\Users\lucas\AppData\Roaming\Imager\Cali
DEBUG [Cali.cpp:90] @ 0.269932s :Calibration file name: Cali-24024181.xml
DEBUG [SimpleXML.cpp:238] @ 0.269956s :Failed to open file C:\Users\lucas\AppData\Roaming\Imager\Cali\Cali-24024181.xml
ERROR [IRImager.cpp:278] @ 0.269962s :Missing calibration files Cali-24024181.xml;a
