DEBUG [IRLogger.cpp:105] @ 0.0001798s :***************************************************
DEBUG [IRLogger.cpp:106] @ 0.0002357s :* IRImagerDirect SDK                              *
DEBUG [IRLogger.cpp:107] @ 0.0002831s :***************************************************
DEBUG [IRLogger.cpp:113] @ 0.0002959s :* Native Machine:      AMD64
DEBUG [IRLogger.cpp:114] @ 0.000307s :* Machine:             AMD64
DEBUG [IRLogger.cpp:116] @ 0.0003251s :* OS:                  Windows 10 0 26100
DEBUG [IRLogger.cpp:123] @ 0.000358s :***************************************************
DEBUG [IRDeviceParams.cpp:204] @ 0.0034279s :Parameters
DEBUG [IRDeviceParams.cpp:205] @ 0.0034414s :serial: 0
DEBUG [IRDeviceParams.cpp:206] @ 0.0034509s :videoformatindex: 0
DEBUG [IRDeviceParams.cpp:207] @ 0.0034595s :fov: 0
DEBUG [IRDeviceParams.cpp:208] @ 0.003527s :optics_text: 0000000000000000
DEBUG [IRDeviceParams.cpp:209] @ 0.0035521s :formatspath: 000002BEAFB1FDD0
DEBUG [IRDeviceParams.cpp:210] @ 0.00356s :calipath: 0000000000000000
DEBUG [IRDeviceParams.cpp:211] @ 0.0035669s :temperature min: 0
DEBUG [IRDeviceParams.cpp:212] @ 0.0035736s :temperature max: 0
DEBUG [IRDeviceParams.cpp:213] @ 0.0035852s :framerate: 32
DEBUG [IRDeviceParams.cpp:214] @ 0.0035925s :bispectral: 0
DEBUG [IRDeviceParams.cpp:215] @ 0.0036s :flag automatic: 1
DEBUG [IRDeviceParams.cpp:216] @ 0.0036248s :min interval: 15
DEBUG [IRDeviceParams.cpp:217] @ 0.0036321s :max interval: 0
DEBUG [IRDeviceParams.cpp:218] @ 0.0036389s :chip heating mode: 0
DEBUG [IRDeviceParams.cpp:219] @ 0.0036638s :chip heating fixed val: 40
DEBUG [IRDeviceParams.cpp:220] @ 0.0038065s :focus:  -1
DEBUG [IRDeviceParams.cpp:221] @ 0.0038366s :enable extended temp range: 0
DEBUG [IRDeviceParams.cpp:222] @ 0.0038602s :buffer queue size: 5
DEBUG [IRDeviceParams.cpp:223] @ 0.0038882s :enable high precision: 0
DEBUG [IRDeviceParams.cpp:224] @ 0.0038953s :radialDistortionCorrectionMode: 0
DEBUG [IRDeviceParams.cpp:225] @ 0.0039011s :deviceAPI: 0
DEBUG [IRDeviceParams.cpp:226] @ 0.0039067s :useExternalProbeForReferencing: 0
DEBUG [IRDeviceParams.cpp:227] @ 0.0039123s :enableMultiThreading: 0
DEBUG [IRDeviceParams.cpp:232] @ 0.0039185s :ethernetDevice.deviceIpAddress: 0.0.0.0
DEBUG [IRDeviceParams.cpp:233] @ 0.0039245s :ethernetDevice.localUdpPort: 0
DEBUG [IRDeviceParams.cpp:234] @ 0.0039363s :ethernetDevice.checkUdpSenderIp: 1
DEBUG [Cali.cpp:89] @ 0.340539s :Calibration directory path: C:\Users\lucas\AppData\Roaming\Imager\Cali
DEBUG [Cali.cpp:90] @ 0.340568s :Calibration file name: Cali-25014006.xml
DEBUG [Cali.cpp:100] @ 0.340806s :Calibration data A: 1450 B:400 C:4095 D:1000
INFO [IRImager.cpp:266] @ 0.343562s :Init thermal imager to 25014006 with size: 382x290@27 Hz
DEBUG [Cali.cpp:89] @ 0.343803s :Calibration directory path: C:\Users\lucas\AppData\Roaming\Imager\Cali
DEBUG [Cali.cpp:90] @ 0.343819s :Calibration file name: Cali-25014006.xml
DEBUG [Cali.cpp:100] @ 0.344014s :Calibration data A: 1450 B:400 C:4095 D:1000
DEBUG [Cali.cpp:89] @ 0.346515s :Calibration directory path: C:\Users\lucas\AppData\Roaming\Imager\Cali
DEBUG [Cali.cpp:90] @ 0.346532s :Calibration file name: Cali-25014006.xml
DEBUG [Cali.cpp:100] @ 0.346724s :Calibration data A: 1450 B:400 C:4095 D:1000
DEBUG [IRImager.cpp:300] @ 0.346785s :No temperature range configuration specified. Setting default values tMin: -20 , tMax: 100
DEBUG [IRImager.cpp:374] @ 0.347018s :Using HID control interface
DEBUG [IRImager.cpp:414] @ 0.516666s :Initialized HID control interface to device with HW:3401 FW:3448
DEBUG [IRImager.cpp:435] @ 0.516707s :Frameconfig - width(in): 382, height(in): 290, interval: 370370, max framerate: 27, HW interval: 0.037037
DEBUG [Cali.cpp:89] @ 0.516722s :Calibration directory path: C:\Users\lucas\AppData\Roaming\Imager\Cali
DEBUG [Cali.cpp:90] @ 0.516728s :Calibration file name: Cali-25014006.xml
DEBUG [Cali.cpp:100] @ 0.517019s :Calibration data A: 1450 B:400 C:4095 D:1000
DEBUG [ImageProcessing.cpp:200] @ 0.52177s :Source buffer size: 221560 Width: 382 Height: 290
DEBUG [ImageProcessing.cpp:121] @ 0.572343s :Source buffer size: 221560 Width: 382 Height: 290
DEBUG [OpSource.cpp:347] @ 0.575769s :Using formats path: .\Formats.def
DEBUG [OpSource.cpp:598] @ 0.576324s :Format found with size: 382
DEBUG [IRImager.cpp:841] @ 0.576927s :Caught onFrameInit with size: 382x288
DEBUG [OpSource.cpp:347] @ 0.578483s :Using formats path: .\Formats.def
DEBUG [OpSource.cpp:598] @ 0.578729s :Format found with size: 382
DEBUG [OpSource.cpp:347] @ 0.578807s :Using formats path: .\Formats.def
DEBUG [OpCorr.cpp:467] @ 0.581287s :Read cali: C:\Users\lucas\AppData\Roaming\Imager\Cali\Cali-25014006-29-M20-100.dat
DEBUG [OpCorr.cpp:557] @ 0.581398s :Read calibration of camera no 25014006, # of fields: 6 , start of fields: 40
DEBUG [ImageProcessing.cpp:1108] @ 0.871783s :Update flag temperature: 32.1875
DEBUG [ImageProcessing.cpp:1111] @ 0.873836s :Update box temperature: 30.75
DEBUG [Cali.cpp:641] @ 0.873928s :Calibration file path: 000002BED6BA5774/000000F0B55ECFC0.xml
DEBUG [SimpleXML.cpp:238] @ 0.874168s :Failed to open file C:\Users\lucas\AppData\Roaming\Imager\Cali\CaliExt-25014006.xml
DEBUG [IRImager.cpp:547] @ 0.898617s :Chip heating disabled
DEBUG [IRImager.cpp:1363] @ 0.919806s :Set focusmotor position to 80%
DEBUG [IRImager.cpp:1107] @ 1.00301s :Start flag calibration
DEBUG [OpFlag.cpp:591] @ 11.9292s :SkimDiff: -26 Adjust: -5056 State: 1 EMax: 7955 Emin: -1652
DEBUG [ImageProcessing.cpp:526] @ 11.9412s :Skim_Adjust 2181
DEBUG [IRImager.cpp:1121] @ 12.4097s :Finished startup calibration
DEBUG [IRImager.cpp:1172] @ 26.5215s :Automatic control of shutter flag
DEBUG [OpFlag.cpp:591] @ 26.9691s :SkimDiff: -14 Adjust: -2631 State: 1 EMax: 10393 Emin: 773
DEBUG [ImageProcessing.cpp:526] @ 26.981s :Skim_Adjust 2167
DEBUG [IRImager.cpp:662] @ 41.3715s :Release imager
DEBUG [BaseControlDevice.cpp:26] @ 41.4074s :Base destructor called
DEBUG [IRImager.cpp:669] @ 41.4074s :Delete image processing
DEBUG [IRImager.cpp:676] @ 41.4226s :Delete buffer
DEBUG [IRImager.cpp:684] @ 41.4226s :Delete source buffer
DEBUG [IRImager.cpp:691] @ 41.4226s :Delete buffer (energy)
DEBUG [IRImager.cpp:698] @ 41.4226s :Delete timer
DEBUG [IRImager.cpp:704] @ 41.4226s :Delete manual timer
