DEBUG [IRLogger.cpp:105] @ 0.0001847s :***************************************************
DEBUG [IRLogger.cpp:106] @ 0.0002588s :* IRImagerDirect SDK                              *
DEBUG [IRLogger.cpp:107] @ 0.0002804s :***************************************************
DEBUG [IRLogger.cpp:113] @ 0.000292s :* Native Machine:      AMD64
DEBUG [IRLogger.cpp:114] @ 0.0003024s :* Machine:             AMD64
DEBUG [IRLogger.cpp:116] @ 0.0003199s :* OS:                  Windows 10 0 26100
DEBUG [IRLogger.cpp:123] @ 0.0003289s :***************************************************
DEBUG [IRDeviceParams.cpp:204] @ 0.0033578s :Parameters
DEBUG [IRDeviceParams.cpp:205] @ 0.0033714s :serial: 0
DEBUG [IRDeviceParams.cpp:206] @ 0.0033775s :videoformatindex: 0
DEBUG [IRDeviceParams.cpp:207] @ 0.0033834s :fov: 0
DEBUG [IRDeviceParams.cpp:208] @ 0.0033892s :optics_text: 0000000000000000
DEBUG [IRDeviceParams.cpp:209] @ 0.0033952s :formatspath: 00000232CE44E350
DEBUG [IRDeviceParams.cpp:210] @ 0.0034008s :calipath: 0000000000000000
DEBUG [IRDeviceParams.cpp:211] @ 0.0034064s :temperature min: 0
DEBUG [IRDeviceParams.cpp:212] @ 0.0034118s :temperature max: 0
DEBUG [IRDeviceParams.cpp:213] @ 0.0034346s :framerate: 32
DEBUG [IRDeviceParams.cpp:214] @ 0.0034664s :bispectral: 0
DEBUG [IRDeviceParams.cpp:215] @ 0.0034764s :flag automatic: 1
DEBUG [IRDeviceParams.cpp:216] @ 0.0034841s :min interval: 15
DEBUG [IRDeviceParams.cpp:217] @ 0.0034907s :max interval: 0
DEBUG [IRDeviceParams.cpp:218] @ 0.0034964s :chip heating mode: 0
DEBUG [IRDeviceParams.cpp:219] @ 0.0035028s :chip heating fixed val: 40
DEBUG [IRDeviceParams.cpp:220] @ 0.00351s :focus:  -1
DEBUG [IRDeviceParams.cpp:221] @ 0.0035191s :enable extended temp range: 0
DEBUG [IRDeviceParams.cpp:222] @ 0.0035258s :buffer queue size: 5
DEBUG [IRDeviceParams.cpp:223] @ 0.0035705s :enable high precision: 0
DEBUG [IRDeviceParams.cpp:224] @ 0.0035813s :radialDistortionCorrectionMode: 0
DEBUG [IRDeviceParams.cpp:225] @ 0.0035878s :deviceAPI: 0
DEBUG [IRDeviceParams.cpp:226] @ 0.0035937s :useExternalProbeForReferencing: 0
DEBUG [IRDeviceParams.cpp:227] @ 0.0035996s :enableMultiThreading: 0
DEBUG [IRDeviceParams.cpp:232] @ 0.0036061s :ethernetDevice.deviceIpAddress: 0.0.0.0
DEBUG [IRDeviceParams.cpp:233] @ 0.003612s :ethernetDevice.localUdpPort: 0
DEBUG [IRDeviceParams.cpp:234] @ 0.0036179s :ethernetDevice.checkUdpSenderIp: 1
DEBUG [Cali.cpp:89] @ 0.296729s :Calibration directory path: C:\Users\lucas\AppData\Roaming\Imager\Cali
DEBUG [Cali.cpp:90] @ 0.296753s :Calibration file name: Cali-25014006.xml
DEBUG [Cali.cpp:100] @ 0.296972s :Calibration data A: 1450 B:400 C:4095 D:1000
INFO [IRImager.cpp:266] @ 0.299606s :Init thermal imager to 25014006 with size: 382x290@27 Hz
DEBUG [Cali.cpp:89] @ 0.299814s :Calibration directory path: C:\Users\lucas\AppData\Roaming\Imager\Cali
DEBUG [Cali.cpp:90] @ 0.299825s :Calibration file name: Cali-25014006.xml
DEBUG [Cali.cpp:100] @ 0.300013s :Calibration data A: 1450 B:400 C:4095 D:1000
DEBUG [Cali.cpp:89] @ 0.302327s :Calibration directory path: C:\Users\lucas\AppData\Roaming\Imager\Cali
DEBUG [Cali.cpp:90] @ 0.302342s :Calibration file name: Cali-25014006.xml
DEBUG [Cali.cpp:100] @ 0.302532s :Calibration data A: 1450 B:400 C:4095 D:1000
DEBUG [IRImager.cpp:300] @ 0.302589s :No temperature range configuration specified. Setting default values tMin: -20 , tMax: 100
DEBUG [IRImager.cpp:374] @ 0.302833s :Using HID control interface
DEBUG [IRImager.cpp:414] @ 0.472418s :Initialized HID control interface to device with HW:3401 FW:3448
DEBUG [IRImager.cpp:435] @ 0.472475s :Frameconfig - width(in): 382, height(in): 290, interval: 370370, max framerate: 27, HW interval: 0.037037
DEBUG [Cali.cpp:89] @ 0.472497s :Calibration directory path: C:\Users\lucas\AppData\Roaming\Imager\Cali
DEBUG [Cali.cpp:90] @ 0.472509s :Calibration file name: Cali-25014006.xml
DEBUG [Cali.cpp:100] @ 0.473021s :Calibration data A: 1450 B:400 C:4095 D:1000
DEBUG [ImageProcessing.cpp:200] @ 0.477739s :Source buffer size: 221560 Width: 382 Height: 290
DEBUG [ImageProcessing.cpp:121] @ 0.520606s :Source buffer size: 221560 Width: 382 Height: 290
DEBUG [OpSource.cpp:347] @ 0.521554s :Using formats path: .\Formats.def
DEBUG [OpSource.cpp:598] @ 0.521721s :Format found with size: 382
DEBUG [IRImager.cpp:841] @ 0.521952s :Caught onFrameInit with size: 382x288
DEBUG [OpSource.cpp:347] @ 0.522627s :Using formats path: .\Formats.def
DEBUG [OpSource.cpp:598] @ 0.522765s :Format found with size: 382
DEBUG [OpSource.cpp:347] @ 0.522817s :Using formats path: .\Formats.def
DEBUG [OpCorr.cpp:467] @ 0.525206s :Read cali: C:\Users\lucas\AppData\Roaming\Imager\Cali\Cali-25014006-29-M20-100.dat
DEBUG [OpCorr.cpp:557] @ 0.525248s :Read calibration of camera no 25014006, # of fields: 6 , start of fields: 40
DEBUG [ImageProcessing.cpp:1108] @ 0.815165s :Update flag temperature: 32.25
DEBUG [ImageProcessing.cpp:1111] @ 0.817075s :Update box temperature: 30.8125
DEBUG [Cali.cpp:641] @ 0.817114s :Calibration file path: 00000232CEF54464/000000DACE7ED200.xml
DEBUG [SimpleXML.cpp:238] @ 0.817219s :Failed to open file C:\Users\lucas\AppData\Roaming\Imager\Cali\CaliExt-25014006.xml
DEBUG [IRImager.cpp:547] @ 0.828413s :Chip heating disabled
DEBUG [IRImager.cpp:1363] @ 0.848842s :Set focusmotor position to 80%
DEBUG [IRImager.cpp:1107] @ 0.932417s :Start flag calibration
DEBUG [OpFlag.cpp:591] @ 11.8605s :SkimDiff: -26 Adjust: -5070 State: 1 EMax: 7944 Emin: -1666
DEBUG [ImageProcessing.cpp:526] @ 11.8732s :Skim_Adjust 2181
DEBUG [IRImager.cpp:1121] @ 12.3401s :Finished startup calibration
DEBUG [IRImager.cpp:662] @ 25.3971s :Release imager
DEBUG [BaseControlDevice.cpp:26] @ 25.4441s :Base destructor called
DEBUG [IRImager.cpp:669] @ 25.4441s :Delete image processing
DEBUG [IRImager.cpp:676] @ 25.459s :Delete buffer
DEBUG [IRImager.cpp:684] @ 25.4591s :Delete source buffer
DEBUG [IRImager.cpp:691] @ 25.4591s :Delete buffer (energy)
DEBUG [IRImager.cpp:698] @ 25.4591s :Delete timer
DEBUG [IRImager.cpp:704] @ 25.4591s :Delete manual timer
