DEBUG [IRLogger.cpp:105] @ 0.0002151s :***************************************************
DEBUG [IRLogger.cpp:106] @ 0.0003009s :* IRImagerDirect SDK                              *
DEBUG [IRLogger.cpp:107] @ 0.0003229s :***************************************************
DEBUG [IRLogger.cpp:113] @ 0.000336s :* Native Machine:      AMD64
DEBUG [IRLogger.cpp:114] @ 0.0003469s :* Machine:             AMD64
DEBUG [IRLogger.cpp:116] @ 0.000365s :* OS:                  Windows 10 0 26100
DEBUG [IRLogger.cpp:123] @ 0.000375s :***************************************************
DEBUG [IRDeviceParams.cpp:204] @ 0.0007799s :Parameters
DEBUG [IRDeviceParams.cpp:205] @ 0.0007919s :serial: 0
DEBUG [IRDeviceParams.cpp:206] @ 0.0007984s :videoformatindex: 0
DEBUG [IRDeviceParams.cpp:207] @ 0.0008211s :fov: 0
DEBUG [IRDeviceParams.cpp:208] @ 0.0008911s :optics_text: 0000000000000000
DEBUG [IRDeviceParams.cpp:209] @ 0.0008982s :formatspath: 00000225FFCA7500
DEBUG [IRDeviceParams.cpp:210] @ 0.0009049s :calipath: 0000000000000000
DEBUG [IRDeviceParams.cpp:211] @ 0.0009112s :temperature min: 0
DEBUG [IRDeviceParams.cpp:212] @ 0.0009267s :temperature max: 0
DEBUG [IRDeviceParams.cpp:213] @ 0.0009477s :framerate: 32
DEBUG [IRDeviceParams.cpp:214] @ 0.0009542s :bispectral: 0
DEBUG [IRDeviceParams.cpp:215] @ 0.0009602s :flag automatic: 1
DEBUG [IRDeviceParams.cpp:216] @ 0.0009666s :min interval: 15
DEBUG [IRDeviceParams.cpp:217] @ 0.0009726s :max interval: 0
DEBUG [IRDeviceParams.cpp:218] @ 0.0009782s :chip heating mode: 0
DEBUG [IRDeviceParams.cpp:219] @ 0.0009847s :chip heating fixed val: 40
DEBUG [IRDeviceParams.cpp:220] @ 0.000991s :focus:  -1
DEBUG [IRDeviceParams.cpp:221] @ 0.0009977s :enable extended temp range: 0
DEBUG [IRDeviceParams.cpp:222] @ 0.0010048s :buffer queue size: 5
DEBUG [IRDeviceParams.cpp:223] @ 0.0010227s :enable high precision: 0
DEBUG [IRDeviceParams.cpp:224] @ 0.001029s :radialDistortionCorrectionMode: 0
DEBUG [IRDeviceParams.cpp:225] @ 0.0010347s :deviceAPI: 0
DEBUG [IRDeviceParams.cpp:226] @ 0.0010403s :useExternalProbeForReferencing: 0
DEBUG [IRDeviceParams.cpp:227] @ 0.0010459s :enableMultiThreading: 0
DEBUG [IRDeviceParams.cpp:232] @ 0.0010522s :ethernetDevice.deviceIpAddress: 0.0.0.0
DEBUG [IRDeviceParams.cpp:233] @ 0.0010578s :ethernetDevice.localUdpPort: 0
DEBUG [IRDeviceParams.cpp:234] @ 0.0010636s :ethernetDevice.checkUdpSenderIp: 1
DEBUG [Cali.cpp:89] @ 0.326982s :Calibration directory path: C:\Users\lucas\AppData\Roaming\Imager\Cali
DEBUG [Cali.cpp:90] @ 0.327013s :Calibration file name: Cali-24024181.xml
DEBUG [Cali.cpp:100] @ 0.327275s :Calibration data A: 1450 B:400 C:4095 D:1000
INFO [IRImager.cpp:266] @ 0.331688s :Init thermal imager to 24024181 with size: 382x290@27 Hz
DEBUG [Cali.cpp:89] @ 0.331903s :Calibration directory path: C:\Users\lucas\AppData\Roaming\Imager\Cali
DEBUG [Cali.cpp:90] @ 0.331912s :Calibration file name: Cali-24024181.xml
DEBUG [Cali.cpp:100] @ 0.332114s :Calibration data A: 1450 B:400 C:4095 D:1000
DEBUG [Cali.cpp:89] @ 0.336081s :Calibration directory path: C:\Users\lucas\AppData\Roaming\Imager\Cali
DEBUG [Cali.cpp:90] @ 0.336122s :Calibration file name: Cali-24024181.xml
DEBUG [Cali.cpp:100] @ 0.336541s :Calibration data A: 1450 B:400 C:4095 D:1000
DEBUG [IRImager.cpp:300] @ 0.336651s :No temperature range configuration specified. Setting default values tMin: -20 , tMax: 100
DEBUG [IRImager.cpp:374] @ 0.337236s :Using HID control interface
DEBUG [IRImager.cpp:414] @ 0.508246s :Initialized HID control interface to device with HW:3401 FW:3447
DEBUG [IRImager.cpp:435] @ 0.508308s :Frameconfig - width(in): 382, height(in): 290, interval: 370370, max framerate: 27, HW interval: 0.037037
DEBUG [Cali.cpp:89] @ 0.508327s :Calibration directory path: C:\Users\lucas\AppData\Roaming\Imager\Cali
DEBUG [Cali.cpp:90] @ 0.508334s :Calibration file name: Cali-24024181.xml
DEBUG [Cali.cpp:100] @ 0.508679s :Calibration data A: 1450 B:400 C:4095 D:1000
DEBUG [ImageProcessing.cpp:200] @ 0.513212s :Source buffer size: 221560 Width: 382 Height: 290
DEBUG [ImageProcessing.cpp:121] @ 0.567995s :Source buffer size: 221560 Width: 382 Height: 290
DEBUG [OpSource.cpp:347] @ 0.569024s :Using formats path: .\Formats.def
DEBUG [OpSource.cpp:598] @ 0.569238s :Format found with size: 382
DEBUG [IRImager.cpp:841] @ 0.569571s :Caught onFrameInit with size: 382x288
DEBUG [OpSource.cpp:347] @ 0.5705s :Using formats path: .\Formats.def
DEBUG [OpSource.cpp:598] @ 0.57064s :Format found with size: 382
DEBUG [OpSource.cpp:347] @ 0.570691s :Using formats path: .\Formats.def
DEBUG [OpCorr.cpp:467] @ 0.572944s :Read cali: C:\Users\lucas\AppData\Roaming\Imager\Cali\Cali-24024181-18-M20-100.dat
DEBUG [OpCorr.cpp:557] @ 0.572993s :Read calibration of camera no 24024181, # of fields: 6 , start of fields: 40
DEBUG [ImageProcessing.cpp:1108] @ 0.864091s :Update flag temperature: 31.625
DEBUG [ImageProcessing.cpp:1111] @ 0.866058s :Update box temperature: 30.8125
DEBUG [Cali.cpp:641] @ 0.866106s :Calibration file path: 000002259C6C52B4/000000F2863ECDB0.xml
DEBUG [SimpleXML.cpp:238] @ 0.866225s :Failed to open file C:\Users\lucas\AppData\Roaming\Imager\Cali\CaliExt-24024181.xml
DEBUG [IRImager.cpp:547] @ 0.890743s :Chip heating disabled
DEBUG [IRImager.cpp:1363] @ 0.911502s :Set focusmotor position to 50%
DEBUG [IRImager.cpp:1107] @ 1.01123s :Start flag calibration
