DEBUG [IRLogger.cpp:105] @ 0.0002271s :***************************************************
DEBUG [IRLogger.cpp:106] @ 0.0002855s :* IRImagerDirect SDK                              *
DEBUG [IRLogger.cpp:107] @ 0.0003011s :***************************************************
DEBUG [IRLogger.cpp:113] @ 0.0003128s :* Native Machine:      AMD64
DEBUG [IRLogger.cpp:114] @ 0.0003236s :* Machine:             AMD64
DEBUG [IRLogger.cpp:116] @ 0.0003423s :* OS:                  Windows 10 0 26100
DEBUG [IRLogger.cpp:123] @ 0.0003522s :***************************************************
DEBUG [IRDeviceParams.cpp:204] @ 0.0016533s :Parameters
DEBUG [IRDeviceParams.cpp:205] @ 0.0016714s :serial: 0
DEBUG [IRDeviceParams.cpp:206] @ 0.0016804s :videoformatindex: 0
DEBUG [IRDeviceParams.cpp:207] @ 0.0017121s :fov: 0
DEBUG [IRDeviceParams.cpp:208] @ 0.0017265s :optics_text: 0000000000000000
DEBUG [IRDeviceParams.cpp:209] @ 0.0017335s :formatspath: 000001B86845EA60
DEBUG [IRDeviceParams.cpp:210] @ 0.0017396s :calipath: 0000000000000000
DEBUG [IRDeviceParams.cpp:211] @ 0.0017994s :temperature min: 0
DEBUG [IRDeviceParams.cpp:212] @ 0.001806s :temperature max: 0
DEBUG [IRDeviceParams.cpp:213] @ 0.00182s :framerate: 32
DEBUG [IRDeviceParams.cpp:214] @ 0.0018275s :bispectral: 0
DEBUG [IRDeviceParams.cpp:215] @ 0.0018616s :flag automatic: 1
DEBUG [IRDeviceParams.cpp:216] @ 0.0018686s :min interval: 15
DEBUG [IRDeviceParams.cpp:217] @ 0.0018747s :max interval: 0
DEBUG [IRDeviceParams.cpp:218] @ 0.0018803s :chip heating mode: 0
DEBUG [IRDeviceParams.cpp:219] @ 0.001887s :chip heating fixed val: 40
DEBUG [IRDeviceParams.cpp:220] @ 0.0018935s :focus:  -1
DEBUG [IRDeviceParams.cpp:221] @ 0.0019512s :enable extended temp range: 0
DEBUG [IRDeviceParams.cpp:222] @ 0.0019714s :buffer queue size: 5
DEBUG [IRDeviceParams.cpp:223] @ 0.0019788s :enable high precision: 0
DEBUG [IRDeviceParams.cpp:224] @ 0.001985s :radialDistortionCorrectionMode: 0
DEBUG [IRDeviceParams.cpp:225] @ 0.0019912s :deviceAPI: 0
DEBUG [IRDeviceParams.cpp:226] @ 0.0020163s :useExternalProbeForReferencing: 0
DEBUG [IRDeviceParams.cpp:227] @ 0.0020234s :enableMultiThreading: 0
DEBUG [IRDeviceParams.cpp:232] @ 0.0020301s :ethernetDevice.deviceIpAddress: 0.0.0.0
DEBUG [IRDeviceParams.cpp:233] @ 0.0020361s :ethernetDevice.localUdpPort: 0
DEBUG [IRDeviceParams.cpp:234] @ 0.002042s :ethernetDevice.checkUdpSenderIp: 1
DEBUG [Cali.cpp:89] @ 0.330348s :Calibration directory path: C:\Users\lucas\AppData\Roaming\Imager\Cali
DEBUG [Cali.cpp:90] @ 0.330378s :Calibration file name: Cali-24024181.xml
DEBUG [Cali.cpp:100] @ 0.330685s :Calibration data A: 1450 B:400 C:4095 D:1000
INFO [IRImager.cpp:266] @ 0.333191s :Init thermal imager to 24024181 with size: 382x290@27 Hz
DEBUG [Cali.cpp:89] @ 0.333387s :Calibration directory path: C:\Users\lucas\AppData\Roaming\Imager\Cali
DEBUG [Cali.cpp:90] @ 0.333396s :Calibration file name: Cali-24024181.xml
DEBUG [Cali.cpp:100] @ 0.333568s :Calibration data A: 1450 B:400 C:4095 D:1000
DEBUG [Cali.cpp:89] @ 0.336072s :Calibration directory path: C:\Users\lucas\AppData\Roaming\Imager\Cali
DEBUG [Cali.cpp:90] @ 0.336088s :Calibration file name: Cali-24024181.xml
DEBUG [Cali.cpp:100] @ 0.336264s :Calibration data A: 1450 B:400 C:4095 D:1000
DEBUG [IRImager.cpp:300] @ 0.33632s :No temperature range configuration specified. Setting default values tMin: -20 , tMax: 100
DEBUG [IRImager.cpp:374] @ 0.336557s :Using HID control interface
DEBUG [IRImager.cpp:414] @ 0.509906s :Initialized HID control interface to device with HW:3401 FW:3447
DEBUG [IRImager.cpp:435] @ 0.509969s :Frameconfig - width(in): 382, height(in): 290, interval: 370370, max framerate: 27, HW interval: 0.037037
DEBUG [Cali.cpp:89] @ 0.509991s :Calibration directory path: C:\Users\lucas\AppData\Roaming\Imager\Cali
DEBUG [Cali.cpp:90] @ 0.51s :Calibration file name: Cali-24024181.xml
DEBUG [Cali.cpp:100] @ 0.510348s :Calibration data A: 1450 B:400 C:4095 D:1000
DEBUG [ImageProcessing.cpp:200] @ 0.514868s :Source buffer size: 221560 Width: 382 Height: 290
DEBUG [ImageProcessing.cpp:121] @ 0.569729s :Source buffer size: 221560 Width: 382 Height: 290
DEBUG [OpSource.cpp:347] @ 0.570579s :Using formats path: .\Formats.def
DEBUG [OpSource.cpp:598] @ 0.570755s :Format found with size: 382
DEBUG [IRImager.cpp:841] @ 0.571s :Caught onFrameInit with size: 382x288
DEBUG [OpSource.cpp:347] @ 0.571864s :Using formats path: .\Formats.def
DEBUG [OpSource.cpp:598] @ 0.571982s :Format found with size: 382
DEBUG [OpSource.cpp:347] @ 0.572025s :Using formats path: .\Formats.def
DEBUG [OpCorr.cpp:467] @ 0.574441s :Read cali: C:\Users\lucas\AppData\Roaming\Imager\Cali\Cali-24024181-18-M20-100.dat
DEBUG [OpCorr.cpp:557] @ 0.574491s :Read calibration of camera no 24024181, # of fields: 6 , start of fields: 40
DEBUG [ImageProcessing.cpp:1108] @ 0.86555s :Update flag temperature: 31.6875
DEBUG [ImageProcessing.cpp:1111] @ 0.867986s :Update box temperature: 30.8125
DEBUG [Cali.cpp:641] @ 0.868084s :Calibration file path: 000001B868F46E04/00000014E55ED280.xml
DEBUG [SimpleXML.cpp:238] @ 0.868238s :Failed to open file C:\Users\lucas\AppData\Roaming\Imager\Cali\CaliExt-24024181.xml
DEBUG [IRImager.cpp:547] @ 0.879105s :Chip heating disabled
DEBUG [IRImager.cpp:1363] @ 0.901435s :Set focusmotor position to 50%
DEBUG [IRImager.cpp:1107] @ 0.98497s :Start flag calibration
DEBUG [OpFlag.cpp:591] @ 11.9436s :SkimDiff: -29 Adjust: -5701 State: 1 EMax: 5657 Emin: -2297
DEBUG [ImageProcessing.cpp:526] @ 11.9546s :Skim_Adjust 2213
DEBUG [IRImager.cpp:1121] @ 12.3763s :Finished startup calibration
DEBUG [IRImager.cpp:1172] @ 26.5359s :Automatic control of shutter flag
DEBUG [OpFlag.cpp:591] @ 27.0155s :SkimDiff: -28 Adjust: -5455 State: 3 EMax: 8376 Emin: -2250
DEBUG [ImageProcessing.cpp:526] @ 27.0273s :Skim_Adjust 2185
DEBUG [IRImager.cpp:662] @ 56.5218s :Release imager
DEBUG [BaseControlDevice.cpp:26] @ 56.5621s :Base destructor called
DEBUG [IRImager.cpp:669] @ 56.5622s :Delete image processing
DEBUG [IRImager.cpp:676] @ 56.5782s :Delete buffer
DEBUG [IRImager.cpp:684] @ 56.5782s :Delete source buffer
DEBUG [IRImager.cpp:691] @ 56.5782s :Delete buffer (energy)
DEBUG [IRImager.cpp:698] @ 56.5783s :Delete timer
DEBUG [IRImager.cpp:704] @ 56.5783s :Delete manual timer
