DEBUG [IRLogger.cpp:105] @ 0.0001997s :***************************************************
DEBUG [IRLogger.cpp:106] @ 0.0002701s :* IRImagerDirect SDK                              *
DEBUG [IRLogger.cpp:107] @ 0.0002858s :***************************************************
DEBUG [IRLogger.cpp:113] @ 0.0003717s :* Native Machine:      AMD64
DEBUG [IRLogger.cpp:114] @ 0.0004071s :* Machine:             AMD64
DEBUG [IRLogger.cpp:116] @ 0.000429s :* OS:                  Windows 10 0 26100
DEBUG [IRLogger.cpp:123] @ 0.0004401s :***************************************************
DEBUG [IRDeviceParams.cpp:204] @ 0.0032642s :Parameters
DEBUG [IRDeviceParams.cpp:205] @ 0.0032794s :serial: 0
DEBUG [IRDeviceParams.cpp:206] @ 0.0032857s :videoformatindex: 0
DEBUG [IRDeviceParams.cpp:207] @ 0.0032918s :fov: 0
DEBUG [IRDeviceParams.cpp:208] @ 0.0032978s :optics_text: 0000000000000000
DEBUG [IRDeviceParams.cpp:209] @ 0.0033038s :formatspath: 0000023030D6B650
DEBUG [IRDeviceParams.cpp:210] @ 0.0033096s :calipath: 0000000000000000
DEBUG [IRDeviceParams.cpp:211] @ 0.0033152s :temperature min: 0
DEBUG [IRDeviceParams.cpp:212] @ 0.0033211s :temperature max: 0
DEBUG [IRDeviceParams.cpp:213] @ 0.0033288s :framerate: 32
DEBUG [IRDeviceParams.cpp:214] @ 0.0033346s :bispectral: 0
DEBUG [IRDeviceParams.cpp:215] @ 0.00334s :flag automatic: 1
DEBUG [IRDeviceParams.cpp:216] @ 0.003346s :min interval: 15
DEBUG [IRDeviceParams.cpp:217] @ 0.003352s :max interval: 0
DEBUG [IRDeviceParams.cpp:218] @ 0.0033576s :chip heating mode: 0
DEBUG [IRDeviceParams.cpp:219] @ 0.0033637s :chip heating fixed val: 40
DEBUG [IRDeviceParams.cpp:220] @ 0.0033701s :focus:  -1
DEBUG [IRDeviceParams.cpp:221] @ 0.0033757s :enable extended temp range: 0
DEBUG [IRDeviceParams.cpp:222] @ 0.0033814s :buffer queue size: 5
DEBUG [IRDeviceParams.cpp:223] @ 0.003387s :enable high precision: 0
DEBUG [IRDeviceParams.cpp:224] @ 0.0033928s :radialDistortionCorrectionMode: 0
DEBUG [IRDeviceParams.cpp:225] @ 0.0033984s :deviceAPI: 0
DEBUG [IRDeviceParams.cpp:226] @ 0.0034039s :useExternalProbeForReferencing: 0
DEBUG [IRDeviceParams.cpp:227] @ 0.0034093s :enableMultiThreading: 0
DEBUG [IRDeviceParams.cpp:232] @ 0.0034156s :ethernetDevice.deviceIpAddress: 0.0.0.0
DEBUG [IRDeviceParams.cpp:233] @ 0.003422s :ethernetDevice.localUdpPort: 0
DEBUG [IRDeviceParams.cpp:234] @ 0.0034311s :ethernetDevice.checkUdpSenderIp: 1
DEBUG [Cali.cpp:89] @ 0.320095s :Calibration directory path: C:\Users\lucas\AppData\Roaming\Imager\Cali
DEBUG [Cali.cpp:90] @ 0.320123s :Calibration file name: Cali-24024181.xml
DEBUG [Cali.cpp:100] @ 0.320362s :Calibration data A: 1450 B:400 C:4095 D:1000
INFO [IRImager.cpp:266] @ 0.323071s :Init thermal imager to 24024181 with size: 382x290@27 Hz
DEBUG [Cali.cpp:89] @ 0.323269s :Calibration directory path: C:\Users\lucas\AppData\Roaming\Imager\Cali
DEBUG [Cali.cpp:90] @ 0.323278s :Calibration file name: Cali-24024181.xml
DEBUG [Cali.cpp:100] @ 0.323476s :Calibration data A: 1450 B:400 C:4095 D:1000
DEBUG [Cali.cpp:89] @ 0.325812s :Calibration directory path: C:\Users\lucas\AppData\Roaming\Imager\Cali
DEBUG [Cali.cpp:90] @ 0.325826s :Calibration file name: Cali-24024181.xml
DEBUG [Cali.cpp:100] @ 0.325992s :Calibration data A: 1450 B:400 C:4095 D:1000
DEBUG [IRImager.cpp:300] @ 0.326041s :No temperature range configuration specified. Setting default values tMin: -20 , tMax: 100
DEBUG [IRImager.cpp:374] @ 0.326353s :Using HID control interface
DEBUG [IRImager.cpp:414] @ 0.496561s :Initialized HID control interface to device with HW:3401 FW:3447
DEBUG [IRImager.cpp:435] @ 0.496641s :Frameconfig - width(in): 382, height(in): 290, interval: 370370, max framerate: 27, HW interval: 0.037037
DEBUG [Cali.cpp:89] @ 0.496674s :Calibration directory path: C:\Users\lucas\AppData\Roaming\Imager\Cali
DEBUG [Cali.cpp:90] @ 0.496693s :Calibration file name: Cali-24024181.xml
DEBUG [Cali.cpp:100] @ 0.49742s :Calibration data A: 1450 B:400 C:4095 D:1000
DEBUG [ImageProcessing.cpp:200] @ 0.502s :Source buffer size: 221560 Width: 382 Height: 290
DEBUG [ImageProcessing.cpp:121] @ 0.547074s :Source buffer size: 221560 Width: 382 Height: 290
DEBUG [OpSource.cpp:347] @ 0.548866s :Using formats path: .\Formats.def
DEBUG [OpSource.cpp:598] @ 0.549376s :Format found with size: 382
DEBUG [IRImager.cpp:841] @ 0.549895s :Caught onFrameInit with size: 382x288
DEBUG [OpSource.cpp:347] @ 0.551554s :Using formats path: .\Formats.def
DEBUG [OpSource.cpp:598] @ 0.551846s :Format found with size: 382
DEBUG [OpSource.cpp:347] @ 0.551955s :Using formats path: .\Formats.def
DEBUG [OpCorr.cpp:467] @ 0.554741s :Read cali: C:\Users\lucas\AppData\Roaming\Imager\Cali\Cali-24024181-18-M20-100.dat
DEBUG [OpCorr.cpp:557] @ 0.554824s :Read calibration of camera no 24024181, # of fields: 6 , start of fields: 40
DEBUG [ImageProcessing.cpp:1108] @ 0.851582s :Update flag temperature: 32.3125
DEBUG [ImageProcessing.cpp:1111] @ 0.85355s :Update box temperature: 31.5625
DEBUG [Cali.cpp:641] @ 0.853601s :Calibration file path: 000002305994E1F4/0000003D7E7ECF10.xml
DEBUG [SimpleXML.cpp:238] @ 0.853805s :Failed to open file C:\Users\lucas\AppData\Roaming\Imager\Cali\CaliExt-24024181.xml
DEBUG [IRImager.cpp:547] @ 0.870579s :Chip heating disabled
DEBUG [IRImager.cpp:1363] @ 0.899677s :Set focusmotor position to 50%
DEBUG [IRImager.cpp:1107] @ 0.998167s :Start flag calibration
DEBUG [IRImager.cpp:662] @ 7.06344s :Release imager
DEBUG [BaseControlDevice.cpp:26] @ 7.10886s :Base destructor called
DEBUG [IRImager.cpp:669] @ 7.10894s :Delete image processing
DEBUG [IRImager.cpp:676] @ 7.1243s :Delete buffer
DEBUG [IRImager.cpp:684] @ 7.12437s :Delete source buffer
DEBUG [IRImager.cpp:691] @ 7.12439s :Delete buffer (energy)
DEBUG [IRImager.cpp:698] @ 7.12447s :Delete timer
DEBUG [IRImager.cpp:704] @ 7.12449s :Delete manual timer
