DEBUG [IRLogger.cpp:105] @ 0.0002197s :***************************************************
DEBUG [IRLogger.cpp:106] @ 0.0002764s :* IRImagerDirect SDK                              *
DEBUG [IRLogger.cpp:107] @ 0.0002909s :***************************************************
DEBUG [IRLogger.cpp:113] @ 0.0003027s :* Native Machine:      AMD64
DEBUG [IRLogger.cpp:114] @ 0.0003129s :* Machine:             AMD64
DEBUG [IRLogger.cpp:116] @ 0.0003312s :* OS:                  Windows 10 0 26100
DEBUG [IRLogger.cpp:123] @ 0.0003408s :***************************************************
DEBUG [IRDeviceParams.cpp:204] @ 0.0032609s :Parameters
DEBUG [IRDeviceParams.cpp:205] @ 0.0032729s :serial: 0
DEBUG [IRDeviceParams.cpp:206] @ 0.0032787s :videoformatindex: 0
DEBUG [IRDeviceParams.cpp:207] @ 0.0032847s :fov: 0
DEBUG [IRDeviceParams.cpp:208] @ 0.0032906s :optics_text: 0000000000000000
DEBUG [IRDeviceParams.cpp:209] @ 0.0032965s :formatspath: 000001F5E3A8D810
DEBUG [IRDeviceParams.cpp:210] @ 0.0033022s :calipath: 0000000000000000
DEBUG [IRDeviceParams.cpp:211] @ 0.003308s :temperature min: 0
DEBUG [IRDeviceParams.cpp:212] @ 0.0033137s :temperature max: 0
DEBUG [IRDeviceParams.cpp:213] @ 0.0033213s :framerate: 32
DEBUG [IRDeviceParams.cpp:214] @ 0.0033268s :bispectral: 0
DEBUG [IRDeviceParams.cpp:215] @ 0.0033323s :flag automatic: 1
DEBUG [IRDeviceParams.cpp:216] @ 0.0033381s :min interval: 15
DEBUG [IRDeviceParams.cpp:217] @ 0.0033438s :max interval: 0
DEBUG [IRDeviceParams.cpp:218] @ 0.0033492s :chip heating mode: 0
DEBUG [IRDeviceParams.cpp:219] @ 0.0033549s :chip heating fixed val: 40
DEBUG [IRDeviceParams.cpp:220] @ 0.0033952s :focus:  -1
DEBUG [IRDeviceParams.cpp:221] @ 0.0034018s :enable extended temp range: 0
DEBUG [IRDeviceParams.cpp:222] @ 0.003408s :buffer queue size: 5
DEBUG [IRDeviceParams.cpp:223] @ 0.0034137s :enable high precision: 0
DEBUG [IRDeviceParams.cpp:224] @ 0.0034193s :radialDistortionCorrectionMode: 0
DEBUG [IRDeviceParams.cpp:225] @ 0.0034249s :deviceAPI: 0
DEBUG [IRDeviceParams.cpp:226] @ 0.0034304s :useExternalProbeForReferencing: 0
DEBUG [IRDeviceParams.cpp:227] @ 0.0034444s :enableMultiThreading: 0
DEBUG [IRDeviceParams.cpp:232] @ 0.0034685s :ethernetDevice.deviceIpAddress: 0.0.0.0
DEBUG [IRDeviceParams.cpp:233] @ 0.0034755s :ethernetDevice.localUdpPort: 0
DEBUG [IRDeviceParams.cpp:234] @ 0.0034959s :ethernetDevice.checkUdpSenderIp: 1
DEBUG [Cali.cpp:89] @ 0.316954s :Calibration directory path: C:\Users\lucas\AppData\Roaming\Imager\Cali
DEBUG [Cali.cpp:90] @ 0.316983s :Calibration file name: Cali-25014006.xml
DEBUG [Cali.cpp:100] @ 0.317235s :Calibration data A: 1450 B:400 C:4095 D:1000
INFO [IRImager.cpp:266] @ 0.319945s :Init thermal imager to 25014006 with size: 382x290@27 Hz
DEBUG [Cali.cpp:89] @ 0.320137s :Calibration directory path: C:\Users\lucas\AppData\Roaming\Imager\Cali
DEBUG [Cali.cpp:90] @ 0.320146s :Calibration file name: Cali-25014006.xml
DEBUG [Cali.cpp:100] @ 0.320331s :Calibration data A: 1450 B:400 C:4095 D:1000
DEBUG [Cali.cpp:89] @ 0.322839s :Calibration directory path: C:\Users\lucas\AppData\Roaming\Imager\Cali
DEBUG [Cali.cpp:90] @ 0.322854s :Calibration file name: Cali-25014006.xml
DEBUG [Cali.cpp:100] @ 0.323042s :Calibration data A: 1450 B:400 C:4095 D:1000
DEBUG [IRImager.cpp:300] @ 0.323096s :No temperature range configuration specified. Setting default values tMin: -20 , tMax: 100
DEBUG [IRImager.cpp:374] @ 0.323339s :Using HID control interface
DEBUG [IRImager.cpp:414] @ 0.491989s :Initialized HID control interface to device with HW:3401 FW:3448
DEBUG [IRImager.cpp:435] @ 0.492049s :Frameconfig - width(in): 382, height(in): 290, interval: 370370, max framerate: 27, HW interval: 0.037037
DEBUG [Cali.cpp:89] @ 0.492074s :Calibration directory path: C:\Users\lucas\AppData\Roaming\Imager\Cali
DEBUG [Cali.cpp:90] @ 0.492088s :Calibration file name: Cali-25014006.xml
DEBUG [Cali.cpp:100] @ 0.492493s :Calibration data A: 1450 B:400 C:4095 D:1000
DEBUG [ImageProcessing.cpp:200] @ 0.496987s :Source buffer size: 221560 Width: 382 Height: 290
DEBUG [ImageProcessing.cpp:121] @ 0.54473s :Source buffer size: 221560 Width: 382 Height: 290
DEBUG [OpSource.cpp:347] @ 0.545458s :Using formats path: .\Formats.def
DEBUG [OpSource.cpp:598] @ 0.54564s :Format found with size: 382
DEBUG [IRImager.cpp:841] @ 0.545869s :Caught onFrameInit with size: 382x288
DEBUG [OpSource.cpp:347] @ 0.546607s :Using formats path: .\Formats.def
DEBUG [OpSource.cpp:598] @ 0.54673s :Format found with size: 382
DEBUG [OpSource.cpp:347] @ 0.546773s :Using formats path: .\Formats.def
DEBUG [OpCorr.cpp:467] @ 0.549047s :Read cali: C:\Users\lucas\AppData\Roaming\Imager\Cali\Cali-25014006-29-M20-100.dat
DEBUG [OpCorr.cpp:557] @ 0.549104s :Read calibration of camera no 25014006, # of fields: 6 , start of fields: 40
DEBUG [ImageProcessing.cpp:1108] @ 0.84408s :Update flag temperature: 32.25
DEBUG [ImageProcessing.cpp:1111] @ 0.846424s :Update box temperature: 30.8125
DEBUG [Cali.cpp:641] @ 0.846544s :Calibration file path: 000001F5E4294544/00000079695ECD50.xml
DEBUG [SimpleXML.cpp:238] @ 0.846678s :Failed to open file C:\Users\lucas\AppData\Roaming\Imager\Cali\CaliExt-25014006.xml
DEBUG [IRImager.cpp:547] @ 0.868408s :Chip heating disabled
DEBUG [IRImager.cpp:1363] @ 0.890196s :Set focusmotor position to 80%
DEBUG [IRImager.cpp:1107] @ 0.941628s :Start flag calibration
DEBUG [OpFlag.cpp:591] @ 11.8684s :SkimDiff: -26 Adjust: -5062 State: 1 EMax: 7959 Emin: -1658
DEBUG [ImageProcessing.cpp:526] @ 11.8797s :Skim_Adjust 2181
DEBUG [IRImager.cpp:1121] @ 12.3489s :Finished startup calibration
DEBUG [IRImager.cpp:662] @ 17.1979s :Release imager
DEBUG [BaseControlDevice.cpp:26] @ 17.2363s :Base destructor called
DEBUG [IRImager.cpp:669] @ 17.2363s :Delete image processing
DEBUG [IRImager.cpp:676] @ 17.2517s :Delete buffer
DEBUG [IRImager.cpp:684] @ 17.2519s :Delete source buffer
DEBUG [IRImager.cpp:691] @ 17.2519s :Delete buffer (energy)
DEBUG [IRImager.cpp:698] @ 17.2519s :Delete timer
DEBUG [IRImager.cpp:704] @ 17.2519s :Delete manual timer
