DEBUG [IRLogger.cpp:105] @ 0.0002101s :***************************************************
DEBUG [IRLogger.cpp:106] @ 0.0002639s :* IRImagerDirect SDK                              *
DEBUG [IRLogger.cpp:107] @ 0.0002791s :***************************************************
DEBUG [IRLogger.cpp:113] @ 0.0002912s :* Native Machine:      AMD64
DEBUG [IRLogger.cpp:114] @ 0.0003024s :* Machine:             AMD64
DEBUG [IRLogger.cpp:116] @ 0.0003196s :* OS:                  Windows 10 0 26100
DEBUG [IRLogger.cpp:123] @ 0.0003495s :***************************************************
DEBUG [IRDeviceParams.cpp:204] @ 0.0031405s :Parameters
DEBUG [IRDeviceParams.cpp:205] @ 0.0031543s :serial: 0
DEBUG [IRDeviceParams.cpp:206] @ 0.0031608s :videoformatindex: 0
DEBUG [IRDeviceParams.cpp:207] @ 0.0031673s :fov: 0
DEBUG [IRDeviceParams.cpp:208] @ 0.0031734s :optics_text: 0000000000000000
DEBUG [IRDeviceParams.cpp:209] @ 0.0031794s :formatspath: 00000294A44B79C0
DEBUG [IRDeviceParams.cpp:210] @ 0.0031852s :calipath: 0000000000000000
DEBUG [IRDeviceParams.cpp:211] @ 0.0031906s :temperature min: 0
DEBUG [IRDeviceParams.cpp:212] @ 0.003196s :temperature max: 0
DEBUG [IRDeviceParams.cpp:213] @ 0.003204s :framerate: 32
DEBUG [IRDeviceParams.cpp:214] @ 0.0032097s :bispectral: 0
DEBUG [IRDeviceParams.cpp:215] @ 0.003215s :flag automatic: 1
DEBUG [IRDeviceParams.cpp:216] @ 0.0032208s :min interval: 15
DEBUG [IRDeviceParams.cpp:217] @ 0.0032269s :max interval: 0
DEBUG [IRDeviceParams.cpp:218] @ 0.0032332s :chip heating mode: 0
DEBUG [IRDeviceParams.cpp:219] @ 0.003261s :chip heating fixed val: 40
DEBUG [IRDeviceParams.cpp:220] @ 0.0032682s :focus:  -1
DEBUG [IRDeviceParams.cpp:221] @ 0.0032738s :enable extended temp range: 0
DEBUG [IRDeviceParams.cpp:222] @ 0.0032796s :buffer queue size: 5
DEBUG [IRDeviceParams.cpp:223] @ 0.0032851s :enable high precision: 0
DEBUG [IRDeviceParams.cpp:224] @ 0.0032908s :radialDistortionCorrectionMode: 0
DEBUG [IRDeviceParams.cpp:225] @ 0.0032963s :deviceAPI: 0
DEBUG [IRDeviceParams.cpp:226] @ 0.0033018s :useExternalProbeForReferencing: 0
DEBUG [IRDeviceParams.cpp:227] @ 0.0033073s :enableMultiThreading: 0
DEBUG [IRDeviceParams.cpp:232] @ 0.003314s :ethernetDevice.deviceIpAddress: 0.0.0.0
DEBUG [IRDeviceParams.cpp:233] @ 0.0033359s :ethernetDevice.localUdpPort: 0
DEBUG [IRDeviceParams.cpp:234] @ 0.0033429s :ethernetDevice.checkUdpSenderIp: 1
DEBUG [Cali.cpp:89] @ 0.324135s :Calibration directory path: C:\Users\lucas\AppData\Roaming\Imager\Cali
DEBUG [Cali.cpp:90] @ 0.32416s :Calibration file name: Cali-24024181.xml
DEBUG [Cali.cpp:100] @ 0.324378s :Calibration data A: 1450 B:400 C:4095 D:1000
INFO [IRImager.cpp:266] @ 0.327701s :Init thermal imager to 24024181 with size: 382x290@27 Hz
DEBUG [Cali.cpp:89] @ 0.327897s :Calibration directory path: C:\Users\lucas\AppData\Roaming\Imager\Cali
DEBUG [Cali.cpp:90] @ 0.327907s :Calibration file name: Cali-24024181.xml
DEBUG [Cali.cpp:100] @ 0.328091s :Calibration data A: 1450 B:400 C:4095 D:1000
DEBUG [Cali.cpp:89] @ 0.330835s :Calibration directory path: C:\Users\lucas\AppData\Roaming\Imager\Cali
DEBUG [Cali.cpp:90] @ 0.330852s :Calibration file name: Cali-24024181.xml
DEBUG [Cali.cpp:100] @ 0.331078s :Calibration data A: 1450 B:400 C:4095 D:1000
DEBUG [IRImager.cpp:300] @ 0.331197s :No temperature range configuration specified. Setting default values tMin: -20 , tMax: 100
DEBUG [IRImager.cpp:374] @ 0.331446s :Using HID control interface
DEBUG [IRImager.cpp:414] @ 0.50364s :Initialized HID control interface to device with HW:3401 FW:3447
DEBUG [IRImager.cpp:435] @ 0.503683s :Frameconfig - width(in): 382, height(in): 290, interval: 370370, max framerate: 27, HW interval: 0.037037
DEBUG [Cali.cpp:89] @ 0.503696s :Calibration directory path: C:\Users\lucas\AppData\Roaming\Imager\Cali
DEBUG [Cali.cpp:90] @ 0.503702s :Calibration file name: Cali-24024181.xml
DEBUG [Cali.cpp:100] @ 0.504136s :Calibration data A: 1450 B:400 C:4095 D:1000
DEBUG [ImageProcessing.cpp:200] @ 0.508723s :Source buffer size: 221560 Width: 382 Height: 290
DEBUG [ImageProcessing.cpp:121] @ 0.567423s :Source buffer size: 221560 Width: 382 Height: 290
DEBUG [OpSource.cpp:347] @ 0.568417s :Using formats path: .\Formats.def
DEBUG [OpSource.cpp:598] @ 0.56861s :Format found with size: 382
DEBUG [IRImager.cpp:841] @ 0.568878s :Caught onFrameInit with size: 382x288
DEBUG [OpSource.cpp:347] @ 0.570346s :Using formats path: .\Formats.def
DEBUG [OpSource.cpp:598] @ 0.570614s :Format found with size: 382
DEBUG [OpSource.cpp:347] @ 0.570712s :Using formats path: .\Formats.def
DEBUG [OpCorr.cpp:467] @ 0.573309s :Read cali: C:\Users\lucas\AppData\Roaming\Imager\Cali\Cali-24024181-18-M20-100.dat
DEBUG [OpCorr.cpp:557] @ 0.573377s :Read calibration of camera no 24024181, # of fields: 6 , start of fields: 40
DEBUG [ImageProcessing.cpp:1108] @ 0.866677s :Update flag temperature: 31.5625
DEBUG [ImageProcessing.cpp:1111] @ 0.868871s :Update box temperature: 30.75
DEBUG [Cali.cpp:641] @ 0.868925s :Calibration file path: 00000294A5016584/000000CA38DED190.xml
DEBUG [SimpleXML.cpp:238] @ 0.869098s :Failed to open file C:\Users\lucas\AppData\Roaming\Imager\Cali\CaliExt-24024181.xml
DEBUG [IRImager.cpp:547] @ 0.894653s :Chip heating disabled
DEBUG [IRImager.cpp:1363] @ 0.921051s :Set focusmotor position to 70%
DEBUG [IRImager.cpp:1107] @ 1.00437s :Start flag calibration
DEBUG [OpFlag.cpp:591] @ 11.9628s :SkimDiff: -29 Adjust: -5697 State: 1 EMax: 5637 Emin: -2293
DEBUG [ImageProcessing.cpp:526] @ 11.9746s :Skim_Adjust 2213
DEBUG [IRImager.cpp:1121] @ 12.4115s :Finished startup calibration
DEBUG [IRImager.cpp:1172] @ 26.5549s :Automatic control of shutter flag
DEBUG [OpFlag.cpp:591] @ 27.0347s :SkimDiff: -28 Adjust: -5467 State: 3 EMax: 8350 Emin: -2247
DEBUG [ImageProcessing.cpp:526] @ 27.0466s :Skim_Adjust 2185
DEBUG [IRImager.cpp:662] @ 39.2608s :Release imager
DEBUG [BaseControlDevice.cpp:26] @ 39.301s :Base destructor called
DEBUG [IRImager.cpp:669] @ 39.301s :Delete image processing
DEBUG [IRImager.cpp:676] @ 39.317s :Delete buffer
DEBUG [IRImager.cpp:684] @ 39.3171s :Delete source buffer
DEBUG [IRImager.cpp:691] @ 39.3171s :Delete buffer (energy)
DEBUG [IRImager.cpp:698] @ 39.3171s :Delete timer
DEBUG [IRImager.cpp:704] @ 39.3171s :Delete manual timer
