DEBUG [IRLogger.cpp:105] @ 0.0002096s :***************************************************
DEBUG [IRLogger.cpp:106] @ 0.0002654s :* IRImagerDirect SDK                              *
DEBUG [IRLogger.cpp:107] @ 0.00028s :***************************************************
DEBUG [IRLogger.cpp:113] @ 0.000292s :* Native Machine:      AMD64
DEBUG [IRLogger.cpp:114] @ 0.0003033s :* Machine:             AMD64
DEBUG [IRLogger.cpp:116] @ 0.0003211s :* OS:                  Windows 10 0 26100
DEBUG [IRLogger.cpp:123] @ 0.0004085s :***************************************************
DEBUG [IRDeviceParams.cpp:204] @ 0.0211671s :Parameters
DEBUG [IRDeviceParams.cpp:205] @ 0.0211906s :serial: 0
DEBUG [IRDeviceParams.cpp:206] @ 0.0211971s :videoformatindex: 0
DEBUG [IRDeviceParams.cpp:207] @ 0.0212033s :fov: 0
DEBUG [IRDeviceParams.cpp:208] @ 0.0212092s :optics_text: 0000000000000000
DEBUG [IRDeviceParams.cpp:209] @ 0.0212151s :formatspath: 00000237F2C56630
DEBUG [IRDeviceParams.cpp:210] @ 0.0212208s :calipath: 0000000000000000
DEBUG [IRDeviceParams.cpp:211] @ 0.0212265s :temperature min: 0
DEBUG [IRDeviceParams.cpp:212] @ 0.0212321s :temperature max: 0
DEBUG [IRDeviceParams.cpp:213] @ 0.0212395s :framerate: 32
DEBUG [IRDeviceParams.cpp:214] @ 0.0212453s :bispectral: 0
DEBUG [IRDeviceParams.cpp:215] @ 0.0212505s :flag automatic: 1
DEBUG [IRDeviceParams.cpp:216] @ 0.0212562s :min interval: 15
DEBUG [IRDeviceParams.cpp:217] @ 0.0212617s :max interval: 0
DEBUG [IRDeviceParams.cpp:218] @ 0.021267s :chip heating mode: 0
DEBUG [IRDeviceParams.cpp:219] @ 0.021273s :chip heating fixed val: 40
DEBUG [IRDeviceParams.cpp:220] @ 0.0212792s :focus:  -1
DEBUG [IRDeviceParams.cpp:221] @ 0.0212845s :enable extended temp range: 0
DEBUG [IRDeviceParams.cpp:222] @ 0.02129s :buffer queue size: 5
DEBUG [IRDeviceParams.cpp:223] @ 0.0212954s :enable high precision: 0
DEBUG [IRDeviceParams.cpp:224] @ 0.0213009s :radialDistortionCorrectionMode: 0
DEBUG [IRDeviceParams.cpp:225] @ 0.0213064s :deviceAPI: 0
DEBUG [IRDeviceParams.cpp:226] @ 0.0213116s :useExternalProbeForReferencing: 0
DEBUG [IRDeviceParams.cpp:227] @ 0.0213169s :enableMultiThreading: 0
DEBUG [IRDeviceParams.cpp:232] @ 0.0213228s :ethernetDevice.deviceIpAddress: 0.0.0.0
DEBUG [IRDeviceParams.cpp:233] @ 0.0213281s :ethernetDevice.localUdpPort: 0
DEBUG [IRDeviceParams.cpp:234] @ 0.0213335s :ethernetDevice.checkUdpSenderIp: 1
DEBUG [Cali.cpp:89] @ 0.328558s :Calibration directory path: C:\Users\lucas\AppData\Roaming\Imager\Cali
DEBUG [Cali.cpp:90] @ 0.328582s :Calibration file name: Cali-25014006.xml
DEBUG [SimpleXML.cpp:238] @ 0.328634s :Failed to open file C:\Users\lucas\AppData\Roaming\Imager\Cali\Cali-25014006.xml
DEBUG [Cali.cpp:89] @ 0.328644s :Calibration directory path: C:\Users\lucas\AppData\Roaming\Imager\Cali
DEBUG [Cali.cpp:90] @ 0.32865s :Calibration file name: Cali-25014006.xml
DEBUG [SimpleXML.cpp:238] @ 0.328685s :Failed to open file C:\Users\lucas\AppData\Roaming\Imager\Cali\Cali-25014006.xml
DEBUG [Cali.cpp:89] @ 0.328699s :Calibration directory path: C:\Users\lucas\AppData\Roaming\Imager\Cali
DEBUG [Cali.cpp:90] @ 0.328705s :Calibration file name: Cali-25014006.xml
DEBUG [SimpleXML.cpp:238] @ 0.328752s :Failed to open file C:\Users\lucas\AppData\Roaming\Imager\Cali\Cali-25014006.xml
DEBUG [Cali.cpp:89] @ 0.32876s :Calibration directory path: C:\Users\lucas\AppData\Roaming\Imager\Cali
DEBUG [Cali.cpp:90] @ 0.328765s :Calibration file name: Cali-25014006.xml
DEBUG [SimpleXML.cpp:238] @ 0.32881s :Failed to open file C:\Users\lucas\AppData\Roaming\Imager\Cali\Cali-25014006.xml
DEBUG [Cali.cpp:89] @ 2.26987s :Calibration directory path: C:\Users\lucas\AppData\Roaming\Imager\Cali
DEBUG [Cali.cpp:90] @ 2.26991s :Calibration file name: Cali-25014006.xml
DEBUG [Cali.cpp:100] @ 2.27083s :Calibration data A: 1450 B:400 C:4095 D:1000
DEBUG [Cali.cpp:89] @ 2.27364s :Calibration directory path: C:\Users\lucas\AppData\Roaming\Imager\Cali
DEBUG [Cali.cpp:90] @ 2.27366s :Calibration file name: Cali-25014006.xml
DEBUG [Cali.cpp:100] @ 2.27384s :Calibration data A: 1450 B:400 C:4095 D:1000
DEBUG [Cali.cpp:89] @ 5.899s :Calibration directory path: C:\Users\lucas\AppData\Roaming\Imager\Cali
DEBUG [Cali.cpp:90] @ 5.89903s :Calibration file name: Cali-25014006.xml
DEBUG [Cali.cpp:100] @ 5.89927s :Calibration data A: 1450 B:400 C:4095 D:1000
INFO [IRCalibrationManager.cpp:633] @ 6.00866s :All files installed.
INFO [IRImager.cpp:266] @ 6.00907s :Init thermal imager to 25014006 with size: 382x290@27 Hz
DEBUG [Cali.cpp:89] @ 6.00927s :Calibration directory path: C:\Users\lucas\AppData\Roaming\Imager\Cali
DEBUG [Cali.cpp:90] @ 6.00927s :Calibration file name: Cali-25014006.xml
DEBUG [Cali.cpp:100] @ 6.00948s :Calibration data A: 1450 B:400 C:4095 D:1000
DEBUG [Cali.cpp:89] @ 6.01193s :Calibration directory path: C:\Users\lucas\AppData\Roaming\Imager\Cali
DEBUG [Cali.cpp:90] @ 6.01195s :Calibration file name: Cali-25014006.xml
DEBUG [Cali.cpp:100] @ 6.01213s :Calibration data A: 1450 B:400 C:4095 D:1000
DEBUG [IRImager.cpp:300] @ 6.01218s :No temperature range configuration specified. Setting default values tMin: -20 , tMax: 100
DEBUG [IRImager.cpp:374] @ 6.02574s :Using HID control interface
DEBUG [IRImager.cpp:414] @ 6.19709s :Initialized HID control interface to device with HW:3401 FW:3448
DEBUG [IRImager.cpp:435] @ 6.19713s :Frameconfig - width(in): 382, height(in): 290, interval: 370370, max framerate: 27, HW interval: 0.037037
DEBUG [Cali.cpp:89] @ 6.19715s :Calibration directory path: C:\Users\lucas\AppData\Roaming\Imager\Cali
DEBUG [Cali.cpp:90] @ 6.19716s :Calibration file name: Cali-25014006.xml
DEBUG [Cali.cpp:100] @ 6.19749s :Calibration data A: 1450 B:400 C:4095 D:1000
DEBUG [ImageProcessing.cpp:200] @ 6.20184s :Source buffer size: 221560 Width: 382 Height: 290
DEBUG [ImageProcessing.cpp:121] @ 6.25159s :Source buffer size: 221560 Width: 382 Height: 290
DEBUG [OpSource.cpp:347] @ 6.25238s :Using formats path: .\Formats.def
DEBUG [OpSource.cpp:598] @ 6.25254s :Format found with size: 382
DEBUG [IRImager.cpp:841] @ 6.25277s :Caught onFrameInit with size: 382x288
DEBUG [OpSource.cpp:347] @ 6.25349s :Using formats path: .\Formats.def
DEBUG [OpSource.cpp:598] @ 6.2537s :Format found with size: 382
DEBUG [OpSource.cpp:347] @ 6.25378s :Using formats path: .\Formats.def
DEBUG [OpCorr.cpp:467] @ 6.25633s :Read cali: C:\Users\lucas\AppData\Roaming\Imager\Cali\Cali-25014006-29-M20-100.dat
DEBUG [OpCorr.cpp:557] @ 6.25642s :Read calibration of camera no 25014006, # of fields: 6 , start of fields: 40
DEBUG [ImageProcessing.cpp:1108] @ 6.56063s :Update flag temperature: 24.6875
DEBUG [ImageProcessing.cpp:1111] @ 6.5625s :Update box temperature: 24.6875
DEBUG [Cali.cpp:641] @ 6.56257s :Calibration file path: 00000237F3638A74/000000EDF87ECB60.xml
DEBUG [SimpleXML.cpp:238] @ 6.56268s :Failed to open file C:\Users\lucas\AppData\Roaming\Imager\Cali\CaliExt-25014006.xml
DEBUG [IRImager.cpp:547] @ 6.58333s :Chip heating disabled
DEBUG [IRImager.cpp:1363] @ 6.61237s :Set focusmotor position to 80%
DEBUG [IRImager.cpp:1107] @ 6.72559s :Start flag calibration
DEBUG [OpFlag.cpp:591] @ 17.69s :SkimDiff: -20 Adjust: -3910 State: 1 EMax: 7610 Emin: -506
DEBUG [ImageProcessing.cpp:526] @ 17.7014s :Skim_Adjust 2187
DEBUG [IRImager.cpp:1121] @ 18.1328s :Finished startup calibration
DEBUG [IRImager.cpp:1172] @ 32.277s :Automatic control of shutter flag
DEBUG [OpFlag.cpp:591] @ 32.7564s :SkimDiff: -13 Adjust: -2409 State: 1 EMax: 9171 Emin: 995
DEBUG [ImageProcessing.cpp:526] @ 32.7682s :Skim_Adjust 2174
DEBUG [IRImager.cpp:1172] @ 47.3485s :Automatic control of shutter flag
DEBUG [OpFlag.cpp:591] @ 47.828s :SkimDiff: -8 Adjust: -1443 State: 1 EMax: 10204 Emin: 1961
DEBUG [ImageProcessing.cpp:526] @ 47.839s :Skim_Adjust 2173
DEBUG [IRImager.cpp:1172] @ 62.4204s :Automatic control of shutter flag
DEBUG [OpFlag.cpp:591] @ 62.9s :SkimDiff: -7 Adjust: -1392 State: 1 EMax: 10294 Emin: 2012
DEBUG [ImageProcessing.cpp:526] @ 62.9113s :Skim_Adjust 2172
DEBUG [IRImager.cpp:1172] @ 77.4923s :Automatic control of shutter flag
DEBUG [OpFlag.cpp:591] @ 77.9721s :SkimDiff: -7 Adjust: -1341 State: 1 EMax: 10356 Emin: 2063
DEBUG [ImageProcessing.cpp:526] @ 77.9833s :Skim_Adjust 2171
DEBUG [IRImager.cpp:1172] @ 92.5643s :Automatic control of shutter flag
DEBUG [OpFlag.cpp:591] @ 93.0442s :SkimDiff: -7 Adjust: -1282 State: 1 EMax: 10462 Emin: 2122
DEBUG [ImageProcessing.cpp:526] @ 93.0558s :Skim_Adjust 2170
DEBUG [IRImager.cpp:1172] @ 107.637s :Automatic control of shutter flag
DEBUG [OpFlag.cpp:591] @ 108.116s :SkimDiff: -7 Adjust: -1224 State: 1 EMax: 10561 Emin: 2180
DEBUG [ImageProcessing.cpp:526] @ 108.127s :Skim_Adjust 2169
DEBUG [IRImager.cpp:1172] @ 122.708s :Automatic control of shutter flag
DEBUG [OpFlag.cpp:591] @ 123.188s :SkimDiff: -6 Adjust: -1154 State: 1 EMax: 10637 Emin: 2250
DEBUG [ImageProcessing.cpp:526] @ 123.2s :Skim_Adjust 2168
DEBUG [IRImager.cpp:1172] @ 137.78s :Automatic control of shutter flag
DEBUG [OpFlag.cpp:591] @ 138.26s :SkimDiff: -6 Adjust: -1091 State: 1 EMax: 10740 Emin: 2313
DEBUG [ImageProcessing.cpp:526] @ 138.271s :Skim_Adjust 2167
DEBUG [IRImager.cpp:1172] @ 152.852s :Automatic control of shutter flag
DEBUG [OpFlag.cpp:591] @ 153.332s :SkimDiff: -6 Adjust: -1022 State: 1 EMax: 10825 Emin: 2382
DEBUG [ImageProcessing.cpp:526] @ 153.343s :Skim_Adjust 2166
DEBUG [IRImager.cpp:1172] @ 167.925s :Automatic control of shutter flag
DEBUG [OpFlag.cpp:591] @ 168.404s :SkimDiff: -5 Adjust: -955 State: 1 EMax: 10933 Emin: 2449
DEBUG [ImageProcessing.cpp:526] @ 168.416s :Skim_Adjust 2165
DEBUG [IRImager.cpp:1172] @ 182.996s :Automatic control of shutter flag
DEBUG [OpFlag.cpp:591] @ 183.477s :SkimDiff: -5 Adjust: -880 State: 1 EMax: 11009 Emin: 2524
DEBUG [ImageProcessing.cpp:526] @ 183.489s :Skim_Adjust 2164
DEBUG [IRImager.cpp:1172] @ 198.068s :Automatic control of shutter flag
DEBUG [OpFlag.cpp:591] @ 198.548s :SkimDiff: -5 Adjust: -809 State: 1 EMax: 11115 Emin: 2595
DEBUG [ImageProcessing.cpp:526] @ 198.56s :Skim_Adjust 2163
DEBUG [IRImager.cpp:662] @ 205.926s :Release imager
DEBUG [BaseControlDevice.cpp:26] @ 205.966s :Base destructor called
DEBUG [IRImager.cpp:669] @ 205.966s :Delete image processing
DEBUG [IRImager.cpp:676] @ 205.981s :Delete buffer
DEBUG [IRImager.cpp:684] @ 205.981s :Delete source buffer
DEBUG [IRImager.cpp:691] @ 205.981s :Delete buffer (energy)
DEBUG [IRImager.cpp:698] @ 205.982s :Delete timer
DEBUG [IRImager.cpp:704] @ 205.982s :Delete manual timer
