DEBUG [IRLogger.cpp:105] @ 0.0002354s :***************************************************
DEBUG [IRLogger.cpp:106] @ 0.0003022s :* IRImagerDirect SDK                              *
DEBUG [IRLogger.cpp:107] @ 0.0003183s :***************************************************
DEBUG [IRLogger.cpp:113] @ 0.0003306s :* Native Machine:      AMD64
DEBUG [IRLogger.cpp:114] @ 0.000342s :* Machine:             AMD64
DEBUG [IRLogger.cpp:116] @ 0.0003638s :* OS:                  Windows 10 0 26100
DEBUG [IRLogger.cpp:123] @ 0.000373s :***************************************************
DEBUG [IRDeviceParams.cpp:204] @ 0.0007687s :Parameters
DEBUG [IRDeviceParams.cpp:205] @ 0.0007799s :serial: 0
DEBUG [IRDeviceParams.cpp:206] @ 0.0007859s :videoformatindex: 0
DEBUG [IRDeviceParams.cpp:207] @ 0.0007926s :fov: 0
DEBUG [IRDeviceParams.cpp:208] @ 0.0007986s :optics_text: 0000000000000000
DEBUG [IRDeviceParams.cpp:209] @ 0.0008047s :formatspath: 000001DEE69764C0
DEBUG [IRDeviceParams.cpp:210] @ 0.0008105s :calipath: 0000000000000000
DEBUG [IRDeviceParams.cpp:211] @ 0.0008163s :temperature min: 0
DEBUG [IRDeviceParams.cpp:212] @ 0.0008218s :temperature max: 0
DEBUG [IRDeviceParams.cpp:213] @ 0.0008296s :framerate: 32
DEBUG [IRDeviceParams.cpp:214] @ 0.0008352s :bispectral: 0
DEBUG [IRDeviceParams.cpp:215] @ 0.0008405s :flag automatic: 1
DEBUG [IRDeviceParams.cpp:216] @ 0.0008464s :min interval: 15
DEBUG [IRDeviceParams.cpp:217] @ 0.000852s :max interval: 0
DEBUG [IRDeviceParams.cpp:218] @ 0.0008574s :chip heating mode: 0
DEBUG [IRDeviceParams.cpp:219] @ 0.0008637s :chip heating fixed val: 40
DEBUG [IRDeviceParams.cpp:220] @ 0.0008701s :focus:  -1
DEBUG [IRDeviceParams.cpp:221] @ 0.0008756s :enable extended temp range: 0
DEBUG [IRDeviceParams.cpp:222] @ 0.0008815s :buffer queue size: 5
DEBUG [IRDeviceParams.cpp:223] @ 0.0008872s :enable high precision: 0
DEBUG [IRDeviceParams.cpp:224] @ 0.0008933s :radialDistortionCorrectionMode: 0
DEBUG [IRDeviceParams.cpp:225] @ 0.000899s :deviceAPI: 0
DEBUG [IRDeviceParams.cpp:226] @ 0.0009076s :useExternalProbeForReferencing: 0
DEBUG [IRDeviceParams.cpp:227] @ 0.0009131s :enableMultiThreading: 0
DEBUG [IRDeviceParams.cpp:232] @ 0.000919s :ethernetDevice.deviceIpAddress: 0.0.0.0
DEBUG [IRDeviceParams.cpp:233] @ 0.0009245s :ethernetDevice.localUdpPort: 0
DEBUG [IRDeviceParams.cpp:234] @ 0.0009299s :ethernetDevice.checkUdpSenderIp: 1
DEBUG [Cali.cpp:89] @ 0.333896s :Calibration directory path: C:\Users\lucas\AppData\Roaming\Imager\Cali
DEBUG [Cali.cpp:90] @ 0.333921s :Calibration file name: Cali-24024181.xml
DEBUG [Cali.cpp:100] @ 0.334209s :Calibration data A: 1450 B:400 C:4095 D:1000
INFO [IRImager.cpp:266] @ 0.337077s :Init thermal imager to 24024181 with size: 382x290@27 Hz
DEBUG [Cali.cpp:89] @ 0.33731s :Calibration directory path: C:\Users\lucas\AppData\Roaming\Imager\Cali
DEBUG [Cali.cpp:90] @ 0.337319s :Calibration file name: Cali-24024181.xml
DEBUG [Cali.cpp:100] @ 0.337501s :Calibration data A: 1450 B:400 C:4095 D:1000
DEBUG [Cali.cpp:89] @ 0.340318s :Calibration directory path: C:\Users\lucas\AppData\Roaming\Imager\Cali
DEBUG [Cali.cpp:90] @ 0.340335s :Calibration file name: Cali-24024181.xml
DEBUG [Cali.cpp:100] @ 0.340515s :Calibration data A: 1450 B:400 C:4095 D:1000
DEBUG [IRImager.cpp:300] @ 0.340568s :No temperature range configuration specified. Setting default values tMin: -20 , tMax: 100
DEBUG [IRImager.cpp:374] @ 0.340835s :Using HID control interface
DEBUG [IRImager.cpp:414] @ 0.51092s :Initialized HID control interface to device with HW:3401 FW:3447
DEBUG [IRImager.cpp:435] @ 0.510973s :Frameconfig - width(in): 382, height(in): 290, interval: 370370, max framerate: 27, HW interval: 0.037037
DEBUG [Cali.cpp:89] @ 0.51099s :Calibration directory path: C:\Users\lucas\AppData\Roaming\Imager\Cali
DEBUG [Cali.cpp:90] @ 0.510997s :Calibration file name: Cali-24024181.xml
DEBUG [Cali.cpp:100] @ 0.511352s :Calibration data A: 1450 B:400 C:4095 D:1000
DEBUG [ImageProcessing.cpp:200] @ 0.515879s :Source buffer size: 221560 Width: 382 Height: 290
DEBUG [ImageProcessing.cpp:121] @ 0.56064s :Source buffer size: 221560 Width: 382 Height: 290
DEBUG [OpSource.cpp:347] @ 0.563087s :Using formats path: .\Formats.def
DEBUG [OpSource.cpp:598] @ 0.56353s :Format found with size: 382
DEBUG [IRImager.cpp:841] @ 0.56404s :Caught onFrameInit with size: 382x288
DEBUG [OpSource.cpp:347] @ 0.565477s :Using formats path: .\Formats.def
DEBUG [OpSource.cpp:598] @ 0.565732s :Format found with size: 382
DEBUG [OpSource.cpp:347] @ 0.565823s :Using formats path: .\Formats.def
DEBUG [OpCorr.cpp:467] @ 0.568522s :Read cali: C:\Users\lucas\AppData\Roaming\Imager\Cali\Cali-24024181-18-M20-100.dat
DEBUG [OpCorr.cpp:557] @ 0.56862s :Read calibration of camera no 24024181, # of fields: 6 , start of fields: 40
DEBUG [ImageProcessing.cpp:1108] @ 0.870759s :Update flag temperature: 32.1875
DEBUG [ImageProcessing.cpp:1111] @ 0.872862s :Update box temperature: 31.375
DEBUG [Cali.cpp:641] @ 0.872899s :Calibration file path: 000001DEE75CA914/000000219D1ECB70.xml
DEBUG [SimpleXML.cpp:238] @ 0.873055s :Failed to open file C:\Users\lucas\AppData\Roaming\Imager\Cali\CaliExt-24024181.xml
DEBUG [IRImager.cpp:547] @ 0.884374s :Chip heating disabled
DEBUG [IRImager.cpp:1363] @ 0.918958s :Set focusmotor position to 50%
DEBUG [IRImager.cpp:1107] @ 1.00716s :Start flag calibration
DEBUG [IRImager.cpp:662] @ 7.84809s :Release imager
DEBUG [BaseControlDevice.cpp:26] @ 7.89069s :Base destructor called
DEBUG [IRImager.cpp:669] @ 7.89073s :Delete image processing
DEBUG [IRImager.cpp:676] @ 7.90654s :Delete buffer
DEBUG [IRImager.cpp:684] @ 7.90657s :Delete source buffer
DEBUG [IRImager.cpp:691] @ 7.90658s :Delete buffer (energy)
DEBUG [IRImager.cpp:698] @ 7.90661s :Delete timer
DEBUG [IRImager.cpp:704] @ 7.90661s :Delete manual timer
