DEBUG [IRLogger.cpp:105] @ 0.0002156s :***************************************************
DEBUG [IRLogger.cpp:106] @ 0.0002825s :* IRImagerDirect SDK                              *
DEBUG [IRLogger.cpp:107] @ 0.0002985s :***************************************************
DEBUG [IRLogger.cpp:113] @ 0.0003109s :* Native Machine:      AMD64
DEBUG [IRLogger.cpp:114] @ 0.0003223s :* Machine:             AMD64
DEBUG [IRLogger.cpp:116] @ 0.000344s :* OS:                  Windows 10 0 26100
DEBUG [IRLogger.cpp:123] @ 0.000354s :***************************************************
DEBUG [IRDeviceParams.cpp:204] @ 0.0008221s :Parameters
DEBUG [IRDeviceParams.cpp:205] @ 0.0008351s :serial: 0
DEBUG [IRDeviceParams.cpp:206] @ 0.0008414s :videoformatindex: 0
DEBUG [IRDeviceParams.cpp:207] @ 0.0008475s :fov: 0
DEBUG [IRDeviceParams.cpp:208] @ 0.0008538s :optics_text: 0000000000000000
DEBUG [IRDeviceParams.cpp:209] @ 0.0008598s :formatspath: 0000021348E3A270
DEBUG [IRDeviceParams.cpp:210] @ 0.0008657s :calipath: 0000000000000000
DEBUG [IRDeviceParams.cpp:211] @ 0.0008714s :temperature min: 0
DEBUG [IRDeviceParams.cpp:212] @ 0.000877s :temperature max: 0
DEBUG [IRDeviceParams.cpp:213] @ 0.0008847s :framerate: 32
DEBUG [IRDeviceParams.cpp:214] @ 0.0008906s :bispectral: 0
DEBUG [IRDeviceParams.cpp:215] @ 0.0008961s :flag automatic: 1
DEBUG [IRDeviceParams.cpp:216] @ 0.0009022s :min interval: 15
DEBUG [IRDeviceParams.cpp:217] @ 0.000908s :max interval: 0
DEBUG [IRDeviceParams.cpp:218] @ 0.0009137s :chip heating mode: 0
DEBUG [IRDeviceParams.cpp:219] @ 0.0009199s :chip heating fixed val: 40
DEBUG [IRDeviceParams.cpp:220] @ 0.0009264s :focus:  -1
DEBUG [IRDeviceParams.cpp:221] @ 0.000932s :enable extended temp range: 0
DEBUG [IRDeviceParams.cpp:222] @ 0.0009415s :buffer queue size: 5
DEBUG [IRDeviceParams.cpp:223] @ 0.000947s :enable high precision: 0
DEBUG [IRDeviceParams.cpp:224] @ 0.0009526s :radialDistortionCorrectionMode: 0
DEBUG [IRDeviceParams.cpp:225] @ 0.0009581s :deviceAPI: 0
DEBUG [IRDeviceParams.cpp:226] @ 0.0009634s :useExternalProbeForReferencing: 0
DEBUG [IRDeviceParams.cpp:227] @ 0.000969s :enableMultiThreading: 0
DEBUG [IRDeviceParams.cpp:232] @ 0.0009768s :ethernetDevice.deviceIpAddress: 0.0.0.0
DEBUG [IRDeviceParams.cpp:233] @ 0.0009821s :ethernetDevice.localUdpPort: 0
DEBUG [IRDeviceParams.cpp:234] @ 0.0009874s :ethernetDevice.checkUdpSenderIp: 1
DEBUG [Cali.cpp:89] @ 0.329157s :Calibration directory path: C:\Users\lucas\AppData\Roaming\Imager\Cali
DEBUG [Cali.cpp:90] @ 0.329187s :Calibration file name: Cali-24024181.xml
DEBUG [Cali.cpp:100] @ 0.32942s :Calibration data A: 1450 B:400 C:4095 D:1000
INFO [IRImager.cpp:266] @ 0.332106s :Init thermal imager to 24024181 with size: 382x290@27 Hz
DEBUG [Cali.cpp:89] @ 0.332321s :Calibration directory path: C:\Users\lucas\AppData\Roaming\Imager\Cali
DEBUG [Cali.cpp:90] @ 0.33233s :Calibration file name: Cali-24024181.xml
DEBUG [Cali.cpp:100] @ 0.332539s :Calibration data A: 1450 B:400 C:4095 D:1000
DEBUG [Cali.cpp:89] @ 0.335137s :Calibration directory path: C:\Users\lucas\AppData\Roaming\Imager\Cali
DEBUG [Cali.cpp:90] @ 0.335153s :Calibration file name: Cali-24024181.xml
DEBUG [Cali.cpp:100] @ 0.335331s :Calibration data A: 1450 B:400 C:4095 D:1000
DEBUG [IRImager.cpp:300] @ 0.335394s :No temperature range configuration specified. Setting default values tMin: -20 , tMax: 100
DEBUG [IRImager.cpp:374] @ 0.335654s :Using HID control interface
DEBUG [IRImager.cpp:414] @ 0.510733s :Initialized HID control interface to device with HW:3401 FW:3447
DEBUG [IRImager.cpp:435] @ 0.510848s :Frameconfig - width(in): 382, height(in): 290, interval: 370370, max framerate: 27, HW interval: 0.037037
DEBUG [Cali.cpp:89] @ 0.510896s :Calibration directory path: C:\Users\lucas\AppData\Roaming\Imager\Cali
DEBUG [Cali.cpp:90] @ 0.510917s :Calibration file name: Cali-24024181.xml
DEBUG [Cali.cpp:100] @ 0.511828s :Calibration data A: 1450 B:400 C:4095 D:1000
DEBUG [ImageProcessing.cpp:200] @ 0.516456s :Source buffer size: 221560 Width: 382 Height: 290
DEBUG [ImageProcessing.cpp:121] @ 0.571569s :Source buffer size: 221560 Width: 382 Height: 290
DEBUG [OpSource.cpp:347] @ 0.574784s :Using formats path: .\Formats.def
DEBUG [OpSource.cpp:598] @ 0.57524s :Format found with size: 382
DEBUG [IRImager.cpp:841] @ 0.575763s :Caught onFrameInit with size: 382x288
DEBUG [OpSource.cpp:347] @ 0.577421s :Using formats path: .\Formats.def
DEBUG [OpSource.cpp:598] @ 0.577725s :Format found with size: 382
DEBUG [OpSource.cpp:347] @ 0.577828s :Using formats path: .\Formats.def
DEBUG [OpCorr.cpp:467] @ 0.5806s :Read cali: C:\Users\lucas\AppData\Roaming\Imager\Cali\Cali-24024181-18-M20-100.dat
DEBUG [OpCorr.cpp:557] @ 0.580734s :Read calibration of camera no 24024181, # of fields: 6 , start of fields: 40
DEBUG [ImageProcessing.cpp:1108] @ 0.879118s :Update flag temperature: 32.1875
DEBUG [ImageProcessing.cpp:1111] @ 0.881049s :Update box temperature: 31.4375
DEBUG [Cali.cpp:641] @ 0.881087s :Calibration file path: 0000021349975B04/000000AB415ED2C0.xml
DEBUG [SimpleXML.cpp:238] @ 0.881248s :Failed to open file C:\Users\lucas\AppData\Roaming\Imager\Cali\CaliExt-24024181.xml
DEBUG [IRImager.cpp:547] @ 0.8979s :Chip heating disabled
DEBUG [IRImager.cpp:1363] @ 0.92581s :Set focusmotor position to 50%
DEBUG [IRImager.cpp:1107] @ 1.02535s :Start flag calibration
DEBUG [IRImager.cpp:662] @ 10.6259s :Release imager
DEBUG [BaseControlDevice.cpp:26] @ 10.6679s :Base destructor called
DEBUG [IRImager.cpp:669] @ 10.668s :Delete image processing
DEBUG [IRImager.cpp:676] @ 10.6825s :Delete buffer
DEBUG [IRImager.cpp:684] @ 10.6826s :Delete source buffer
DEBUG [IRImager.cpp:691] @ 10.6826s :Delete buffer (energy)
DEBUG [IRImager.cpp:698] @ 10.6827s :Delete timer
DEBUG [IRImager.cpp:704] @ 10.6827s :Delete manual timer
