DEBUG [IRLogger.cpp:105] @ 0.0001753s :***************************************************
DEBUG [IRLogger.cpp:106] @ 0.0002593s :* IRImagerDirect SDK                              *
DEBUG [IRLogger.cpp:107] @ 0.0002832s :***************************************************
DEBUG [IRLogger.cpp:113] @ 0.0002958s :* Native Machine:      AMD64
DEBUG [IRLogger.cpp:114] @ 0.0003069s :* Machine:             AMD64
DEBUG [IRLogger.cpp:116] @ 0.0003242s :* OS:                  Windows 10 0 26100
DEBUG [IRLogger.cpp:123] @ 0.0003336s :***************************************************
DEBUG [IRDeviceParams.cpp:204] @ 0.0033117s :Parameters
DEBUG [IRDeviceParams.cpp:205] @ 0.0033247s :serial: 0
DEBUG [IRDeviceParams.cpp:206] @ 0.003331s :videoformatindex: 0
DEBUG [IRDeviceParams.cpp:207] @ 0.003337s :fov: 0
DEBUG [IRDeviceParams.cpp:208] @ 0.0033431s :optics_text: 0000000000000000
DEBUG [IRDeviceParams.cpp:209] @ 0.0033492s :formatspath: 000001A0902BDAC0
DEBUG [IRDeviceParams.cpp:210] @ 0.0033551s :calipath: 0000000000000000
DEBUG [IRDeviceParams.cpp:211] @ 0.0033605s :temperature min: 0
DEBUG [IRDeviceParams.cpp:212] @ 0.003366s :temperature max: 0
DEBUG [IRDeviceParams.cpp:213] @ 0.0033736s :framerate: 32
DEBUG [IRDeviceParams.cpp:214] @ 0.0033794s :bispectral: 0
DEBUG [IRDeviceParams.cpp:215] @ 0.0033848s :flag automatic: 1
DEBUG [IRDeviceParams.cpp:216] @ 0.0033909s :min interval: 15
DEBUG [IRDeviceParams.cpp:217] @ 0.0034022s :max interval: 0
DEBUG [IRDeviceParams.cpp:218] @ 0.0034336s :chip heating mode: 0
DEBUG [IRDeviceParams.cpp:219] @ 0.0034406s :chip heating fixed val: 40
DEBUG [IRDeviceParams.cpp:220] @ 0.0034471s :focus:  -1
DEBUG [IRDeviceParams.cpp:221] @ 0.0034527s :enable extended temp range: 0
DEBUG [IRDeviceParams.cpp:222] @ 0.0034635s :buffer queue size: 5
DEBUG [IRDeviceParams.cpp:223] @ 0.0034716s :enable high precision: 0
DEBUG [IRDeviceParams.cpp:224] @ 0.0034776s :radialDistortionCorrectionMode: 0
DEBUG [IRDeviceParams.cpp:225] @ 0.0034866s :deviceAPI: 0
DEBUG [IRDeviceParams.cpp:226] @ 0.0034937s :useExternalProbeForReferencing: 0
DEBUG [IRDeviceParams.cpp:227] @ 0.0036237s :enableMultiThreading: 0
DEBUG [IRDeviceParams.cpp:232] @ 0.0036412s :ethernetDevice.deviceIpAddress: 0.0.0.0
DEBUG [IRDeviceParams.cpp:233] @ 0.0036484s :ethernetDevice.localUdpPort: 0
DEBUG [IRDeviceParams.cpp:234] @ 0.0036544s :ethernetDevice.checkUdpSenderIp: 1
DEBUG [Cali.cpp:89] @ 0.31294s :Calibration directory path: C:\Users\lucas\AppData\Roaming\Imager\Cali
DEBUG [Cali.cpp:90] @ 0.312966s :Calibration file name: Cali-25014006.xml
DEBUG [Cali.cpp:100] @ 0.313208s :Calibration data A: 1450 B:400 C:4095 D:1000
INFO [IRImager.cpp:266] @ 0.315743s :Init thermal imager to 25014006 with size: 382x290@27 Hz
DEBUG [Cali.cpp:89] @ 0.315962s :Calibration directory path: C:\Users\lucas\AppData\Roaming\Imager\Cali
DEBUG [Cali.cpp:90] @ 0.315971s :Calibration file name: Cali-25014006.xml
DEBUG [Cali.cpp:100] @ 0.31616s :Calibration data A: 1450 B:400 C:4095 D:1000
DEBUG [Cali.cpp:89] @ 0.318523s :Calibration directory path: C:\Users\lucas\AppData\Roaming\Imager\Cali
DEBUG [Cali.cpp:90] @ 0.318539s :Calibration file name: Cali-25014006.xml
DEBUG [Cali.cpp:100] @ 0.318747s :Calibration data A: 1450 B:400 C:4095 D:1000
DEBUG [IRImager.cpp:300] @ 0.318803s :No temperature range configuration specified. Setting default values tMin: -20 , tMax: 100
DEBUG [IRImager.cpp:374] @ 0.319053s :Using HID control interface
DEBUG [IRImager.cpp:414] @ 0.490173s :Initialized HID control interface to device with HW:3401 FW:3448
DEBUG [IRImager.cpp:435] @ 0.490234s :Frameconfig - width(in): 382, height(in): 290, interval: 370370, max framerate: 27, HW interval: 0.037037
DEBUG [Cali.cpp:89] @ 0.490256s :Calibration directory path: C:\Users\lucas\AppData\Roaming\Imager\Cali
DEBUG [Cali.cpp:90] @ 0.490267s :Calibration file name: Cali-25014006.xml
DEBUG [Cali.cpp:100] @ 0.490776s :Calibration data A: 1450 B:400 C:4095 D:1000
DEBUG [ImageProcessing.cpp:200] @ 0.495578s :Source buffer size: 221560 Width: 382 Height: 290
DEBUG [ImageProcessing.cpp:121] @ 0.543053s :Source buffer size: 221560 Width: 382 Height: 290
DEBUG [OpSource.cpp:347] @ 0.543985s :Using formats path: .\Formats.def
DEBUG [OpSource.cpp:598] @ 0.544268s :Format found with size: 382
DEBUG [IRImager.cpp:841] @ 0.544551s :Caught onFrameInit with size: 382x288
DEBUG [OpSource.cpp:347] @ 0.545283s :Using formats path: .\Formats.def
DEBUG [OpSource.cpp:598] @ 0.54545s :Format found with size: 382
DEBUG [OpSource.cpp:347] @ 0.545499s :Using formats path: .\Formats.def
DEBUG [OpCorr.cpp:467] @ 0.547896s :Read cali: C:\Users\lucas\AppData\Roaming\Imager\Cali\Cali-25014006-29-M20-100.dat
DEBUG [OpCorr.cpp:557] @ 0.547938s :Read calibration of camera no 25014006, # of fields: 6 , start of fields: 40
DEBUG [ImageProcessing.cpp:1108] @ 0.838871s :Update flag temperature: 32.0625
DEBUG [ImageProcessing.cpp:1111] @ 0.841003s :Update box temperature: 30.5625
DEBUG [Cali.cpp:641] @ 0.84108s :Calibration file path: 000001A090AACB14/0000008BC2BECDB0.xml
DEBUG [SimpleXML.cpp:238] @ 0.841337s :Failed to open file C:\Users\lucas\AppData\Roaming\Imager\Cali\CaliExt-25014006.xml
DEBUG [IRImager.cpp:547] @ 0.86688s :Chip heating disabled
DEBUG [IRImager.cpp:1363] @ 0.890559s :Set focusmotor position to 80%
DEBUG [IRImager.cpp:1107] @ 0.989932s :Start flag calibration
DEBUG [OpFlag.cpp:591] @ 11.9485s :SkimDiff: -26 Adjust: -5038 State: 1 EMax: 7923 Emin: -1634
DEBUG [ImageProcessing.cpp:526] @ 11.9595s :Skim_Adjust 2181
DEBUG [IRImager.cpp:1121] @ 12.3978s :Finished startup calibration
DEBUG [IRImager.cpp:662] @ 26.3195s :Release imager
DEBUG [BaseControlDevice.cpp:26] @ 26.3584s :Base destructor called
DEBUG [IRImager.cpp:669] @ 26.3584s :Delete image processing
DEBUG [IRImager.cpp:676] @ 26.3736s :Delete buffer
DEBUG [IRImager.cpp:684] @ 26.3737s :Delete source buffer
DEBUG [IRImager.cpp:691] @ 26.3737s :Delete buffer (energy)
DEBUG [IRImager.cpp:698] @ 26.3737s :Delete timer
DEBUG [IRImager.cpp:704] @ 26.3738s :Delete manual timer
