DEBUG [IRLogger.cpp:105] @ 0.0001987s :***************************************************
DEBUG [IRLogger.cpp:106] @ 0.0002515s :* IRImagerDirect SDK                              *
DEBUG [IRLogger.cpp:107] @ 0.0002661s :***************************************************
DEBUG [IRLogger.cpp:113] @ 0.0002782s :* Native Machine:      AMD64
DEBUG [IRLogger.cpp:114] @ 0.0002886s :* Machine:             AMD64
DEBUG [IRLogger.cpp:116] @ 0.0003058s :* OS:                  Windows 10 0 26100
DEBUG [IRLogger.cpp:123] @ 0.0003154s :***************************************************
DEBUG [IRDeviceParams.cpp:204] @ 0.0032671s :Parameters
DEBUG [IRDeviceParams.cpp:205] @ 0.0032817s :serial: 0
DEBUG [IRDeviceParams.cpp:206] @ 0.0032881s :videoformatindex: 0
DEBUG [IRDeviceParams.cpp:207] @ 0.0032942s :fov: 0
DEBUG [IRDeviceParams.cpp:208] @ 0.0033005s :optics_text: 0000000000000000
DEBUG [IRDeviceParams.cpp:209] @ 0.0033066s :formatspath: 000001DF42B1EFA0
DEBUG [IRDeviceParams.cpp:210] @ 0.003313s :calipath: 0000000000000000
DEBUG [IRDeviceParams.cpp:211] @ 0.0033188s :temperature min: 0
DEBUG [IRDeviceParams.cpp:212] @ 0.0033246s :temperature max: 0
DEBUG [IRDeviceParams.cpp:213] @ 0.0033354s :framerate: 32
DEBUG [IRDeviceParams.cpp:214] @ 0.0033411s :bispectral: 0
DEBUG [IRDeviceParams.cpp:215] @ 0.0033466s :flag automatic: 1
DEBUG [IRDeviceParams.cpp:216] @ 0.0033524s :min interval: 15
DEBUG [IRDeviceParams.cpp:217] @ 0.0033579s :max interval: 0
DEBUG [IRDeviceParams.cpp:218] @ 0.0033631s :chip heating mode: 0
DEBUG [IRDeviceParams.cpp:219] @ 0.0033736s :chip heating fixed val: 40
DEBUG [IRDeviceParams.cpp:220] @ 0.0033798s :focus:  -1
DEBUG [IRDeviceParams.cpp:221] @ 0.0033852s :enable extended temp range: 0
DEBUG [IRDeviceParams.cpp:222] @ 0.0033907s :buffer queue size: 5
DEBUG [IRDeviceParams.cpp:223] @ 0.0033962s :enable high precision: 0
DEBUG [IRDeviceParams.cpp:224] @ 0.0034018s :radialDistortionCorrectionMode: 0
DEBUG [IRDeviceParams.cpp:225] @ 0.0034074s :deviceAPI: 0
DEBUG [IRDeviceParams.cpp:226] @ 0.0034129s :useExternalProbeForReferencing: 0
DEBUG [IRDeviceParams.cpp:227] @ 0.0034183s :enableMultiThreading: 0
DEBUG [IRDeviceParams.cpp:232] @ 0.0034242s :ethernetDevice.deviceIpAddress: 0.0.0.0
DEBUG [IRDeviceParams.cpp:233] @ 0.0034296s :ethernetDevice.localUdpPort: 0
DEBUG [IRDeviceParams.cpp:234] @ 0.003435s :ethernetDevice.checkUdpSenderIp: 1
DEBUG [Cali.cpp:89] @ 0.351957s :Calibration directory path: C:\Users\lucas\AppData\Roaming\Imager\Cali
DEBUG [Cali.cpp:90] @ 0.351983s :Calibration file name: Cali-24024181.xml
DEBUG [Cali.cpp:100] @ 0.352209s :Calibration data A: 1450 B:400 C:4095 D:1000
INFO [IRImager.cpp:266] @ 0.354732s :Init thermal imager to 24024181 with size: 382x290@27 Hz
DEBUG [Cali.cpp:89] @ 0.354927s :Calibration directory path: C:\Users\lucas\AppData\Roaming\Imager\Cali
DEBUG [Cali.cpp:90] @ 0.354936s :Calibration file name: Cali-24024181.xml
DEBUG [Cali.cpp:100] @ 0.355112s :Calibration data A: 1450 B:400 C:4095 D:1000
DEBUG [Cali.cpp:89] @ 0.357273s :Calibration directory path: C:\Users\lucas\AppData\Roaming\Imager\Cali
DEBUG [Cali.cpp:90] @ 0.357286s :Calibration file name: Cali-24024181.xml
DEBUG [Cali.cpp:100] @ 0.35745s :Calibration data A: 1450 B:400 C:4095 D:1000
DEBUG [IRImager.cpp:300] @ 0.357511s :No temperature range configuration specified. Setting default values tMin: -20 , tMax: 100
DEBUG [IRImager.cpp:374] @ 0.35773s :Using HID control interface
DEBUG [IRImager.cpp:414] @ 0.529579s :Initialized HID control interface to device with HW:3401 FW:3447
DEBUG [IRImager.cpp:435] @ 0.529666s :Frameconfig - width(in): 382, height(in): 290, interval: 370370, max framerate: 27, HW interval: 0.037037
DEBUG [Cali.cpp:89] @ 0.5297s :Calibration directory path: C:\Users\lucas\AppData\Roaming\Imager\Cali
DEBUG [Cali.cpp:90] @ 0.529718s :Calibration file name: Cali-24024181.xml
DEBUG [Cali.cpp:100] @ 0.530435s :Calibration data A: 1450 B:400 C:4095 D:1000
DEBUG [ImageProcessing.cpp:200] @ 0.535137s :Source buffer size: 221560 Width: 382 Height: 290
DEBUG [ImageProcessing.cpp:121] @ 0.592756s :Source buffer size: 221560 Width: 382 Height: 290
DEBUG [OpSource.cpp:347] @ 0.594859s :Using formats path: .\Formats.def
DEBUG [OpSource.cpp:598] @ 0.595284s :Format found with size: 382
DEBUG [IRImager.cpp:841] @ 0.595768s :Caught onFrameInit with size: 382x288
DEBUG [OpSource.cpp:347] @ 0.597739s :Using formats path: .\Formats.def
DEBUG [OpSource.cpp:598] @ 0.598064s :Format found with size: 382
DEBUG [OpSource.cpp:347] @ 0.598194s :Using formats path: .\Formats.def
DEBUG [OpCorr.cpp:467] @ 0.601194s :Read cali: C:\Users\lucas\AppData\Roaming\Imager\Cali\Cali-24024181-18-M20-100.dat
DEBUG [OpCorr.cpp:557] @ 0.601325s :Read calibration of camera no 24024181, # of fields: 6 , start of fields: 40
DEBUG [ImageProcessing.cpp:1108] @ 0.90613s :Update flag temperature: 32.625
DEBUG [ImageProcessing.cpp:1111] @ 0.908111s :Update box temperature: 31.8125
DEBUG [Cali.cpp:641] @ 0.908157s :Calibration file path: 000001DF42ABEE64/000000A2D39ECCB0.xml
DEBUG [SimpleXML.cpp:238] @ 0.908371s :Failed to open file C:\Users\lucas\AppData\Roaming\Imager\Cali\CaliExt-24024181.xml
DEBUG [IRImager.cpp:547] @ 0.930956s :Chip heating disabled
DEBUG [IRImager.cpp:1363] @ 0.965174s :Set focusmotor position to 50%
DEBUG [IRImager.cpp:1107] @ 1.07959s :Start flag calibration
DEBUG [OpFlag.cpp:591] @ 12.0062s :SkimDiff: -29 Adjust: -5791 State: 1 EMax: 5705 Emin: -2387
DEBUG [ImageProcessing.cpp:526] @ 12.0192s :Skim_Adjust 2213
DEBUG [IRImager.cpp:1121] @ 12.4876s :Finished startup calibration
DEBUG [IRImager.cpp:1172] @ 26.5989s :Automatic control of shutter flag
DEBUG [OpFlag.cpp:591] @ 27.0781s :SkimDiff: -28 Adjust: -5456 State: 3 EMax: 8480 Emin: -2356
DEBUG [ImageProcessing.cpp:526] @ 27.0903s :Skim_Adjust 2185
DEBUG [IRImager.cpp:662] @ 48.3592s :Release imager
DEBUG [BaseControlDevice.cpp:26] @ 48.3987s :Base destructor called
DEBUG [IRImager.cpp:669] @ 48.3987s :Delete image processing
DEBUG [IRImager.cpp:676] @ 48.4141s :Delete buffer
DEBUG [IRImager.cpp:684] @ 48.4141s :Delete source buffer
DEBUG [IRImager.cpp:691] @ 48.4141s :Delete buffer (energy)
DEBUG [IRImager.cpp:698] @ 48.4141s :Delete timer
DEBUG [IRImager.cpp:704] @ 48.4142s :Delete manual timer
