DEBUG [IRLogger.cpp:105] @ 0.0002097s :***************************************************
DEBUG [IRLogger.cpp:106] @ 0.0003185s :* IRImagerDirect SDK                              *
DEBUG [IRLogger.cpp:107] @ 0.0003611s :***************************************************
DEBUG [IRLogger.cpp:113] @ 0.0003758s :* Native Machine:      AMD64
DEBUG [IRLogger.cpp:114] @ 0.0003872s :* Machine:             AMD64
DEBUG [IRLogger.cpp:116] @ 0.0004063s :* OS:                  Windows 10 0 26100
DEBUG [IRLogger.cpp:123] @ 0.0004197s :***************************************************
DEBUG [IRDeviceParams.cpp:204] @ 0.0034109s :Parameters
DEBUG [IRDeviceParams.cpp:205] @ 0.0034323s :serial: 0
DEBUG [IRDeviceParams.cpp:206] @ 0.00344s :videoformatindex: 0
DEBUG [IRDeviceParams.cpp:207] @ 0.0034803s :fov: 0
DEBUG [IRDeviceParams.cpp:208] @ 0.0034916s :optics_text: 0000000000000000
DEBUG [IRDeviceParams.cpp:209] @ 0.0034993s :formatspath: 000002885CA38B20
DEBUG [IRDeviceParams.cpp:210] @ 0.0035058s :calipath: 0000000000000000
DEBUG [IRDeviceParams.cpp:211] @ 0.0035119s :temperature min: 0
DEBUG [IRDeviceParams.cpp:212] @ 0.003518s :temperature max: 0
DEBUG [IRDeviceParams.cpp:213] @ 0.0035295s :framerate: 32
DEBUG [IRDeviceParams.cpp:214] @ 0.003549s :bispectral: 0
DEBUG [IRDeviceParams.cpp:215] @ 0.0035794s :flag automatic: 1
DEBUG [IRDeviceParams.cpp:216] @ 0.0036129s :min interval: 15
DEBUG [IRDeviceParams.cpp:217] @ 0.0036585s :max interval: 0
DEBUG [IRDeviceParams.cpp:218] @ 0.0036687s :chip heating mode: 0
DEBUG [IRDeviceParams.cpp:219] @ 0.0036764s :chip heating fixed val: 40
DEBUG [IRDeviceParams.cpp:220] @ 0.0037048s :focus:  -1
DEBUG [IRDeviceParams.cpp:221] @ 0.003731s :enable extended temp range: 0
DEBUG [IRDeviceParams.cpp:222] @ 0.0037442s :buffer queue size: 5
DEBUG [IRDeviceParams.cpp:223] @ 0.0037518s :enable high precision: 0
DEBUG [IRDeviceParams.cpp:224] @ 0.0037581s :radialDistortionCorrectionMode: 0
DEBUG [IRDeviceParams.cpp:225] @ 0.0037644s :deviceAPI: 0
DEBUG [IRDeviceParams.cpp:226] @ 0.0037703s :useExternalProbeForReferencing: 0
DEBUG [IRDeviceParams.cpp:227] @ 0.003776s :enableMultiThreading: 0
DEBUG [IRDeviceParams.cpp:232] @ 0.0037825s :ethernetDevice.deviceIpAddress: 0.0.0.0
DEBUG [IRDeviceParams.cpp:233] @ 0.0037883s :ethernetDevice.localUdpPort: 0
DEBUG [IRDeviceParams.cpp:234] @ 0.003794s :ethernetDevice.checkUdpSenderIp: 1
DEBUG [Cali.cpp:89] @ 0.301728s :Calibration directory path: C:\Users\lucas\AppData\Roaming\Imager\Cali
DEBUG [Cali.cpp:90] @ 0.301753s :Calibration file name: Cali-25014006.xml
DEBUG [Cali.cpp:100] @ 0.301965s :Calibration data A: 1450 B:400 C:4095 D:1000
INFO [IRImager.cpp:266] @ 0.304476s :Init thermal imager to 25014006 with size: 382x290@27 Hz
DEBUG [Cali.cpp:89] @ 0.304671s :Calibration directory path: C:\Users\lucas\AppData\Roaming\Imager\Cali
DEBUG [Cali.cpp:90] @ 0.30468s :Calibration file name: Cali-25014006.xml
DEBUG [Cali.cpp:100] @ 0.304868s :Calibration data A: 1450 B:400 C:4095 D:1000
DEBUG [Cali.cpp:89] @ 0.306899s :Calibration directory path: C:\Users\lucas\AppData\Roaming\Imager\Cali
DEBUG [Cali.cpp:90] @ 0.306911s :Calibration file name: Cali-25014006.xml
DEBUG [Cali.cpp:100] @ 0.307095s :Calibration data A: 1450 B:400 C:4095 D:1000
DEBUG [IRImager.cpp:300] @ 0.307145s :No temperature range configuration specified. Setting default values tMin: -20 , tMax: 100
DEBUG [IRImager.cpp:374] @ 0.307374s :Using HID control interface
DEBUG [IRImager.cpp:414] @ 0.474713s :Initialized HID control interface to device with HW:3401 FW:3448
DEBUG [IRImager.cpp:435] @ 0.474776s :Frameconfig - width(in): 382, height(in): 290, interval: 370370, max framerate: 27, HW interval: 0.037037
DEBUG [Cali.cpp:89] @ 0.474798s :Calibration directory path: C:\Users\lucas\AppData\Roaming\Imager\Cali
DEBUG [Cali.cpp:90] @ 0.474811s :Calibration file name: Cali-25014006.xml
DEBUG [Cali.cpp:100] @ 0.475363s :Calibration data A: 1450 B:400 C:4095 D:1000
DEBUG [ImageProcessing.cpp:200] @ 0.479859s :Source buffer size: 221560 Width: 382 Height: 290
DEBUG [ImageProcessing.cpp:121] @ 0.531829s :Source buffer size: 221560 Width: 382 Height: 290
DEBUG [OpSource.cpp:347] @ 0.536213s :Using formats path: .\Formats.def
DEBUG [OpSource.cpp:598] @ 0.536625s :Format found with size: 382
DEBUG [IRImager.cpp:841] @ 0.537027s :Caught onFrameInit with size: 382x288
DEBUG [OpSource.cpp:347] @ 0.538089s :Using formats path: .\Formats.def
DEBUG [OpSource.cpp:598] @ 0.538253s :Format found with size: 382
DEBUG [OpSource.cpp:347] @ 0.538308s :Using formats path: .\Formats.def
DEBUG [OpCorr.cpp:467] @ 0.540887s :Read cali: C:\Users\lucas\AppData\Roaming\Imager\Cali\Cali-25014006-29-M20-100.dat
DEBUG [OpCorr.cpp:557] @ 0.540986s :Read calibration of camera no 25014006, # of fields: 6 , start of fields: 40
DEBUG [ImageProcessing.cpp:1108] @ 0.827279s :Update flag temperature: 31.875
DEBUG [ImageProcessing.cpp:1111] @ 0.829458s :Update box temperature: 30.375
DEBUG [Cali.cpp:641] @ 0.829483s :Calibration file path: 000002885D458D94/000000E7A79ECE70.xml
DEBUG [SimpleXML.cpp:238] @ 0.829593s :Failed to open file C:\Users\lucas\AppData\Roaming\Imager\Cali\CaliExt-25014006.xml
DEBUG [IRImager.cpp:547] @ 0.840448s :Chip heating disabled
DEBUG [IRImager.cpp:1363] @ 0.861573s :Set focusmotor position to 80%
DEBUG [IRImager.cpp:1107] @ 0.959617s :Start flag calibration
DEBUG [OpFlag.cpp:591] @ 11.8922s :SkimDiff: -26 Adjust: -5009 State: 1 EMax: 7906 Emin: -1605
DEBUG [ImageProcessing.cpp:526] @ 11.9048s :Skim_Adjust 2181
DEBUG [IRImager.cpp:1121] @ 12.3667s :Finished startup calibration
DEBUG [IRImager.cpp:662] @ 21.2807s :Release imager
DEBUG [BaseControlDevice.cpp:26] @ 21.3174s :Base destructor called
DEBUG [IRImager.cpp:669] @ 21.3174s :Delete image processing
DEBUG [IRImager.cpp:676] @ 21.3334s :Delete buffer
DEBUG [IRImager.cpp:684] @ 21.3334s :Delete source buffer
DEBUG [IRImager.cpp:691] @ 21.3334s :Delete buffer (energy)
DEBUG [IRImager.cpp:698] @ 21.3335s :Delete timer
DEBUG [IRImager.cpp:704] @ 21.3335s :Delete manual timer
