DEBUG [IRLogger.cpp:105] @ 0.0002103s :***************************************************
DEBUG [IRLogger.cpp:106] @ 0.0003823s :* IRImagerDirect SDK                              *
DEBUG [IRLogger.cpp:107] @ 0.0004114s :***************************************************
DEBUG [IRLogger.cpp:113] @ 0.0004252s :* Native Machine:      AMD64
DEBUG [IRLogger.cpp:114] @ 0.0004779s :* Machine:             AMD64
DEBUG [IRLogger.cpp:116] @ 0.0005113s :* OS:                  Windows 10 0 26100
DEBUG [IRLogger.cpp:123] @ 0.0005235s :***************************************************
DEBUG [IRDeviceParams.cpp:204] @ 0.0037119s :Parameters
DEBUG [IRDeviceParams.cpp:205] @ 0.0037378s :serial: 0
DEBUG [IRDeviceParams.cpp:206] @ 0.0037444s :videoformatindex: 0
DEBUG [IRDeviceParams.cpp:207] @ 0.0037509s :fov: 0
DEBUG [IRDeviceParams.cpp:208] @ 0.0037572s :optics_text: 0000000000000000
DEBUG [IRDeviceParams.cpp:209] @ 0.0037634s :formatspath: 0000011E4F55CC00
DEBUG [IRDeviceParams.cpp:210] @ 0.0037695s :calipath: 0000000000000000
DEBUG [IRDeviceParams.cpp:211] @ 0.0037753s :temperature min: 0
DEBUG [IRDeviceParams.cpp:212] @ 0.0037809s :temperature max: 0
DEBUG [IRDeviceParams.cpp:213] @ 0.0037887s :framerate: 32
DEBUG [IRDeviceParams.cpp:214] @ 0.0037947s :bispectral: 0
DEBUG [IRDeviceParams.cpp:215] @ 0.0038003s :flag automatic: 1
DEBUG [IRDeviceParams.cpp:216] @ 0.0038064s :min interval: 15
DEBUG [IRDeviceParams.cpp:217] @ 0.0038122s :max interval: 0
DEBUG [IRDeviceParams.cpp:218] @ 0.0038178s :chip heating mode: 0
DEBUG [IRDeviceParams.cpp:219] @ 0.0038242s :chip heating fixed val: 40
DEBUG [IRDeviceParams.cpp:220] @ 0.0038308s :focus:  -1
DEBUG [IRDeviceParams.cpp:221] @ 0.0038393s :enable extended temp range: 0
DEBUG [IRDeviceParams.cpp:222] @ 0.0038451s :buffer queue size: 5
DEBUG [IRDeviceParams.cpp:223] @ 0.0038507s :enable high precision: 0
DEBUG [IRDeviceParams.cpp:224] @ 0.0038564s :radialDistortionCorrectionMode: 0
DEBUG [IRDeviceParams.cpp:225] @ 0.0038621s :deviceAPI: 0
DEBUG [IRDeviceParams.cpp:226] @ 0.0038675s :useExternalProbeForReferencing: 0
DEBUG [IRDeviceParams.cpp:227] @ 0.0038731s :enableMultiThreading: 0
DEBUG [IRDeviceParams.cpp:232] @ 0.0038792s :ethernetDevice.deviceIpAddress: 0.0.0.0
DEBUG [IRDeviceParams.cpp:233] @ 0.003885s :ethernetDevice.localUdpPort: 0
DEBUG [IRDeviceParams.cpp:234] @ 0.0038909s :ethernetDevice.checkUdpSenderIp: 1
DEBUG [Cali.cpp:89] @ 0.341337s :Calibration directory path: C:\Users\lucas\AppData\Roaming\Imager\Cali
DEBUG [Cali.cpp:90] @ 0.341369s :Calibration file name: Cali-24024181.xml
DEBUG [Cali.cpp:100] @ 0.34165s :Calibration data A: 1450 B:400 C:4095 D:1000
INFO [IRImager.cpp:266] @ 0.344579s :Init thermal imager to 24024181 with size: 382x290@27 Hz
DEBUG [Cali.cpp:89] @ 0.344792s :Calibration directory path: C:\Users\lucas\AppData\Roaming\Imager\Cali
DEBUG [Cali.cpp:90] @ 0.344811s :Calibration file name: Cali-24024181.xml
DEBUG [Cali.cpp:100] @ 0.345001s :Calibration data A: 1450 B:400 C:4095 D:1000
DEBUG [Cali.cpp:89] @ 0.347666s :Calibration directory path: C:\Users\lucas\AppData\Roaming\Imager\Cali
DEBUG [Cali.cpp:90] @ 0.347683s :Calibration file name: Cali-24024181.xml
DEBUG [Cali.cpp:100] @ 0.347862s :Calibration data A: 1450 B:400 C:4095 D:1000
DEBUG [IRImager.cpp:300] @ 0.347916s :No temperature range configuration specified. Setting default values tMin: -20 , tMax: 100
DEBUG [IRImager.cpp:374] @ 0.348153s :Using HID control interface
DEBUG [IRImager.cpp:414] @ 0.520172s :Initialized HID control interface to device with HW:3401 FW:3447
DEBUG [IRImager.cpp:435] @ 0.520264s :Frameconfig - width(in): 382, height(in): 290, interval: 370370, max framerate: 27, HW interval: 0.037037
DEBUG [Cali.cpp:89] @ 0.520303s :Calibration directory path: C:\Users\lucas\AppData\Roaming\Imager\Cali
DEBUG [Cali.cpp:90] @ 0.520322s :Calibration file name: Cali-24024181.xml
DEBUG [Cali.cpp:100] @ 0.521079s :Calibration data A: 1450 B:400 C:4095 D:1000
DEBUG [ImageProcessing.cpp:200] @ 0.525879s :Source buffer size: 221560 Width: 382 Height: 290
DEBUG [ImageProcessing.cpp:121] @ 0.57018s :Source buffer size: 221560 Width: 382 Height: 290
DEBUG [OpSource.cpp:347] @ 0.573375s :Using formats path: .\Formats.def
DEBUG [OpSource.cpp:598] @ 0.57395s :Format found with size: 382
DEBUG [IRImager.cpp:841] @ 0.574616s :Caught onFrameInit with size: 382x288
DEBUG [OpSource.cpp:347] @ 0.576487s :Using formats path: .\Formats.def
DEBUG [OpSource.cpp:598] @ 0.576788s :Format found with size: 382
DEBUG [OpSource.cpp:347] @ 0.576913s :Using formats path: .\Formats.def
DEBUG [OpCorr.cpp:467] @ 0.579773s :Read cali: C:\Users\lucas\AppData\Roaming\Imager\Cali\Cali-24024181-18-M20-100.dat
DEBUG [OpCorr.cpp:557] @ 0.579906s :Read calibration of camera no 24024181, # of fields: 6 , start of fields: 40
DEBUG [ImageProcessing.cpp:1108] @ 0.881917s :Update flag temperature: 32.4375
DEBUG [ImageProcessing.cpp:1111] @ 0.884158s :Update box temperature: 31.6875
DEBUG [Cali.cpp:641] @ 0.884222s :Calibration file path: 0000011E5022CD54/00000001DBFFCEB0.xml
DEBUG [SimpleXML.cpp:238] @ 0.884474s :Failed to open file C:\Users\lucas\AppData\Roaming\Imager\Cali\CaliExt-24024181.xml
DEBUG [IRImager.cpp:547] @ 0.907954s :Chip heating disabled
DEBUG [IRImager.cpp:1363] @ 0.937264s :Set focusmotor position to 50%
DEBUG [IRImager.cpp:1107] @ 1.02106s :Start flag calibration
DEBUG [OpFlag.cpp:591] @ 11.945s :SkimDiff: -29 Adjust: -5773 State: 1 EMax: 5694 Emin: -2369
DEBUG [ImageProcessing.cpp:526] @ 11.9566s :Skim_Adjust 2213
DEBUG [IRImager.cpp:1121] @ 12.4282s :Finished startup calibration
DEBUG [IRImager.cpp:1172] @ 26.5385s :Automatic control of shutter flag
DEBUG [OpFlag.cpp:591] @ 27.0178s :SkimDiff: -28 Adjust: -5458 State: 3 EMax: 8468 Emin: -2348
DEBUG [ImageProcessing.cpp:526] @ 27.0304s :Skim_Adjust 2185
DEBUG [IRImager.cpp:662] @ 43.0835s :Release imager
DEBUG [BaseControlDevice.cpp:26] @ 43.1161s :Base destructor called
DEBUG [IRImager.cpp:669] @ 43.1161s :Delete image processing
DEBUG [IRImager.cpp:676] @ 43.1313s :Delete buffer
DEBUG [IRImager.cpp:684] @ 43.1313s :Delete source buffer
DEBUG [IRImager.cpp:691] @ 43.1313s :Delete buffer (energy)
DEBUG [IRImager.cpp:698] @ 43.1313s :Delete timer
DEBUG [IRImager.cpp:704] @ 43.1313s :Delete manual timer
