DEBUG [IRLogger.cpp:105] @ 0.0003334s :***************************************************
DEBUG [IRLogger.cpp:106] @ 0.00039s :* IRImagerDirect SDK                              *
DEBUG [IRLogger.cpp:107] @ 0.0004045s :***************************************************
DEBUG [IRLogger.cpp:113] @ 0.0004178s :* Native Machine:      AMD64
DEBUG [IRLogger.cpp:114] @ 0.0004288s :* Machine:             AMD64
DEBUG [IRLogger.cpp:116] @ 0.0004511s :* OS:                  Windows 10 0 26100
DEBUG [IRLogger.cpp:123] @ 0.0004609s :***************************************************
DEBUG [IRDeviceParams.cpp:204] @ 0.0009727s :Parameters
DEBUG [IRDeviceParams.cpp:205] @ 0.0009882s :serial: 0
DEBUG [IRDeviceParams.cpp:206] @ 0.0009951s :videoformatindex: 0
DEBUG [IRDeviceParams.cpp:207] @ 0.0010018s :fov: 0
DEBUG [IRDeviceParams.cpp:208] @ 0.0010087s :optics_text: 0000000000000000
DEBUG [IRDeviceParams.cpp:209] @ 0.0010151s :formatspath: 0000022635D82D80
DEBUG [IRDeviceParams.cpp:210] @ 0.0010216s :calipath: 0000000000000000
DEBUG [IRDeviceParams.cpp:211] @ 0.0010275s :temperature min: 0
DEBUG [IRDeviceParams.cpp:212] @ 0.0010333s :temperature max: 0
DEBUG [IRDeviceParams.cpp:213] @ 0.0010443s :framerate: 32
DEBUG [IRDeviceParams.cpp:214] @ 0.0010506s :bispectral: 0
DEBUG [IRDeviceParams.cpp:215] @ 0.0010781s :flag automatic: 1
DEBUG [IRDeviceParams.cpp:216] @ 0.0010864s :min interval: 15
DEBUG [IRDeviceParams.cpp:217] @ 0.001093s :max interval: 0
DEBUG [IRDeviceParams.cpp:218] @ 0.0010991s :chip heating mode: 0
DEBUG [IRDeviceParams.cpp:219] @ 0.0011055s :chip heating fixed val: 40
DEBUG [IRDeviceParams.cpp:220] @ 0.0011124s :focus:  -1
DEBUG [IRDeviceParams.cpp:221] @ 0.0011183s :enable extended temp range: 0
DEBUG [IRDeviceParams.cpp:222] @ 0.0011243s :buffer queue size: 5
DEBUG [IRDeviceParams.cpp:223] @ 0.00113s :enable high precision: 0
DEBUG [IRDeviceParams.cpp:224] @ 0.0011364s :radialDistortionCorrectionMode: 0
DEBUG [IRDeviceParams.cpp:225] @ 0.0011428s :deviceAPI: 0
DEBUG [IRDeviceParams.cpp:226] @ 0.0011595s :useExternalProbeForReferencing: 0
DEBUG [IRDeviceParams.cpp:227] @ 0.0011813s :enableMultiThreading: 0
DEBUG [IRDeviceParams.cpp:232] @ 0.0011899s :ethernetDevice.deviceIpAddress: 0.0.0.0
DEBUG [IRDeviceParams.cpp:233] @ 0.001196s :ethernetDevice.localUdpPort: 0
DEBUG [IRDeviceParams.cpp:234] @ 0.0012018s :ethernetDevice.checkUdpSenderIp: 1
DEBUG [Cali.cpp:89] @ 0.306599s :Calibration directory path: C:\Users\lucas\AppData\Roaming\Imager\Cali
DEBUG [Cali.cpp:90] @ 0.306625s :Calibration file name: Cali-25014006.xml
DEBUG [Cali.cpp:100] @ 0.306843s :Calibration data A: 1450 B:400 C:4095 D:1000
INFO [IRImager.cpp:266] @ 0.309171s :Init thermal imager to 25014006 with size: 382x290@27 Hz
DEBUG [Cali.cpp:89] @ 0.309366s :Calibration directory path: C:\Users\lucas\AppData\Roaming\Imager\Cali
DEBUG [Cali.cpp:90] @ 0.309374s :Calibration file name: Cali-25014006.xml
DEBUG [Cali.cpp:100] @ 0.309573s :Calibration data A: 1450 B:400 C:4095 D:1000
DEBUG [Cali.cpp:89] @ 0.311679s :Calibration directory path: C:\Users\lucas\AppData\Roaming\Imager\Cali
DEBUG [Cali.cpp:90] @ 0.311693s :Calibration file name: Cali-25014006.xml
DEBUG [Cali.cpp:100] @ 0.311872s :Calibration data A: 1450 B:400 C:4095 D:1000
DEBUG [IRImager.cpp:300] @ 0.311919s :No temperature range configuration specified. Setting default values tMin: -20 , tMax: 100
DEBUG [IRImager.cpp:374] @ 0.312156s :Using HID control interface
DEBUG [IRImager.cpp:414] @ 0.48306s :Initialized HID control interface to device with HW:3401 FW:3448
DEBUG [IRImager.cpp:435] @ 0.483098s :Frameconfig - width(in): 382, height(in): 290, interval: 370370, max framerate: 27, HW interval: 0.037037
DEBUG [Cali.cpp:89] @ 0.48311s :Calibration directory path: C:\Users\lucas\AppData\Roaming\Imager\Cali
DEBUG [Cali.cpp:90] @ 0.483117s :Calibration file name: Cali-25014006.xml
DEBUG [Cali.cpp:100] @ 0.483411s :Calibration data A: 1450 B:400 C:4095 D:1000
DEBUG [ImageProcessing.cpp:200] @ 0.48799s :Source buffer size: 221560 Width: 382 Height: 290
DEBUG [ImageProcessing.cpp:121] @ 0.538987s :Source buffer size: 221560 Width: 382 Height: 290
DEBUG [OpSource.cpp:347] @ 0.539727s :Using formats path: .\Formats.def
DEBUG [OpSource.cpp:598] @ 0.539895s :Format found with size: 382
DEBUG [IRImager.cpp:841] @ 0.540108s :Caught onFrameInit with size: 382x288
DEBUG [OpSource.cpp:347] @ 0.540833s :Using formats path: .\Formats.def
DEBUG [OpSource.cpp:598] @ 0.540949s :Format found with size: 382
DEBUG [OpSource.cpp:347] @ 0.540991s :Using formats path: .\Formats.def
DEBUG [OpCorr.cpp:467] @ 0.543181s :Read cali: C:\Users\lucas\AppData\Roaming\Imager\Cali\Cali-25014006-29-M20-100.dat
DEBUG [OpCorr.cpp:557] @ 0.543215s :Read calibration of camera no 25014006, # of fields: 6 , start of fields: 40
DEBUG [ImageProcessing.cpp:1108] @ 0.837181s :Update flag temperature: 32.125
DEBUG [ImageProcessing.cpp:1111] @ 0.839223s :Update box temperature: 30.6875
DEBUG [Cali.cpp:641] @ 0.839293s :Calibration file path: 0000022636945D94/000000CB2A5ED0C0.xml
DEBUG [SimpleXML.cpp:238] @ 0.839547s :Failed to open file C:\Users\lucas\AppData\Roaming\Imager\Cali\CaliExt-25014006.xml
DEBUG [IRImager.cpp:547] @ 0.8633s :Chip heating disabled
DEBUG [IRImager.cpp:1363] @ 0.883437s :Set focusmotor position to 80%
DEBUG [IRImager.cpp:1107] @ 0.998815s :Start flag calibration
DEBUG [OpFlag.cpp:591] @ 11.9256s :SkimDiff: -26 Adjust: -5053 State: 1 EMax: 7942 Emin: -1649
DEBUG [ImageProcessing.cpp:526] @ 11.9377s :Skim_Adjust 2181
DEBUG [IRImager.cpp:1121] @ 12.4061s :Finished startup calibration
DEBUG [IRImager.cpp:1172] @ 26.519s :Automatic control of shutter flag
DEBUG [OpFlag.cpp:591] @ 26.9495s :SkimDiff: -14 Adjust: -2632 State: 1 EMax: 10376 Emin: 772
DEBUG [ImageProcessing.cpp:526] @ 26.9609s :Skim_Adjust 2167
DEBUG [IRImager.cpp:662] @ 199.384s :Release imager
DEBUG [BaseControlDevice.cpp:26] @ 199.431s :Base destructor called
DEBUG [IRImager.cpp:669] @ 199.431s :Delete image processing
DEBUG [IRImager.cpp:676] @ 199.446s :Delete buffer
DEBUG [IRImager.cpp:684] @ 199.446s :Delete source buffer
DEBUG [IRImager.cpp:691] @ 199.446s :Delete buffer (energy)
DEBUG [IRImager.cpp:698] @ 199.446s :Delete timer
DEBUG [IRImager.cpp:704] @ 199.446s :Delete manual timer
