DEBUG [IRLogger.cpp:105] @ 0.0001893s :***************************************************
DEBUG [IRLogger.cpp:106] @ 0.0002433s :* IRImagerDirect SDK                              *
DEBUG [IRLogger.cpp:107] @ 0.0002576s :***************************************************
DEBUG [IRLogger.cpp:113] @ 0.000269s :* Native Machine:      AMD64
DEBUG [IRLogger.cpp:114] @ 0.0002788s :* Machine:             AMD64
DEBUG [IRLogger.cpp:116] @ 0.0002954s :* OS:                  Windows 10 0 26100
DEBUG [IRLogger.cpp:123] @ 0.0003044s :***************************************************
DEBUG [IRDeviceParams.cpp:204] @ 0.009999s :Parameters
DEBUG [IRDeviceParams.cpp:205] @ 0.0100173s :serial: 0
DEBUG [IRDeviceParams.cpp:206] @ 0.0100236s :videoformatindex: 0
DEBUG [IRDeviceParams.cpp:207] @ 0.0100295s :fov: 0
DEBUG [IRDeviceParams.cpp:208] @ 0.0100352s :optics_text: 0000000000000000
DEBUG [IRDeviceParams.cpp:209] @ 0.010041s :formatspath: 000001FEA80077F0
DEBUG [IRDeviceParams.cpp:210] @ 0.0100465s :calipath: 0000000000000000
DEBUG [IRDeviceParams.cpp:211] @ 0.0100519s :temperature min: 0
DEBUG [IRDeviceParams.cpp:212] @ 0.0100572s :temperature max: 0
DEBUG [IRDeviceParams.cpp:213] @ 0.0100645s :framerate: 32
DEBUG [IRDeviceParams.cpp:214] @ 0.0100699s :bispectral: 0
DEBUG [IRDeviceParams.cpp:215] @ 0.010075s :flag automatic: 1
DEBUG [IRDeviceParams.cpp:216] @ 0.0100806s :min interval: 15
DEBUG [IRDeviceParams.cpp:217] @ 0.0100861s :max interval: 0
DEBUG [IRDeviceParams.cpp:218] @ 0.0100912s :chip heating mode: 0
DEBUG [IRDeviceParams.cpp:219] @ 0.010097s :chip heating fixed val: 40
DEBUG [IRDeviceParams.cpp:220] @ 0.0101028s :focus:  -1
DEBUG [IRDeviceParams.cpp:221] @ 0.010108s :enable extended temp range: 0
DEBUG [IRDeviceParams.cpp:222] @ 0.0101143s :buffer queue size: 5
DEBUG [IRDeviceParams.cpp:223] @ 0.0101201s :enable high precision: 0
DEBUG [IRDeviceParams.cpp:224] @ 0.0101259s :radialDistortionCorrectionMode: 0
DEBUG [IRDeviceParams.cpp:225] @ 0.0101315s :deviceAPI: 0
DEBUG [IRDeviceParams.cpp:226] @ 0.0101372s :useExternalProbeForReferencing: 0
DEBUG [IRDeviceParams.cpp:227] @ 0.010143s :enableMultiThreading: 0
DEBUG [IRDeviceParams.cpp:232] @ 0.0101493s :ethernetDevice.deviceIpAddress: 0.0.0.0
DEBUG [IRDeviceParams.cpp:233] @ 0.0101546s :ethernetDevice.localUdpPort: 0
DEBUG [IRDeviceParams.cpp:234] @ 0.0101597s :ethernetDevice.checkUdpSenderIp: 1
ERROR [IRDeviceDS.cpp:822] @ 0.0148193s :create video graph failed hr=0
ERROR [DirectBridgeClientUSB.cpp:165] @ 0.0191286s :Device with serial 0 could not be found
