DEBUG [IRLogger.cpp:105] @ 0.0002809s :***************************************************
DEBUG [IRLogger.cpp:106] @ 0.0003704s :* IRImagerDirect SDK                              *
DEBUG [IRLogger.cpp:107] @ 0.0004415s :***************************************************
DEBUG [IRLogger.cpp:113] @ 0.000482s :* Native Machine:      AMD64
DEBUG [IRLogger.cpp:114] @ 0.0005094s :* Machine:             AMD64
DEBUG [IRLogger.cpp:116] @ 0.0005429s :* OS:                  Windows 10 0 26100
DEBUG [IRLogger.cpp:123] @ 0.0005575s :***************************************************
DEBUG [IRDeviceParams.cpp:204] @ 0.0035708s :Parameters
DEBUG [IRDeviceParams.cpp:205] @ 0.0035844s :serial: 0
DEBUG [IRDeviceParams.cpp:206] @ 0.0035915s :videoformatindex: 0
DEBUG [IRDeviceParams.cpp:207] @ 0.0035981s :fov: 0
DEBUG [IRDeviceParams.cpp:208] @ 0.0036045s :optics_text: 0000000000000000
DEBUG [IRDeviceParams.cpp:209] @ 0.0036107s :formatspath: 000002344B8CDEE0
DEBUG [IRDeviceParams.cpp:210] @ 0.0036169s :calipath: 0000000000000000
DEBUG [IRDeviceParams.cpp:211] @ 0.0036227s :temperature min: 0
DEBUG [IRDeviceParams.cpp:212] @ 0.0036282s :temperature max: 0
DEBUG [IRDeviceParams.cpp:213] @ 0.0036413s :framerate: 32
DEBUG [IRDeviceParams.cpp:214] @ 0.0036698s :bispectral: 0
DEBUG [IRDeviceParams.cpp:215] @ 0.0036764s :flag automatic: 1
DEBUG [IRDeviceParams.cpp:216] @ 0.0036826s :min interval: 15
DEBUG [IRDeviceParams.cpp:217] @ 0.0036886s :max interval: 0
DEBUG [IRDeviceParams.cpp:218] @ 0.0036942s :chip heating mode: 0
DEBUG [IRDeviceParams.cpp:219] @ 0.0037037s :chip heating fixed val: 40
DEBUG [IRDeviceParams.cpp:220] @ 0.0037104s :focus:  -1
DEBUG [IRDeviceParams.cpp:221] @ 0.0037212s :enable extended temp range: 0
DEBUG [IRDeviceParams.cpp:222] @ 0.003742s :buffer queue size: 5
DEBUG [IRDeviceParams.cpp:223] @ 0.0037525s :enable high precision: 0
DEBUG [IRDeviceParams.cpp:224] @ 0.0037584s :radialDistortionCorrectionMode: 0
DEBUG [IRDeviceParams.cpp:225] @ 0.0037641s :deviceAPI: 0
DEBUG [IRDeviceParams.cpp:226] @ 0.0037699s :useExternalProbeForReferencing: 0
DEBUG [IRDeviceParams.cpp:227] @ 0.0037756s :enableMultiThreading: 0
DEBUG [IRDeviceParams.cpp:232] @ 0.0037956s :ethernetDevice.deviceIpAddress: 0.0.0.0
DEBUG [IRDeviceParams.cpp:233] @ 0.0038217s :ethernetDevice.localUdpPort: 0
DEBUG [IRDeviceParams.cpp:234] @ 0.0038288s :ethernetDevice.checkUdpSenderIp: 1
DEBUG [Cali.cpp:89] @ 0.317848s :Calibration directory path: C:\Users\lucas\AppData\Roaming\Imager\Cali
DEBUG [Cali.cpp:90] @ 0.31788s :Calibration file name: Cali-24024181.xml
DEBUG [Cali.cpp:100] @ 0.318094s :Calibration data A: 1450 B:400 C:4095 D:1000
INFO [IRImager.cpp:266] @ 0.320528s :Init thermal imager to 24024181 with size: 382x290@27 Hz
DEBUG [Cali.cpp:89] @ 0.320728s :Calibration directory path: C:\Users\lucas\AppData\Roaming\Imager\Cali
DEBUG [Cali.cpp:90] @ 0.320738s :Calibration file name: Cali-24024181.xml
DEBUG [Cali.cpp:100] @ 0.32092s :Calibration data A: 1450 B:400 C:4095 D:1000
DEBUG [Cali.cpp:89] @ 0.323115s :Calibration directory path: C:\Users\lucas\AppData\Roaming\Imager\Cali
DEBUG [Cali.cpp:90] @ 0.323128s :Calibration file name: Cali-24024181.xml
DEBUG [Cali.cpp:100] @ 0.323295s :Calibration data A: 1450 B:400 C:4095 D:1000
DEBUG [IRImager.cpp:300] @ 0.323341s :No temperature range configuration specified. Setting default values tMin: -20 , tMax: 100
DEBUG [IRImager.cpp:374] @ 0.32357s :Using HID control interface
DEBUG [IRImager.cpp:414] @ 0.490694s :Initialized HID control interface to device with HW:3401 FW:3447
DEBUG [IRImager.cpp:435] @ 0.490738s :Frameconfig - width(in): 382, height(in): 290, interval: 370370, max framerate: 27, HW interval: 0.037037
DEBUG [Cali.cpp:89] @ 0.490754s :Calibration directory path: C:\Users\lucas\AppData\Roaming\Imager\Cali
DEBUG [Cali.cpp:90] @ 0.490761s :Calibration file name: Cali-24024181.xml
DEBUG [Cali.cpp:100] @ 0.491109s :Calibration data A: 1450 B:400 C:4095 D:1000
DEBUG [ImageProcessing.cpp:200] @ 0.495508s :Source buffer size: 221560 Width: 382 Height: 290
DEBUG [ImageProcessing.cpp:121] @ 0.550251s :Source buffer size: 221560 Width: 382 Height: 290
DEBUG [OpSource.cpp:347] @ 0.550979s :Using formats path: .\Formats.def
DEBUG [OpSource.cpp:598] @ 0.551151s :Format found with size: 382
DEBUG [IRImager.cpp:841] @ 0.551402s :Caught onFrameInit with size: 382x288
DEBUG [OpSource.cpp:347] @ 0.55216s :Using formats path: .\Formats.def
DEBUG [OpSource.cpp:598] @ 0.5523s :Format found with size: 382
DEBUG [OpSource.cpp:347] @ 0.552356s :Using formats path: .\Formats.def
DEBUG [OpCorr.cpp:467] @ 0.554849s :Read cali: C:\Users\lucas\AppData\Roaming\Imager\Cali\Cali-24024181-18-M20-100.dat
DEBUG [OpCorr.cpp:557] @ 0.554896s :Read calibration of camera no 24024181, # of fields: 6 , start of fields: 40
DEBUG [ImageProcessing.cpp:1108] @ 0.847862s :Update flag temperature: 31.5625
DEBUG [ImageProcessing.cpp:1111] @ 0.85004s :Update box temperature: 30.75
DEBUG [Cali.cpp:641] @ 0.85015s :Calibration file path: 000002344C295C74/000000BBD15ECC80.xml
DEBUG [SimpleXML.cpp:238] @ 0.850261s :Failed to open file C:\Users\lucas\AppData\Roaming\Imager\Cali\CaliExt-24024181.xml
DEBUG [IRImager.cpp:547] @ 0.873925s :Chip heating disabled
DEBUG [IRImager.cpp:1363] @ 0.899368s :Set focusmotor position to 50%
DEBUG [IRImager.cpp:1107] @ 0.963556s :Start flag calibration
