DEBUG [IRLogger.cpp:105] @ 0.0002084s :***************************************************
DEBUG [IRLogger.cpp:106] @ 0.0002854s :* IRImagerDirect SDK                              *
DEBUG [IRLogger.cpp:107] @ 0.000327s :***************************************************
DEBUG [IRLogger.cpp:113] @ 0.0003413s :* Native Machine:      AMD64
DEBUG [IRLogger.cpp:114] @ 0.0003533s :* Machine:             AMD64
DEBUG [IRLogger.cpp:116] @ 0.0003739s :* OS:                  Windows 10 0 26100
DEBUG [IRLogger.cpp:123] @ 0.0003858s :***************************************************
DEBUG [IRDeviceParams.cpp:204] @ 0.0008013s :Parameters
DEBUG [IRDeviceParams.cpp:205] @ 0.0008128s :serial: 0
DEBUG [IRDeviceParams.cpp:206] @ 0.000825s :videoformatindex: 0
DEBUG [IRDeviceParams.cpp:207] @ 0.0008332s :fov: 0
DEBUG [IRDeviceParams.cpp:208] @ 0.000872s :optics_text: 0000000000000000
DEBUG [IRDeviceParams.cpp:209] @ 0.0008833s :formatspath: 00000262B3B86450
DEBUG [IRDeviceParams.cpp:210] @ 0.0008905s :calipath: 0000000000000000
DEBUG [IRDeviceParams.cpp:211] @ 0.0008968s :temperature min: 0
DEBUG [IRDeviceParams.cpp:212] @ 0.0009027s :temperature max: 0
DEBUG [IRDeviceParams.cpp:213] @ 0.0009138s :framerate: 32
DEBUG [IRDeviceParams.cpp:214] @ 0.0009253s :bispectral: 0
DEBUG [IRDeviceParams.cpp:215] @ 0.0009356s :flag automatic: 1
DEBUG [IRDeviceParams.cpp:216] @ 0.0010037s :min interval: 15
DEBUG [IRDeviceParams.cpp:217] @ 0.0010303s :max interval: 0
DEBUG [IRDeviceParams.cpp:218] @ 0.0010363s :chip heating mode: 0
DEBUG [IRDeviceParams.cpp:219] @ 0.0010426s :chip heating fixed val: 40
DEBUG [IRDeviceParams.cpp:220] @ 0.0010519s :focus:  -1
DEBUG [IRDeviceParams.cpp:221] @ 0.0010581s :enable extended temp range: 0
DEBUG [IRDeviceParams.cpp:222] @ 0.001075s :buffer queue size: 5
DEBUG [IRDeviceParams.cpp:223] @ 0.0011124s :enable high precision: 0
DEBUG [IRDeviceParams.cpp:224] @ 0.0011202s :radialDistortionCorrectionMode: 0
DEBUG [IRDeviceParams.cpp:225] @ 0.0011507s :deviceAPI: 0
DEBUG [IRDeviceParams.cpp:226] @ 0.0011574s :useExternalProbeForReferencing: 0
DEBUG [IRDeviceParams.cpp:227] @ 0.0011633s :enableMultiThreading: 0
DEBUG [IRDeviceParams.cpp:232] @ 0.0011716s :ethernetDevice.deviceIpAddress: 0.0.0.0
DEBUG [IRDeviceParams.cpp:233] @ 0.001178s :ethernetDevice.localUdpPort: 0
DEBUG [IRDeviceParams.cpp:234] @ 0.0011891s :ethernetDevice.checkUdpSenderIp: 1
DEBUG [Cali.cpp:89] @ 0.306096s :Calibration directory path: C:\Users\lucas\AppData\Roaming\Imager\Cali
DEBUG [Cali.cpp:90] @ 0.306122s :Calibration file name: Cali-24024181.xml
DEBUG [Cali.cpp:100] @ 0.306381s :Calibration data A: 1450 B:400 C:4095 D:1000
INFO [IRImager.cpp:266] @ 0.30957s :Init thermal imager to 24024181 with size: 382x290@27 Hz
DEBUG [Cali.cpp:89] @ 0.309781s :Calibration directory path: C:\Users\lucas\AppData\Roaming\Imager\Cali
DEBUG [Cali.cpp:90] @ 0.30979s :Calibration file name: Cali-24024181.xml
DEBUG [Cali.cpp:100] @ 0.309989s :Calibration data A: 1450 B:400 C:4095 D:1000
DEBUG [Cali.cpp:89] @ 0.312565s :Calibration directory path: C:\Users\lucas\AppData\Roaming\Imager\Cali
DEBUG [Cali.cpp:90] @ 0.312582s :Calibration file name: Cali-24024181.xml
DEBUG [Cali.cpp:100] @ 0.312822s :Calibration data A: 1450 B:400 C:4095 D:1000
DEBUG [IRImager.cpp:300] @ 0.312883s :No temperature range configuration specified. Setting default values tMin: -20 , tMax: 100
DEBUG [IRImager.cpp:374] @ 0.313127s :Using HID control interface
DEBUG [IRImager.cpp:414] @ 0.485963s :Initialized HID control interface to device with HW:3401 FW:3447
DEBUG [IRImager.cpp:435] @ 0.48601s :Frameconfig - width(in): 382, height(in): 290, interval: 370370, max framerate: 27, HW interval: 0.037037
DEBUG [Cali.cpp:89] @ 0.486023s :Calibration directory path: C:\Users\lucas\AppData\Roaming\Imager\Cali
DEBUG [Cali.cpp:90] @ 0.48603s :Calibration file name: Cali-24024181.xml
DEBUG [Cali.cpp:100] @ 0.48643s :Calibration data A: 1450 B:400 C:4095 D:1000
DEBUG [ImageProcessing.cpp:200] @ 0.491161s :Source buffer size: 221560 Width: 382 Height: 290
DEBUG [ImageProcessing.cpp:121] @ 0.542794s :Source buffer size: 221560 Width: 382 Height: 290
DEBUG [OpSource.cpp:347] @ 0.543582s :Using formats path: .\Formats.def
DEBUG [OpSource.cpp:598] @ 0.543756s :Format found with size: 382
DEBUG [IRImager.cpp:841] @ 0.543971s :Caught onFrameInit with size: 382x288
DEBUG [OpSource.cpp:347] @ 0.54466s :Using formats path: .\Formats.def
DEBUG [OpSource.cpp:598] @ 0.544785s :Format found with size: 382
DEBUG [OpSource.cpp:347] @ 0.544829s :Using formats path: .\Formats.def
DEBUG [OpCorr.cpp:467] @ 0.547501s :Read cali: C:\Users\lucas\AppData\Roaming\Imager\Cali\Cali-24024181-18-M20-100.dat
DEBUG [OpCorr.cpp:557] @ 0.547544s :Read calibration of camera no 24024181, # of fields: 6 , start of fields: 40
DEBUG [ImageProcessing.cpp:1108] @ 0.842214s :Update flag temperature: 31.5625
DEBUG [ImageProcessing.cpp:1111] @ 0.844706s :Update box temperature: 30.75
DEBUG [Cali.cpp:641] @ 0.844738s :Calibration file path: 00000262B3CA3144/000000CDCBDED0E0.xml
DEBUG [SimpleXML.cpp:238] @ 0.844867s :Failed to open file C:\Users\lucas\AppData\Roaming\Imager\Cali\CaliExt-24024181.xml
DEBUG [IRImager.cpp:547] @ 0.868093s :Chip heating disabled
DEBUG [IRImager.cpp:1363] @ 0.887407s :Set focusmotor position to 50%
DEBUG [IRImager.cpp:1107] @ 0.972265s :Start flag calibration
DEBUG [IRImager.cpp:662] @ 7.08269s :Release imager
DEBUG [BaseControlDevice.cpp:26] @ 7.11539s :Base destructor called
DEBUG [IRImager.cpp:669] @ 7.11542s :Delete image processing
DEBUG [IRImager.cpp:676] @ 7.13052s :Delete buffer
DEBUG [IRImager.cpp:684] @ 7.13056s :Delete source buffer
DEBUG [IRImager.cpp:691] @ 7.13057s :Delete buffer (energy)
DEBUG [IRImager.cpp:698] @ 7.13061s :Delete timer
DEBUG [IRImager.cpp:704] @ 7.13062s :Delete manual timer
