DEBUG [IRLogger.cpp:105] @ 0.0002092s :***************************************************
DEBUG [IRLogger.cpp:106] @ 0.0002653s :* IRImagerDirect SDK                              *
DEBUG [IRLogger.cpp:107] @ 0.0002792s :***************************************************
DEBUG [IRLogger.cpp:113] @ 0.0003142s :* Native Machine:      AMD64
DEBUG [IRLogger.cpp:114] @ 0.0003561s :* Machine:             AMD64
DEBUG [IRLogger.cpp:116] @ 0.0003761s :* OS:                  Windows 10 0 26100
DEBUG [IRLogger.cpp:123] @ 0.000386s :***************************************************
DEBUG [IRDeviceParams.cpp:204] @ 0.0007538s :Parameters
DEBUG [IRDeviceParams.cpp:205] @ 0.0007646s :serial: 0
DEBUG [IRDeviceParams.cpp:206] @ 0.0007704s :videoformatindex: 0
DEBUG [IRDeviceParams.cpp:207] @ 0.0007763s :fov: 0
DEBUG [IRDeviceParams.cpp:208] @ 0.0007822s :optics_text: 0000000000000000
DEBUG [IRDeviceParams.cpp:209] @ 0.000788s :formatspath: 0000012BA7D93D20
DEBUG [IRDeviceParams.cpp:210] @ 0.0007936s :calipath: 0000000000000000
DEBUG [IRDeviceParams.cpp:211] @ 0.000799s :temperature min: 0
DEBUG [IRDeviceParams.cpp:212] @ 0.0008043s :temperature max: 0
DEBUG [IRDeviceParams.cpp:213] @ 0.0008117s :framerate: 32
DEBUG [IRDeviceParams.cpp:214] @ 0.0008172s :bispectral: 0
DEBUG [IRDeviceParams.cpp:215] @ 0.0008224s :flag automatic: 1
DEBUG [IRDeviceParams.cpp:216] @ 0.0008282s :min interval: 15
DEBUG [IRDeviceParams.cpp:217] @ 0.0008338s :max interval: 0
DEBUG [IRDeviceParams.cpp:218] @ 0.0008391s :chip heating mode: 0
DEBUG [IRDeviceParams.cpp:219] @ 0.0008449s :chip heating fixed val: 40
DEBUG [IRDeviceParams.cpp:220] @ 0.0008511s :focus:  -1
DEBUG [IRDeviceParams.cpp:221] @ 0.0008565s :enable extended temp range: 0
DEBUG [IRDeviceParams.cpp:222] @ 0.000862s :buffer queue size: 5
DEBUG [IRDeviceParams.cpp:223] @ 0.0008674s :enable high precision: 0
DEBUG [IRDeviceParams.cpp:224] @ 0.0008729s :radialDistortionCorrectionMode: 0
DEBUG [IRDeviceParams.cpp:225] @ 0.0008788s :deviceAPI: 0
DEBUG [IRDeviceParams.cpp:226] @ 0.0008842s :useExternalProbeForReferencing: 0
DEBUG [IRDeviceParams.cpp:227] @ 0.0008895s :enableMultiThreading: 0
DEBUG [IRDeviceParams.cpp:232] @ 0.0008955s :ethernetDevice.deviceIpAddress: 0.0.0.0
DEBUG [IRDeviceParams.cpp:233] @ 0.0009009s :ethernetDevice.localUdpPort: 0
DEBUG [IRDeviceParams.cpp:234] @ 0.0009063s :ethernetDevice.checkUdpSenderIp: 1
DEBUG [Cali.cpp:89] @ 0.330344s :Calibration directory path: C:\Users\lucas\AppData\Roaming\Imager\Cali
DEBUG [Cali.cpp:90] @ 0.330369s :Calibration file name: Cali-24024181.xml
DEBUG [Cali.cpp:100] @ 0.330599s :Calibration data A: 1450 B:400 C:4095 D:1000
INFO [IRImager.cpp:266] @ 0.332938s :Init thermal imager to 24024181 with size: 382x290@27 Hz
DEBUG [Cali.cpp:89] @ 0.333128s :Calibration directory path: C:\Users\lucas\AppData\Roaming\Imager\Cali
DEBUG [Cali.cpp:90] @ 0.333136s :Calibration file name: Cali-24024181.xml
DEBUG [Cali.cpp:100] @ 0.333312s :Calibration data A: 1450 B:400 C:4095 D:1000
DEBUG [Cali.cpp:89] @ 0.335733s :Calibration directory path: C:\Users\lucas\AppData\Roaming\Imager\Cali
DEBUG [Cali.cpp:90] @ 0.33575s :Calibration file name: Cali-24024181.xml
DEBUG [Cali.cpp:100] @ 0.335935s :Calibration data A: 1450 B:400 C:4095 D:1000
DEBUG [IRImager.cpp:300] @ 0.335986s :No temperature range configuration specified. Setting default values tMin: -20 , tMax: 100
DEBUG [IRImager.cpp:374] @ 0.336216s :Using HID control interface
DEBUG [IRImager.cpp:414] @ 0.520534s :Initialized HID control interface to device with HW:3401 FW:3447
DEBUG [IRImager.cpp:435] @ 0.520621s :Frameconfig - width(in): 382, height(in): 290, interval: 370370, max framerate: 27, HW interval: 0.037037
DEBUG [Cali.cpp:89] @ 0.520635s :Calibration directory path: C:\Users\lucas\AppData\Roaming\Imager\Cali
DEBUG [Cali.cpp:90] @ 0.520641s :Calibration file name: Cali-24024181.xml
DEBUG [Cali.cpp:100] @ 0.520959s :Calibration data A: 1450 B:400 C:4095 D:1000
DEBUG [ImageProcessing.cpp:200] @ 0.525312s :Source buffer size: 221560 Width: 382 Height: 290
DEBUG [ImageProcessing.cpp:121] @ 0.577308s :Source buffer size: 221560 Width: 382 Height: 290
DEBUG [OpSource.cpp:347] @ 0.579865s :Using formats path: .\Formats.def
DEBUG [OpSource.cpp:598] @ 0.580343s :Format found with size: 382
DEBUG [IRImager.cpp:841] @ 0.580878s :Caught onFrameInit with size: 382x288
DEBUG [OpSource.cpp:347] @ 0.582472s :Using formats path: .\Formats.def
DEBUG [OpSource.cpp:598] @ 0.582801s :Format found with size: 382
DEBUG [OpSource.cpp:347] @ 0.582914s :Using formats path: .\Formats.def
DEBUG [OpCorr.cpp:467] @ 0.585706s :Read cali: C:\Users\lucas\AppData\Roaming\Imager\Cali\Cali-24024181-18-M20-100.dat
DEBUG [OpCorr.cpp:557] @ 0.585824s :Read calibration of camera no 24024181, # of fields: 6 , start of fields: 40
DEBUG [ImageProcessing.cpp:1108] @ 0.887438s :Update flag temperature: 32.4375
DEBUG [ImageProcessing.cpp:1111] @ 0.889533s :Update box temperature: 31.6875
DEBUG [Cali.cpp:641] @ 0.88961s :Calibration file path: 0000012BA8896634/000000261DBECBB0.xml
DEBUG [SimpleXML.cpp:238] @ 0.889744s :Failed to open file C:\Users\lucas\AppData\Roaming\Imager\Cali\CaliExt-24024181.xml
DEBUG [IRImager.cpp:547] @ 0.902243s :Chip heating disabled
DEBUG [IRImager.cpp:1363] @ 0.932646s :Set focusmotor position to 50%
DEBUG [IRImager.cpp:1107] @ 0.999869s :Start flag calibration
DEBUG [OpFlag.cpp:591] @ 11.9575s :SkimDiff: -29 Adjust: -5785 State: 1 EMax: 5690 Emin: -2381
DEBUG [ImageProcessing.cpp:526] @ 11.9699s :Skim_Adjust 2213
DEBUG [IRImager.cpp:1121] @ 12.4069s :Finished startup calibration
DEBUG [IRImager.cpp:1172] @ 26.5503s :Automatic control of shutter flag
DEBUG [OpFlag.cpp:591] @ 27.0294s :SkimDiff: -28 Adjust: -5458 State: 3 EMax: 8468 Emin: -2347
DEBUG [ImageProcessing.cpp:526] @ 27.0422s :Skim_Adjust 2185
